xval_initial/9/_spam_/00938.cdac5333fc78f7128fd8f2905fe4b89b	BAYES_99	BUG6152_INVALID_DATE_TZ_ABSURD	DATE_IN_PAST_06_12	EXCUSE_4	FORGED_OUTLOOK_HTML	HTML_FONT_SIZE_HUGE	HTML_MESSAGE	INVALID_DATE_TZ_ABSURD	MIME_HTML_ONLY	MSGID_OUTLOOK_INVALID	RATWARE_MS_HASH	RDNS_NONE	SPF_HELO_FAIL	T_FILL_THIS_FORM_SHORT
xval_initial/9/_spam_/0040.256602e2cb5a5b373bdd1fb631d9f452	ADVANCE_FEE_2	BAYES_99	DEAR_FRIEND	FH_FROM_CASH	FIN_FREE	HTML_MESSAGE	MIME_HTML_ONLY	RCVD_IN_NJABL_SPAM	SPF_HELO_SOFTFAIL	T_FILL_THIS_FORM_SHORT	T_LOTS_OF_MONEY
xval_initial/9/_spam_/00707.c863801ca5be49e90ee68ab449ba5a84	BAYES_99	BUG6152_INVALID_DATE_TZ_ABSURD	DATE_IN_FUTURE_12_24	FREEMAIL_FROM	FREEMAIL_REPLYTO_END_DIGIT	HTML_FONT_SIZE_LARGE	HTML_IMAGE_ONLY_32	HTML_MESSAGE	INVALID_DATE_TZ_ABSURD	MIME_HTML_ONLY	MIME_QP_LONG_LINE	MSGID_OUTLOOK_INVALID	RATWARE_MS_HASH	RATWARE_OUTLOOK_NONAME
xval_initial/9/_spam_/00082.92b519133440f8e9e972978e7b82e25e	BAYES_99	FREEMAIL_ENVFROM_END_DIGIT	FREEMAIL_FROM	FREEMAIL_REPLY	MSGID_FROM_MTA_HEADER	SPF_SOFTFAIL	T_FILL_THIS_FORM_SHORT
xval_initial/9/_spam_/00195.0a543c2780491168160570bb6708af86	BAYES_99	FORGED_OUTLOOK_HTML	FORGED_OUTLOOK_TAGS	FREEMAIL_ENVFROM_END_DIGIT	FREEMAIL_FROM	FREEMAIL_REPLYTO	HTML_MESSAGE	MIME_HTML_ONLY	MISSING_MIMEOLE	MSGID_OUTLOOK_INVALID	NO_RDNS_DOTCOM_HELO	RATWARE_MS_HASH	RCVD_FAKE_HELO_DOTCOM	SPF_FAIL
xval_initial/9/_spam_/0239.43b3279a300a122610f91725bb92a538	BAYES_99	FORGED_YAHOO_RCVD	FREEMAIL_FROM	NORMAL_HTTP_TO_IP	RCVD_IN_NJABL_SPAM	TO_MALFORMED
xval_initial/9/_spam_/00399.cd1239166aa4d43f7c3127c3b48b3f18	BAYES_99	HTML_IMAGE_RATIO_06	HTML_MESSAGE	NORMAL_HTTP_TO_IP	NO_DNS_FOR_FROM	T_FILL_THIS_FORM_SHORT	T_LOTS_OF_MONEY	US_DOLLARS_3
xval_initial/9/_spam_/00912.8432b3cd988d1ee656321730ce7ca056	BAYES_99	DATE_IN_PAST_03_06	MISSING_MIMEOLE	ONE_TIME	T_LOTS_OF_MONEY
xval_initial/9/_spam_/01383.a4e83a74006864de20f76d0193908a56	BAYES_50	HTML_IMAGE_RATIO_06	HTML_MESSAGE	MIME_BASE64_BLANKS	MIME_BASE64_TEXT	MIME_HTML_ONLY	SPF_NEUTRAL
xval_initial/9/_spam_/01079.9eb95fd88f3d9d551f8c64359470ae7e	BAYES_99	BUG6152_INVALID_DATE_TZ_ABSURD	DATE_IN_FUTURE_06_12	FREEMAIL_FROM	HTML_FONT_FACE_BAD	HTML_FONT_SIZE_LARGE	HTML_IMAGE_ONLY_24	HTML_MESSAGE	INVALID_DATE_TZ_ABSURD	MIME_HTML_ONLY	MSGID_OUTLOOK_INVALID	NO_DNS_FOR_FROM	RATWARE_MS_HASH	RATWARE_OUTLOOK_NONAME	RDNS_NONE
xval_initial/9/_spam_/00221.775c9348b935d966a9afec954f1e9c27	BAYES_99	EXTRA_MPART_TYPE	FREEMAIL_FROM	HTML_IMAGE_ONLY_12	HTML_MESSAGE	HTML_MIME_NO_HTML_TAG	HTML_SHORT_LINK_IMG_2	MIME_HTML_ONLY	MIME_HTML_ONLY_MULTI	MISSING_MIMEOLE	MPART_ALT_DIFF	RDNS_NONE	TVD_SPACE_RATIO
xval_initial/9/_spam_/00051.fd20658f0e586d1f27f9396401f4981c	BAYES_99	FORGED_MUA_IMS	MISSING_MIMEOLE	MSGID_OUTLOOK_INVALID	RATWARE_MS_HASH	SUBJ_ALL_CAPS	TRACKER_ID
xval_initial/9/_spam_/0026.4f10fab6e6776379c17ee9c9ac7da4a8	BAYES_99	DATE_IN_FUTURE_12_24	FREEMAIL_ENVFROM_END_DIGIT	FREEMAIL_FROM	HTML_IMAGE_ONLY_08	HTML_MESSAGE	HTML_SHORT_LINK_IMG_1	MIME_HTML_ONLY	MSGID_OUTLOOK_INVALID	NORMAL_HTTP_TO_IP	RATWARE_MS_HASH	RATWARE_OUTLOOK_NONAME	RDNS_NONE
xval_initial/9/_spam_/00022.8203cdf03888f656dc0381701148f73d	ADVANCE_FEE_2	ADVANCE_FEE_3	ADVANCE_FEE_4	BAYES_99	DOS_OE_TO_MX	FORGED_MUA_OUTLOOK	FREEMAIL_FROM	MSOE_MID_WRONG_CASE	NA_DOLLARS	RDNS_NONE	T_LOTS_OF_MONEY	US_DOLLARS_3
xval_initial/9/_spam_/0061.c148ebba16540e48c7aae2e3f733a8a3	BAYES_99	FROM_OFFERS	HTML_IMAGE_ONLY_32	HTML_IMAGE_RATIO_02	HTML_MESSAGE	MIME_HTML_ONLY	MSGID_FROM_MTA_HEADER	RCVD_IN_NJABL_SPAM	SPF_FAIL	SPF_HELO_FAIL
xval_initial/9/_spam_/00392.f494d12cb0d5daaead0e7f10f8afaef1	BAYES_99	HTML_IMAGE_RATIO_08	HTML_MESSAGE	MIME_HTML_ONLY	RDNS_DYNAMIC	TO_NO_BRKTS_DYNIP
xval_initial/9/_spam_/00384.ffe5f36fc3c40673d4313db5e579e33d	BAYES_99	BUG6152_INVALID_DATE_TZ_ABSURD	DATE_IN_FUTURE_06_12	HTML_MESSAGE	INVALID_DATE_TZ_ABSURD	MIME_HTML_ONLY	MSGID_OUTLOOK_INVALID	NORMAL_HTTP_TO_IP	PERCENT_RANDOM	RATWARE_MS_HASH	RATWARE_OUTLOOK_NONAME	RDNS_NONE	SPF_HELO_FAIL	TRACKER_ID
xval_initial/9/_spam_/00721.09d243c9c4da88c5f517003d26196aaa	BAYES_99	DATE_IN_PAST_03_06	DNS_FROM_RFC_DSN	HTML_FONT_FACE_BAD	HTML_MESSAGE	INVALID_DATE	MIME_HTML_ONLY	MISSING_MIMEOLE	MSGID_OUTLOOK_INVALID	RATWARE_MS_HASH	RDNS_NONE	SPF_FAIL	SPF_HELO_FAIL
xval_initial/9/_spam_/00931.7b2a622b02577c92587db22228e6e180	BAYES_99	BUG6152_INVALID_DATE_TZ_ABSURD	DATE_IN_FUTURE_12_24	EXCUSE_24	FORGED_HOTMAIL_RCVD2	FREEMAIL_FROM	HTML_FONT_LOW_CONTRAST	HTML_MESSAGE	INVALID_DATE_TZ_ABSURD	MIME_HTML_ONLY	MIME_QP_LONG_LINE	MSGID_OUTLOOK_INVALID	RATWARE_MS_HASH	RATWARE_OUTLOOK_NONAME	RCVD_IN_NJABL_SPAM	RDNS_NONE	SPF_HELO_FAIL	SPF_SOFTFAIL
xval_initial/9/_spam_/00511.7a9009733666ca7ab0325e44e17bf584	BAYES_99	DIET_1	FREEMAIL_ENVFROM_END_DIGIT	FREEMAIL_FROM	FROM_MISSP_FREEMAIL	HIDE_WIN_STATUS	HTML_MESSAGE	HTML_OBFUSCATE_05_10	MIME_HTML_ONLY	MSGID_FROM_MTA_HEADER	NORMAL_HTTP_TO_IP	OBFUSCATING_COMMENT	RDNS_NONE	SPF_HELO_FAIL	SUSPICIOUS_RECIPS	T_FROM_MISSPACED	WEIRD_PORT
xval_initial/9/_spam_/01020.291c3b0685eedf6178cc323bb8e2ce55	BAD_CREDIT	BAYES_99	DATE_IN_FUTURE_12_24	FORGED_OUTLOOK_HTML	FORGED_OUTLOOK_TAGS	FORGED_YAHOO_RCVD	FREEMAIL_FROM	HTML_MESSAGE	HTML_MIME_NO_HTML_TAG	HTML_TAG_BALANCE_BODY	MIME_HTML_ONLY	MISSING_MIMEOLE	MSGID_OUTLOOK_INVALID	NO_DNS_FOR_FROM	NO_RDNS_DOTCOM_HELO	RATWARE_MS_HASH	RCVD_FAKE_HELO_DOTCOM	RCVD_IN_NJABL_SPAM	RDNS_NONE
xval_initial/9/_spam_/0089.51c746428bb5e2793a1c04ce1e0c72c1	BAYES_99	FREEMAIL_FROM	FREEMAIL_REPLY	INVALID_DATE	NA_DOLLARS	RCVD_FAKE_HELO_DOTCOM	RCVD_IN_PBL	RCVD_IN_RP_RNBL	RCVD_IN_SORBS_DUL	SPF_FAIL	T_LOTS_OF_MONEY
xval_initial/9/_spam_/00323.ca6d475963aec4ab799b22805c4b0282	BAYES_99	BUG6152_INVALID_DATE_TZ_ABSURD	DATE_IN_PAST_03_06	FORGED_YAHOO_RCVD	FREEMAIL_FROM	HTML_MESSAGE	HTTP_ESCAPED_HOST	HTTP_EXCESSIVE_ESCAPES	INVALID_DATE_TZ_ABSURD	MIME_HTML_ONLY	MSGID_OUTLOOK_INVALID	NORMAL_HTTP_TO_IP	RATWARE_MS_HASH	RATWARE_OUTLOOK_NONAME	RDNS_NONE	SPF_HELO_FAIL	URI_HEX
xval_initial/9/_spam_/00561.c1919574614e88fbabbfb266153560f2	BANG_GUAR	BAYES_99	DIET_1	DNS_FROM_RFC_BOGUSMX	GUARANTEED_100_PERCENT	MSGID_FROM_MTA_HEADER	NORMAL_HTTP_TO_IP	RDNS_NONE	SPF_HELO_FAIL
xval_initial/9/_spam_/0384.e25b766bea2f1efe35eccb7eb6f54e37	BAYES_99	LOW_PRICE	MSGID_FROM_MTA_HEADER	SUBJ_ALL_CAPS	WEIRD_QUOTING
xval_initial/9/_spam_/0182.0fe8b40b189a7bc1ec68b3df5125c602	BANG_GUAR	BAYES_99	BUG6152_INVALID_DATE_TZ_ABSURD	DATE_IN_FUTURE_12_24	DIET_1	FORGED_HOTMAIL_RCVD2	FREEMAIL_ENVFROM_END_DIGIT	FREEMAIL_FROM	FREEMAIL_REPLYTO_END_DIGIT	INVALID_DATE_TZ_ABSURD	MSGID_OUTLOOK_INVALID	RATWARE_MS_HASH	RATWARE_OUTLOOK_NONAME	SPF_SOFTFAIL
xval_initial/9/_spam_/00731.f62550b637d55a42158889ef47fcab7e	BAYES_99	EXCUSE_24	FORGED_MUA_OIMO	MSGID_FROM_MTA_HEADER	NORMAL_HTTP_TO_IP	RCVD_HELO_IP_MISMATCH	RCVD_IN_NJABL_SPAM	RCVD_NUMERIC_HELO	RDNS_NONE	SPF_HELO_FAIL	TRACKER_ID	TWO_IPS_RCVD
xval_initial/9/_spam_/00394.0e95ef1fe71d6bbf6867df86c862d15a	BAYES_99	ENGLISH_UCE_SUBJECT	NO_DNS_FOR_FROM	RCVD_IN_NJABL_SPAM	RDNS_NONE	SPF_HELO_FAIL	T_LOTS_OF_MONEY
xval_initial/9/_spam_/00550.f7e75438e70eb4222c1a93fd190c8ce1	BAYES_99	HTML_MESSAGE	MIME_HTML_ONLY	RDNS_NONE	SPF_HELO_FAIL
xval_initial/9/_spam_/00275.87c74dc27e397ccd3b2b581bbefef515	BAYES_50	HTML_MESSAGE	MIME_HTML_ONLY	MISSING_MIMEOLE	MSGID_OUTLOOK_INVALID	RATWARE_MS_HASH	RATWARE_OUTLOOK_NONAME	RDNS_NONE	SPF_HELO_FAIL
xval_initial/9/_spam_/00327.7f21bc8575786a0e00341a6407b9f286	BAYES_99	NO_DNS_FOR_FROM	RCVD_IN_NJABL_PROXY	RDNS_NONE
xval_initial/9/_spam_/00909.be44baf9966a96b2154b207cc56fe558	BAYES_99	FORGED_MUA_OUTLOOK	FORGED_OUTLOOK_HTML	FORGED_OUTLOOK_TAGS	HTML_MESSAGE	HTML_MIME_NO_HTML_TAG	MIME_HTML_ONLY	MSOE_MID_WRONG_CASE	RDNS_NONE	SUBJECT_NEEDS_ENCODING	SUBJ_ILLEGAL_CHARS
xval_initial/9/_spam_/00319.a99dff9c010e00ec182ed5701556d330	BAYES_99
xval_initial/9/_spam_/01225.a07c90bc24b619d5e8b786675dc2d118	BAYES_99	BUG6152_INVALID_DATE_TZ_ABSURD	DATE_IN_FUTURE_06_12	FORGED_OUTLOOK_HTML	FSL_HELO_NON_FQDN_1	HELO_NO_DOMAIN	HTML_COMMENT_SAVED_URL	HTML_MESSAGE	INVALID_DATE_TZ_ABSURD	MIME_HTML_ONLY	MSGID_OUTLOOK_INVALID	RATWARE_MS_HASH
xval_initial/9/_spam_/00305.1f2a712e25638b0a4868155b37022cf1	BAYES_99	DIET_1	FREEMAIL_FROM	FROM_MISSP_FREEMAIL	HIDE_WIN_STATUS	HTML_MESSAGE	HTML_OBFUSCATE_05_10	MIME_HTML_ONLY	MSGID_FROM_MTA_HEADER	NORMAL_HTTP_TO_IP	OBFUSCATING_COMMENT	RDNS_NONE	SPF_HELO_FAIL	SUSPICIOUS_RECIPS	T_FROM_MISSPACED	WEIRD_PORT
xval_initial/9/_spam_/01318.5ceb2b7a8b5780b006500266f5a508ca	BAYES_99	BUG6152_INVALID_DATE_TZ_ABSURD	DATE_IN_FUTURE_06_12	HTML_COMMENT_SAVED_URL	HTML_IMAGE_ONLY_20	HTML_IMAGE_RATIO_02	HTML_MESSAGE	HTML_SHORT_LINK_IMG_3	INVALID_DATE_TZ_ABSURD	IP_LINK_PLUS	MIME_HTML_ONLY	NORMAL_HTTP_TO_IP
xval_initial/9/_spam_/00034.8e582263070076dfe6000411d9b13ce6	BANG_GUAR	BAYES_99	DIET_1	FREEMAIL_FROM	GUARANTEED_100_PERCENT
xval_initial/9/_spam_/01373.c8c124454ee4d1b775ef7a436cede7c1	BAD_CREDIT	BAYES_99	BUG6152_INVALID_DATE_TZ_ABSURD	DATE_IN_FUTURE_12_24	DEAR_FRIEND	FM_IS_IT_OUR_ACCOUNT	FORGED_HOTMAIL_RCVD2	FREEMAIL_FROM	HTML_FONT_SIZE_LARGE	HTML_MESSAGE	HTML_TAG_BALANCE_BODY	INVALID_DATE_TZ_ABSURD	MIME_HTML_ONLY	MSGID_OUTLOOK_INVALID	RATWARE_MS_HASH	RATWARE_OUTLOOK_NONAME	RDNS_NONE	SPF_SOFTFAIL	SUSPICIOUS_RECIPS	T_LOTS_OF_MONEY
xval_initial/9/_spam_/00448.a6ac96e93ef03ec1a638c577c6940f5e	BAYES_99	FROM_OFFERS	GUARANTEED_100_PERCENT	HTML_MESSAGE	MIME_HTML_ONLY	MSGID_FROM_MTA_HEADER	RCVD_IN_NJABL_SPAM	SPF_FAIL
xval_initial/9/_spam_/00112.e4952a7d270c78cd6bba9d4f6add13f2	BAYES_99	DATE_IN_PAST_06_12	DNS_FROM_RFC_DSN	EXCUSE_REMOVE	FILL_THIS_FORM_FRAUD_PHISH	INVALID_DATE	MSGID_FROM_MTA_HEADER	T_FILL_THIS_FORM	T_LOTS_OF_MONEY	US_DOLLARS_3
xval_initial/9/_spam_/00117.b3ceb6525a1dc935463f3e3080110039	BAYES_99	FORGED_YAHOO_RCVD	FREEMAIL_FROM	RCVD_IN_DNSWL_LOW	SPF_SOFTFAIL	SUBJ_ALL_CAPS	T_LOTS_OF_MONEY
xval_initial/9/_spam_/01107.5b3ad5e88347b08967ec627b815f2fc3	BAYES_99	DEAR_SOMETHING	RCVD_IN_DNSWL_LOW	SPF_SOFTFAIL
xval_initial/9/_spam_/0275.0404a07cd99e27d569958716f392082b	BAYES_99	HTML_IMAGE_RATIO_04	HTML_MESSAGE	NORMAL_HTTP_TO_IP	NO_DNS_FOR_FROM	T_FILL_THIS_FORM_SHORT
xval_initial/9/_spam_/00264.02b614f34aa0d5970959123b9386b285	BAYES_99	EXCUSE_REMOVE	HTML_IMAGE_ONLY_28	HTML_MESSAGE	RCVD_IN_NJABL_SPAM
xval_initial/9/_spam_/00441.77768298934252b2fa200e7d9482993b	BAYES_99	HTML_IMAGE_ONLY_08	HTML_IMAGE_RATIO_04	HTML_MESSAGE	HTML_SHORT_LINK_IMG_1	MIME_HEADER_CTYPE_ONLY	MIME_HTML_ONLY	MSGID_FROM_MTA_HEADER
xval_initial/9/_spam_/00676.db7b2b22e127c1a69e369bc62f7fcedb	BAYES_99	BUG6152_INVALID_DATE_TZ_ABSURD	DATE_IN_FUTURE_06_12	DNS_FROM_RFC_DSN	EXCUSE_24	FREEMAIL_FORGED_REPLYTO	FREEMAIL_REPLYTO_END_DIGIT	HTTP_ESCAPED_HOST	HTTP_EXCESSIVE_ESCAPES	INVALID_DATE_TZ_ABSURD	MSGID_OUTLOOK_INVALID	PERCENT_RANDOM	RATWARE_MS_HASH	RATWARE_OUTLOOK_NONAME	RDNS_NONE	SPF_FAIL	SUBJ_ALL_CAPS
xval_initial/9/_spam_/01327.7d7cb2b319318af27a2981701843f358	BAYES_99	BUG6152_INVALID_DATE_TZ_ABSURD	DATE_IN_FUTURE_06_12	FREEMAIL_FROM	FREEMAIL_REPLYTO	HTML_IMAGE_ONLY_20	HTML_MESSAGE	HTML_SHORT_LINK_IMG_3	INVALID_DATE_TZ_ABSURD	MIME_HTML_ONLY	MIME_QP_LONG_LINE	MSGID_OUTLOOK_INVALID	NORMAL_HTTP_TO_IP	RATWARE_MS_HASH	RATWARE_OUTLOOK_NONAME	RDNS_NONE	SPF_SOFTFAIL	SUBJ_YOUR_DEBT	SUSPICIOUS_RECIPS
xval_initial/9/_spam_/00408.78e871a38b048989b9949716e3fc7575	BAYES_50	NO_DNS_FOR_FROM	RDNS_NONE	SPF_HELO_FAIL
xval_initial/9/_spam_/01288.ffe370e3a92a1861533330da51edcb49	BAYES_99	EXTRA_MPART_TYPE	FREEMAIL_FROM	FSL_HELO_NON_FQDN_1	HELO_NO_DOMAIN	HTML_FONT_SIZE_HUGE	HTML_MESSAGE	HTML_OBFUSCATE_05_10	MIME_HTML_ONLY	MIME_HTML_ONLY_MULTI	MISSING_MIMEOLE	MPART_ALT_DIFF	RDNS_NONE	SPF_SOFTFAIL
xval_initial/9/_spam_/01250.2bfc033f9ced1c70e480ec75b0094431	BAYES_99	HTML_IMAGE_RATIO_04	HTML_MESSAGE	NORMAL_HTTP_TO_IP	SPF_FAIL	T_FILL_THIS_FORM_SHORT
xval_initial/9/_spam_/01171.c91e65355a41f43a34bd39be31bd1626	BAYES_99	DATE_IN_FUTURE_06_12	FORGED_HOTMAIL_RCVD2	FREEMAIL_FROM	FSL_HELO_NON_FQDN_1	HELO_NO_DOMAIN	HTML_FONT_SIZE_HUGE	HTML_MESSAGE	HTML_NONELEMENT_30_40	MIME_HTML_ONLY	NORMAL_HTTP_TO_IP	RCVD_IN_NJABL_SPAM	RDNS_NONE	SPF_SOFTFAIL	T_LOTS_OF_MONEY
xval_initial/9/_spam_/00132.9a7cc8c762a4901f2b899d722b5f4731	BAYES_99	FREEMAIL_FROM	FREEMAIL_REPLYTO	FREEMAIL_REPLYTO_END_DIGIT	NO_RDNS_DOTCOM_HELO	RDNS_NONE	SPF_SOFTFAIL	T_FILL_THIS_FORM_SHORT	T_LOTS_OF_MONEY
xval_initial/9/_spam_/0455.b7a7254a180821d6077a42f7153e12e5	BAYES_99	FORGED_MUA_OUTLOOK	FREEMAIL_ENVFROM_END_DIGIT	FREEMAIL_FROM	MSOE_MID_WRONG_CASE	RCVD_IN_NJABL_SPAM	RCVD_NUMERIC_HELO
xval_initial/9/_spam_/00092.ba043c4ba04c2d06714e43caa42cc078	BAYES_99	FREEMAIL_ENVFROM_END_DIGIT	FREEMAIL_FROM	FREEMAIL_REPLY	MSGID_FROM_MTA_HEADER	SPF_SOFTFAIL	T_FILL_THIS_FORM_SHORT
xval_initial/9/_spam_/0178.bf2ab7492e5080b07d7397b0662821a7	BAYES_99	ENGLISH_UCE_SUBJECT	NO_DNS_FOR_FROM	RDNS_NONE
xval_initial/9/_spam_/01125.46ca779f86e1dd0a03c3ffc67b57f55e	BAYES_99	RDNS_NONE
xval_initial/9/_spam_/00430.d3915a3e7a9cbd8f9a7e6221eb40253d	BAYES_99	DATE_IN_PAST_06_12	FORGED_MUA_THEBAT_BOUN	FREEMAIL_ENVFROM_END_DIGIT	FREEMAIL_FROM	HTML_COMMENT_SAVED_URL	HTML_FONT_SIZE_LARGE	HTML_MESSAGE	MIME_BASE64_BLANKS	MIME_HTML_ONLY	MISSING_MIMEOLE	MSGID_OUTLOOK_INVALID	RATWARE_MS_HASH	RDNS_NONE	SPF_HELO_FAIL	SPF_NEUTRAL
xval_initial/9/_spam_/00704.30306e2e506ca198fe8dea2b3c11346a	BAYES_99	EXTRA_MPART_TYPE	HTML_MESSAGE	MIME_HTML_ONLY	MIME_HTML_ONLY_MULTI	MISSING_MIMEOLE	MPART_ALT_DIFF
xval_initial/9/_spam_/00908.718f913e615b66df1c33cfb0af8e8885	BAYES_99	HEADER_SPAM	HTML_MESSAGE	HTML_TAG_BALANCE_BODY	MIME_QP_LONG_LINE	MSGID_FROM_MTA_HEADER	NORMAL_HTTP_TO_IP	NO_RDNS_DOTCOM_HELO	RCVD_FAKE_HELO_DOTCOM	RDNS_NONE
xval_initial/9/_spam_/0313.5126f820bf11ba460e2c1611cee632c1	BAYES_99	DATE_IN_PAST_03_06	FORGED_MUA_IMS	FORGED_TELESP_RCVD	MIME_BASE64_BLANKS	MISSING_MIMEOLE	MSGID_OUTLOOK_INVALID	RATWARE_MS_HASH	RCVD_IN_RP_RNBL	RCVD_IN_SORBS_DUL	RCVD_NUMERIC_HELO	RDNS_DYNAMIC	WEIRD_QUOTING
xval_initial/9/_spam_/00104.67ea4a37ac02d37f4baa7631ba17a824	BAYES_99	FREEMAIL_FORGED_REPLYTO	FREEMAIL_REPLYTO_END_DIGIT	FROM_DOMAIN_NOVOWEL	HTML_MESSAGE	MSGID_FROM_MTA_HEADER	RDNS_NONE	TO_MALFORMED
xval_initial/9/_spam_/01326.32e7912cae22a40e7b27f7d020de08fe	BAYES_50	HTML_FONT_FACE_BAD	HTML_FONT_SIZE_LARGE	HTML_MESSAGE	PLING_QUERY	RDNS_NONE	URIBL_GREY
xval_initial/9/_spam_/00063.2334fb4e465fc61e8406c75918ff72ed	BAYES_99	FORGED_MUA_OUTLOOK	FORGED_YAHOO_RCVD	FREEMAIL_FROM	LOCALPART_IN_SUBJECT	MISSING_MIMEOLE	MSOE_MID_WRONG_CASE
xval_initial/9/_spam_/0050.b8200e218e5a5a433f897e9495253a30	BAYES_99	BUG6152_INVALID_DATE_TZ_ABSURD	DATE_IN_FUTURE_03_06	FREEMAIL_FROM	HTML_FONT_SIZE_HUGE	HTML_MESSAGE	INVALID_DATE_TZ_ABSURD	MIME_HTML_ONLY	MSGID_OUTLOOK_INVALID	NORMAL_HTTP_TO_IP	RATWARE_MS_HASH	RATWARE_OUTLOOK_NONAME	RDNS_NONE	SPF_SOFTFAIL
xval_initial/9/_spam_/00336.92409253178027f58e2c072a7e82791e	BAYES_99	DATE_IN_FUTURE_03_06	DOS_OE_TO_MX	DYN_RDNS_SHORT_HELO_HTML	FORGED_MUA_OUTLOOK	FORGED_OUTLOOK_HTML	FORGED_YAHOO_RCVD	FREEMAIL_FROM	FSL_HELO_NON_FQDN_1	HELO_NO_DOMAIN	HTML_MESSAGE	MIME_BASE64_TEXT	MIME_HTML_ONLY	MSOE_MID_WRONG_CASE	NO_DNS_FOR_FROM	RCVD_IN_PBL	RCVD_IN_SORBS_DUL	RDNS_DYNAMIC	SUBJECT_NEEDS_ENCODING
xval_initial/9/_spam_/00277.64128ce1653bc4e1bde9ffe2f83db557	BAYES_99	DEAR_EMAIL	EXCUSE_4	FORGED_YAHOO_RCVD	FREEMAIL_FROM	MSGID_FROM_MTA_HEADER	RCVD_IN_DNSWL_LOW	SPF_SOFTFAIL
xval_initial/9/_spam_/0454.943161603b1eb6da5187194b5a75186a	BAYES_99	BUG6152_INVALID_DATE_TZ_ABSURD	DATE_IN_FUTURE_12_24	FREEMAIL_ENVFROM_END_DIGIT	FREEMAIL_FROM	FREEMAIL_REPLYTO_END_DIGIT	HTML_FONT_SIZE_LARGE	HTML_MESSAGE	INVALID_DATE_TZ_ABSURD	MIME_HTML_ONLY	MSGID_OUTLOOK_INVALID	RATWARE_EGROUPS	RATWARE_MS_HASH	RCVD_IN_NJABL_PROXY	RDNS_NONE	SPF_SOFTFAIL	SUSPICIOUS_RECIPS
xval_initial/9/_spam_/00036.256602e2cb5a5b373bdd1fb631d9f452	ADVANCE_FEE_2	BAYES_99	DEAR_FRIEND	FH_FROM_CASH	FIN_FREE	HTML_MESSAGE	MIME_HTML_ONLY	RCVD_IN_NJABL_SPAM	SPF_HELO_SOFTFAIL	T_FILL_THIS_FORM_SHORT	T_LOTS_OF_MONEY
xval_initial/9/_spam_/0136.7e7d6adf293fa0a3dc56b3f796cf00d1	BAYES_99	DATE_IN_PAST_96_XX	ENGLISH_UCE_SUBJECT	FORGED_MUA_IMS	INVALID_DATE	MISSING_MIMEOLE	MSGID_OUTLOOK_INVALID	ONE_TIME	RATWARE_MS_HASH	RCVD_FAKE_HELO_DOTCOM
xval_initial/9/_spam_/00478.a4d1f3bcbb571f1c3809bf47cb5ee57f	ACT_NOW_CAPS	BAYES_99	DATE_IN_PAST_06_12	FILL_THIS_FORM_FRAUD_PHISH	FREEMAIL_FROM	HTML_MESSAGE	MIME_HTML_ONLY	RDNS_NONE	T_FILL_THIS_FORM	T_LOTS_OF_MONEY
xval_initial/9/_spam_/0086.4b3a02be9a2561ada188d95b4601c01e	BAYES_99	DEAR_SOMETHING	MSGID_FROM_MTA_HEADER	RCVD_IN_NJABL_PROXY	RCVD_IN_PBL	RCVD_IN_SORBS_DUL	RDNS_NONE
xval_initial/9/_spam_/00044.9f8c4b9ae007c6ded3d57476082bf2b2	BANG_GUAR	BAYES_99	URIBL_GREY
xval_initial/9/_spam_/00891.730d12d96dcfa7812a51d12d9a3b6a1c	ADVANCE_FEE_2	ADVANCE_FEE_3	BAYES_99	DATE_IN_PAST_12_24	FREEMAIL_FROM	MILLION_USD	NO_DNS_FOR_FROM	RDNS_NONE	T_LOTS_OF_MONEY	US_DOLLARS_3
xval_initial/9/_spam_/00080.5a7386cb47846dfef68429241ad80354	BAYES_99	FILL_THIS_FORM_FRAUD_PHISH	HTML_IMAGE_RATIO_04	HTML_MESSAGE	NORMAL_HTTP_TO_IP	SPF_FAIL	T_FILL_THIS_FORM_SHORT	T_LOTS_OF_MONEY	US_DOLLARS_3
xval_initial/9/_spam_/00663.4baa9521293a04306b038be1f65d4471	BAYES_99	DIET_1	DRUGS_ERECTILE	DRUG_ED_CAPS	DRUG_ED_ONLINE	FREEMAIL_FROM	LOW_PRICE	RDNS_NONE	SPF_HELO_FAIL	SPF_NEUTRAL	UPPERCASE_50_75
xval_initial/9/_spam_/00840.819e7f38c3eced79f5e956fd95103957	ADVANCE_FEE_2	ADVANCE_FEE_3	ADVANCE_FEE_4	BAYES_80	DATE_IN_FUTURE_06_12	FREEMAIL_FROM	FREEMAIL_REPLYTO	MILLION_USD	RDNS_NONE	SPF_HELO_FAIL	T_FILL_THIS_FORM_SHORT	T_LOTS_OF_MONEY	US_DOLLARS_3
xval_initial/9/_spam_/00288.8c8bc71976c3b67d900ebd8eeab8a0f5	BAYES_99	FSL_HELO_BARE_IP_1	HTML_MESSAGE	HTML_MIME_NO_HTML_TAG	MIME_HTML_ONLY	MSGID_FROM_MTA_HEADER	RCVD_HELO_IP_MISMATCH	RCVD_IN_NJABL_SPAM	RCVD_NUMERIC_HELO	RDNS_NONE	SUBJECT_NEEDS_ENCODING	TWO_IPS_RCVD
xval_initial/9/_spam_/00200.bacd4b2168049778b480367ca670254f	BAYES_99	DNS_FROM_RFC_DSN	ENGLISH_UCE_SUBJECT	HTML_FONT_SIZE_LARGE	HTML_MESSAGE	HTML_MIME_NO_HTML_TAG	HTML_TAG_BALANCE_BODY	MIME_HTML_ONLY	MIME_QP_LONG_LINE	NO_RDNS_DOTCOM_HELO	RCVD_FAKE_HELO_DOTCOM	RCVD_IN_NJABL_SPAM
xval_initial/9/_spam_/00209.5276f967533f2ce0209c1eff631a86ff	BAYES_99	HTML_IMAGE_RATIO_04	HTML_MESSAGE	NORMAL_HTTP_TO_IP	NO_DNS_FOR_FROM	T_FILL_THIS_FORM_SHORT
xval_initial/9/_spam_/01039.40b21f41dcf48f380729c22cd2a62122	BANG_GUAR	BAYES_99	DATE_IN_FUTURE_03_06	FORGED_OUTLOOK_HTML	FORGED_OUTLOOK_TAGS	HTML_MESSAGE	MIME_HTML_ONLY	MISSING_MIMEOLE	MSGID_OUTLOOK_INVALID	RATWARE_MS_HASH	RCVD_IN_RP_RNBL	RCVD_IN_SORBS_DUL	RDNS_DYNAMIC	T_FILL_THIS_FORM_SHORT
xval_initial/9/_spam_/00405.39099b2d9fc7da44f0bd7c5d68c06ca6	BAD_CREDIT	BAYES_99	BUG6152_INVALID_DATE_TZ_ABSURD	DATE_IN_FUTURE_06_12	FREEMAIL_FROM	HTML_MESSAGE	INVALID_DATE_TZ_ABSURD	MIME_HTML_ONLY	MIME_QP_LONG_LINE	MSGID_OUTLOOK_INVALID	NORMAL_HTTP_TO_IP	RATWARE_MS_HASH	RATWARE_OUTLOOK_NONAME	RDNS_NONE	SPF_HELO_FAIL	SPF_SOFTFAIL	SUBJ_YOUR_DEBT
xval_initial/9/_spam_/00097.013347cc91e7d0915074dccb0428883f	BAYES_99	BODY_ENHANCEMENT	BODY_ENHANCEMENT2	GUARANTEED_100_PERCENT	MSGID_FROM_MTA_HEADER	NORMAL_HTTP_TO_IP	SUSPICIOUS_RECIPS	WEIRD_PORT
xval_initial/9/_spam_/00249.b6cad7860d56d8265155580a7c80457d	BAYES_99	BUG6152_INVALID_DATE_TZ_ABSURD	DATE_IN_FUTURE_06_12	FREEMAIL_ENVFROM_END_DIGIT	FREEMAIL_FROM	FREEMAIL_REPLYTO_END_DIGIT	GAPPY_SUBJECT	INVALID_DATE_TZ_ABSURD	MSGID_OUTLOOK_INVALID	NORMAL_HTTP_TO_IP	RATWARE_MS_HASH	RATWARE_OUTLOOK_NONAME	RDNS_NONE	SPF_HELO_FAIL	SPF_SOFTFAIL
xval_initial/9/_spam_/00742.2700b00dc2dcc121ee0a1322040de188	BAYES_99	BUG6152_INVALID_DATE_TZ_ABSURD	DRUGS_ANXIETY	HK_RANDOM_ENVFROM	INVALID_DATE_TZ_ABSURD	MSGID_FROM_MTA_HEADER	RDNS_NONE	SPF_HELO_FAIL	T_LOTS_OF_MONEY
xval_initial/9/_spam_/00815.a94675622ac65f9a21ab1b83cc869ee6	BAYES_99	HTML_MESSAGE	HTML_MIME_NO_HTML_TAG	HTML_TAG_BALANCE_BODY	MIME_HTML_ONLY	MIME_QP_LONG_LINE
xval_initial/9/_spam_/00404.b4bbecbee92f735a845f589582e7695d	BAYES_99	BUG6152_INVALID_DATE_TZ_ABSURD	DATE_IN_FUTURE_12_24	FROM_STARTS_WITH_NUMS	INVALID_DATE_TZ_ABSURD	MSGID_OUTLOOK_INVALID	NORMAL_HTTP_TO_IP	RATWARE_MS_HASH	RATWARE_OUTLOOK_NONAME	RDNS_NONE	SUSPICIOUS_RECIPS
xval_initial/9/_spam_/00332.2b6d5012de45ae27edbda7f94c54636e	BAYES_99	BUG6152_INVALID_DATE_TZ_ABSURD	DATE_IN_FUTURE_06_12	FORGED_OUTLOOK_HTML	HTML_FONT_FACE_BAD	HTML_FONT_SIZE_HUGE	HTML_MESSAGE	INVALID_DATE_TZ_ABSURD	MIME_HTML_ONLY	MSGID_OUTLOOK_INVALID	NO_DNS_FOR_FROM	RATWARE_MS_HASH	RCVD_IN_DNSWL_NONE	TWO_IPS_RCVD	T_FILL_THIS_FORM_SHORT
xval_initial/9/_spam_/00015.206d5a5d1d34272ae32fc286788fdf55	BAYES_99	DATE_IN_PAST_96_XX	EXCUSE_REMOVE	FREEMAIL_ENVFROM_END_DIGIT	FREEMAIL_FROM	MSGID_OUTLOOK_INVALID	MSOE_MID_WRONG_CASE	RDNS_NONE	TVD_SUBJ_WIPE_DEBT
xval_initial/9/_spam_/00140.eba666846fa0a138a90aeef51a627022	BAYES_99	FORGED_MUA_OIMO	RCVD_HELO_IP_MISMATCH	RCVD_IN_DNSWL_LOW	RCVD_IN_NJABL_SPAM	RCVD_NUMERIC_HELO	SPF_SOFTFAIL	TRACKER_ID
xval_initial/9/_spam_/00242.e030c8b1f053037aeffb062f3a34b523	BAYES_99	DEAR_SOMETHING	FREEMAIL_FROM	FREEMAIL_REPLYTO	MSGID_FROM_MTA_HEADER	RCVD_IN_PBL	RCVD_IN_SORBS_DUL	RDNS_NONE	SPF_SOFTFAIL
xval_initial/9/_spam_/00612.cd362b97ee34d41e72a66ed5199dd62e	BAYES_99	FREEMAIL_FROM	FREEMAIL_REPLY	RCVD_IN_NJABL_SPAM	RDNS_NONE	SPF_HELO_FAIL	SUBJ_ALL_CAPS
xval_initial/9/_spam_/01029.d08161f9c60d767804dd9b5148a82025	BAYES_99	FILL_THIS_FORM_LONG	HTML_IMAGE_RATIO_04	HTML_MESSAGE	NORMAL_HTTP_TO_IP	SPF_FAIL	T_FILL_THIS_FORM
xval_initial/9/_spam_/00147.9d7a9ea1fdef9c2161dba859250d2c19	BAD_CREDIT	BAYES_99	HTML_MESSAGE	IP_LINK_PLUS	NORMAL_HTTP_TO_IP	RDNS_NONE	REPLYTO_WITHOUT_TO_CC	T_LOTS_OF_MONEY
xval_initial/9/_spam_/00806.0595ba2c9bfae214645880fe39e17f4e	BAD_CREDIT	BAYES_99	DATE_IN_PAST_12_24	FORGED_OUTLOOK_HTML	FORGED_OUTLOOK_TAGS	FREEMAIL_FROM	HTML_MESSAGE	HTML_MIME_NO_HTML_TAG	HTML_TAG_BALANCE_BODY	MIME_BASE64_BLANKS	MIME_HTML_ONLY	MISSING_MIMEOLE	MSGID_OUTLOOK_INVALID	RATWARE_MS_HASH	TRACKER_ID
xval_initial/9/_spam_/01150.c429b55e3a5834c74d18f9b0bfc968cd	BANG_GUAR	BAYES_99	FREEMAIL_FROM	MISSING_MIMEOLE	MSGID_OUTLOOK_INVALID	RATWARE_MS_HASH	TRACKER_ID
xval_initial/9/_spam_/01154.dc96d527593e053228ad2b9111e8ad36	BAYES_99	NO_DNS_FOR_FROM
xval_initial/9/_spam_/00251.2ca1d22841d472917231911f63572dfd	BAYES_60	BUG6152_INVALID_DATE_TZ_ABSURD	DATE_IN_FUTURE_06_12	HK_RANDOM_ENVFROM	HTML_MESSAGE	INVALID_DATE_TZ_ABSURD	MIME_HTML_ONLY	MIME_QP_LONG_LINE	MSGID_OUTLOOK_INVALID	RATWARE_MS_HASH	RATWARE_OUTLOOK_NONAME	RDNS_NONE	SPF_HELO_FAIL
xval_initial/9/_spam_/00483.e583ffb0efd3958cdef2e9f3b043ef0d	BAYES_99	BUG6152_INVALID_DATE_TZ_ABSURD	DATE_IN_FUTURE_06_12	DRUGS_ERECTILE	FREEMAIL_ENVFROM_END_DIGIT	FREEMAIL_FROM	FREEMAIL_REPLYTO_END_DIGIT	HTML_IMAGE_ONLY_12	HTML_IMAGE_RATIO_02	HTML_MESSAGE	HTML_SHORT_LINK_IMG_1	INVALID_DATE_TZ_ABSURD	MIME_HTML_ONLY	MSGID_OUTLOOK_INVALID	RATWARE_MS_HASH	RATWARE_OUTLOOK_NONAME	RDNS_NONE	SPF_HELO_FAIL	SPF_SOFTFAIL
xval_initial/9/_spam_/00418.6321175c76411371c109eafc99563d2c	BAYES_99	DATE_IN_FUTURE_12_24	HTML_IMAGE_ONLY_08	HTML_MESSAGE	HTML_SHORT_LINK_IMG_1	MIME_HTML_ONLY	MIME_QP_LONG_LINE	MSGID_OUTLOOK_INVALID	NORMAL_HTTP_TO_IP	RATWARE_MS_HASH	RATWARE_OUTLOOK_NONAME	RDNS_NONE	SUBJ_YOUR_FAMILY
xval_initial/9/_spam_/00340.520783fd73bb73df88d6effd04e1f55d	BAYES_99	DATE_IN_FUTURE_06_12	FORGED_YAHOO_RCVD	FREEMAIL_ENVFROM_END_DIGIT	FREEMAIL_FROM	FREEMAIL_REPLYTO	FREEMAIL_REPLYTO_END_DIGIT	INVALID_DATE	MIME_BASE64_BLANKS	MISSING_MIMEOLE	MSGID_OUTLOOK_INVALID	RATWARE_MS_HASH	RCVD_FAKE_HELO_DOTCOM	RCVD_IN_NJABL_SPAM	RDNS_NONE	T_LOTS_OF_MONEY	US_DOLLARS_3
xval_initial/9/_spam_/00579.d94454f0e596c00bf22ce1f315427143	BAYES_99	DNS_FROM_RFC_DSN	FORGED_MUA_OUTLOOK	FORGED_OUTLOOK_HTML	FORGED_OUTLOOK_TAGS	HTML_MESSAGE	MIME_HTML_ONLY	MSOE_MID_WRONG_CASE	RDNS_NONE	SPF_FAIL	XMAILER_MIMEOLE_OL_3AC1D
xval_initial/9/_spam_/00313.4363902393c0037670bc9483d19dc551	BAD_CREDIT	BAYES_99	BUG6152_INVALID_DATE_TZ_ABSURD	DATE_IN_FUTURE_06_12	FREEMAIL_FROM	HTML_MESSAGE	INVALID_DATE_TZ_ABSURD	MIME_HTML_ONLY	MISSING_MIMEOLE	MSGID_OUTLOOK_INVALID	RATWARE_MS_HASH	RDNS_NONE	SPF_HELO_FAIL
xval_initial/9/_spam_/01342.7f89acf56fb4398340a0b07481e3193f	BAYES_99	DNS_FROM_RFC_DSN	FILL_THIS_FORM_LONG	FORGED_MUA_OUTLOOK	MISSING_MIMEOLE	MSOE_MID_WRONG_CASE	RDNS_DYNAMIC	SPF_FAIL	TO_NO_BRKTS_DYNIP	T_FILL_THIS_FORM	T_LOTS_OF_MONEY
xval_initial/9/_spam_/00529.0c8a07bb7b14576063ba0c1c4079e209	BAYES_50	MSGID_FROM_MTA_HEADER	RCVD_IN_DNSWL_NONE	RCVD_IN_NJABL_PROXY
xval_initial/9/_spam_/00301.3b6fa92db458408d9468360fc034d280	BAYES_99	EXCUSE_REMOVE	MSGID_OUTLOOK_INVALID	NORMAL_HTTP_TO_IP	RATWARE_MS_HASH	RATWARE_OUTLOOK_NONAME	RDNS_NONE	SPF_HELO_FAIL
xval_initial/9/_spam_/0322.77dd826a00ebd4b54a6036394d41da55	ADVANCE_FEE_2	ADVANCE_FEE_3	ADVANCE_FEE_4	BAYES_99	FORGED_MUA_OUTLOOK	MILLION_USD	MSOE_MID_WRONG_CASE	RCVD_IN_DNSWL_LOW	RCVD_IN_NJABL_SPAM	SPF_SOFTFAIL	T_LOTS_OF_MONEY	URG_BIZ	US_DOLLARS_3
xval_initial/9/_spam_/00052.edb775ef7470f35cd593d07e5a0466a8	BAYES_99	FORGED_MUA_OUTLOOK	FORGED_OUTLOOK_HTML	FORGED_OUTLOOK_TAGS	HTML_FONT_LOW_CONTRAST	HTML_MESSAGE	HTML_TAG_BALANCE_BODY	MIME_HTML_ONLY	MSGID_FROM_MTA_HEADER	MSOE_MID_WRONG_CASE	NORMAL_HTTP_TO_IP	RCVD_NUMERIC_HELO	RDNS_NONE
xval_initial/9/_spam_/00709.59ca382f87c5eacb934430e28cd98d98	BAYES_99	BUG6152_INVALID_DATE_TZ_ABSURD	FM_SUBJ_APPROVE	FORGED_OUTLOOK_HTML	FORGED_OUTLOOK_TAGS	HTML_MESSAGE	INVALID_DATE_TZ_ABSURD	MIME_HTML_ONLY	MIME_QP_LONG_LINE	MSGID_OUTLOOK_INVALID	MSOE_MID_WRONG_CASE	RATWARE_MS_HASH	RDNS_NONE	SPF_HELO_FAIL
xval_initial/9/_spam_/00466.936900f20aa2c6aa724d2f6d6af53b9b	BAD_CREDIT	BAYES_99	DATE_IN_PAST_24_48	FORGED_MUA_IMS	FREEMAIL_ENVFROM_END_DIGIT	FREEMAIL_FROM	FREEMAIL_REPLYTO	FREEMAIL_REPLYTO_END_DIGIT	GUARANTEED_100_PERCENT	MIME_BASE64_BLANKS	MISSING_MIMEOLE	MSGID_OUTLOOK_INVALID	NO_RDNS_DOTCOM_HELO	RATWARE_MS_HASH	RDNS_NONE	REPLYTO_WITHOUT_TO_CC	SPF_HELO_SOFTFAIL	SPF_SOFTFAIL
xval_initial/9/_spam_/00446.a54877313142d56c24d499d761c48fb1	BAYES_99	FREEMAIL_ENVFROM_END_DIGIT	FREEMAIL_FROM	MISSING_MIMEOLE	MSGID_OUTLOOK_INVALID	MSOE_MID_WRONG_CASE	RATWARE_MS_HASH	SPF_SOFTFAIL	TRACKER_ID
xval_initial/9/_spam_/01042.7b53680639a0b4ec9e333ce3046b6af4	BAYES_99	HTML_MESSAGE	MIME_HEADER_CTYPE_ONLY	MIME_HTML_ONLY	MISSING_MIMEOLE	TO_MALFORMED	T_LOTS_OF_MONEY
xval_initial/9/_spam_/00037.21cc985cc36d931916863aed24de8c27	BAYES_99	DATE_IN_PAST_96_XX	DIET_1	DRUGS_ERECTILE	DRUG_ED_CAPS	FORGED_MUA_IMS	FROM_LOCAL_DIGITS	FROM_LOCAL_HEX	HTML_MESSAGE	INVALID_DATE	MIME_HTML_ONLY	MISSING_MIMEOLE	MSGID_OUTLOOK_INVALID	NORMAL_HTTP_TO_IP	RATWARE_MS_HASH
xval_initial/9/_spam_/00482.f839ea522f1ee459661a6b2fbd71e823	BAYES_99	ENGLISH_UCE_SUBJECT	FREE_QUOTE_INSTANT	NO_DNS_FOR_FROM	RDNS_NONE	SPF_HELO_FAIL
xval_initial/9/_spam_/00463.45bff4629688e8031231a8b64a4eef06	ACT_NOW_CAPS	BAYES_99	FORGED_MUA_OUTLOOK	FREEMAIL_FROM	FREEMAIL_REPLYTO	MSOE_MID_WRONG_CASE	NORMAL_HTTP_TO_IP	RCVD_IN_NJABL_PROXY	SPF_NEUTRAL	T_LOTS_OF_MONEY
xval_initial/9/_spam_/00280.3432009813aa8a8683c72ad31ce7e0e0	BAYES_99	DEAR_SOMETHING	FREEMAIL_FROM	HTML_MESSAGE	T_LOTS_OF_MONEY
xval_initial/9/_spam_/00224.1b3430b101a8a8b22493c4948fcbe9cc	BAYES_99	EXTRA_MPART_TYPE	HTML_IMAGE_ONLY_12	HTML_MESSAGE	HTML_MIME_NO_HTML_TAG	HTML_SHORT_LINK_IMG_2	MIME_HTML_ONLY	MIME_HTML_ONLY_MULTI	MISSING_MIMEOLE	MPART_ALT_DIFF	RDNS_NONE	SPF_HELO_FAIL	TVD_SPACE_RATIO
xval_initial/9/_spam_/00726.26fb8f2aeedad636c461a560247d4f46	BAYES_99	BUG6152_INVALID_DATE_TZ_ABSURD	DATE_IN_FUTURE_12_24	DRUGS_ERECTILE	FREEMAIL_ENVFROM_END_DIGIT	FREEMAIL_FROM	FREEMAIL_REPLYTO_END_DIGIT	HTML_MESSAGE	INVALID_DATE_TZ_ABSURD	MIME_HTML_ONLY	MORE_SEX	MSGID_OUTLOOK_INVALID	RATWARE_MS_HASH	RATWARE_OUTLOOK_NONAME	RDNS_NONE	SPF_HELO_FAIL	SPF_SOFTFAIL
xval_initial/9/_spam_/00239.2f1370f9cba5ab21297eadb2af40b051	BAYES_99	EXTRA_MPART_TYPE	FSL_HELO_NON_FQDN_1	HELO_NO_DOMAIN	HTML_FONT_SIZE_LARGE	HTML_MESSAGE	MIME_HTML_ONLY	MIME_HTML_ONLY_MULTI	MISSING_MIMEOLE	MPART_ALT_DIFF	NORMAL_HTTP_TO_IP	RDNS_NONE
xval_initial/9/_spam_/0238.7d0de37650a0c0e2d99e52eef4042602	BAYES_99	SPF_SOFTFAIL
xval_initial/9/_spam_/0316.018282fecc304f005e952d7c5c181dad	BAYES_99	BUG6152_INVALID_DATE_TZ_ABSURD	DATE_IN_FUTURE_06_12	FORGED_TELESP_RCVD	HTML_FONT_SIZE_HUGE	HTML_MESSAGE	INVALID_DATE_TZ_ABSURD	MIME_HTML_ONLY	MSGID_OUTLOOK_INVALID	RATWARE_MS_HASH	RATWARE_OUTLOOK_NONAME	RCVD_IN_NJABL_SPAM	RCVD_IN_PBL	RCVD_IN_RP_RNBL	RCVD_IN_SORBS_DUL	RDNS_DYNAMIC	SPF_FAIL	T_FILL_THIS_FORM_SHORT
xval_initial/9/_spam_/01141.9771b6eb9a19ad26816825c9d190831d	BAYES_99	BUG6152_INVALID_DATE_TZ_ABSURD	DATE_IN_FUTURE_06_12	HTML_MESSAGE	HTML_TAG_BALANCE_BODY	INVALID_DATE_TZ_ABSURD	MIME_HTML_ONLY	MIME_QP_LONG_LINE	MSGID_OUTLOOK_INVALID	NORMAL_HTTP_TO_IP	RATWARE_MS_HASH	RATWARE_OUTLOOK_NONAME	RCVD_IN_NJABL_PROXY
xval_initial/9/_spam_/00683.41038a20d4763e8042a811a03612bae4	BAYES_99	EXCUSE_24	FORGED_OUTLOOK_HTML	FORGED_OUTLOOK_TAGS	FREEMAIL_FROM	HTML_FONT_SIZE_LARGE	HTML_MESSAGE	IP_LINK_PLUS	MIME_HTML_ONLY	MSGID_FROM_MTA_HEADER	NORMAL_HTTP_TO_IP	RCVD_NUMERIC_HELO	RDNS_NONE	SPF_HELO_FAIL
xval_initial/9/_spam_/0285.b44ae825681c0f28db2e742ab790b191	BAYES_99	FORGED_MUA_IMS	INVALID_DATE	LOW_PRICE	MIME_BASE64_BLANKS	MISSING_MIMEOLE	MSGID_OUTLOOK_INVALID	RATWARE_MS_HASH	RDNS_NONE	TRACKER_ID	T_LOTS_OF_MONEY	WEIRD_QUOTING
xval_initial/9/_spam_/00153.d20d157c684520f1c3aa8f270f753785	BAYES_99	DATE_IN_PAST_96_XX	FORGED_YAHOO_RCVD	FREEMAIL_ENVFROM_END_DIGIT	FREEMAIL_FROM	FREEMAIL_REPLYTO	HTML_FONT_SIZE_LARGE	HTML_MESSAGE	MIME_HTML_ONLY	NORMAL_HTTP_TO_IP	RDNS_NONE	SPF_HELO_FAIL	SUSPICIOUS_RECIPS
xval_initial/9/_spam_/0111.a163d41592b3a52747d7521341a961af	BAYES_99	FORGED_MUA_OUTLOOK	FORGED_OUTLOOK_HTML	FORGED_OUTLOOK_TAGS	FORGED_YAHOO_RCVD	FREEMAIL_ENVFROM_END_DIGIT	FREEMAIL_FROM	FROM_LOCAL_DIGITS	FROM_LOCAL_HEX	HTML_MESSAGE	MIME_HTML_ONLY	MSGID_FROM_MTA_HEADER	MSOE_MID_WRONG_CASE	RCVD_NUMERIC_HELO	RDNS_NONE	SUBJ_ALL_CAPS	T_FILL_THIS_FORM_SHORT
xval_initial/9/_spam_/00002.d94f1b97e48ed3b553b3508d116e6a09	BAYES_99	DIET_1	RCVD_IN_DNSWL_LOW	RCVD_IN_NJABL_SPAM	SPF_SOFTFAIL	SUBJECT_DIET
xval_initial/9/_spam_/00056.64a6ee24c0b7bf8bdba8340f0a3aafda	BAYES_99	DATE_IN_FUTURE_96_XX	DRUGS_DIET	DRUGS_ERECTILE	EXCUSE_REMOVE	FB_GVR	FORGED_MUA_OUTLOOK	FREEMAIL_FROM	FREEMAIL_REPLY	MSOE_MID_WRONG_CASE	ONLINE_PHARMACY	RDNS_NONE	TVD_VISIT_PHARMA	UNPARSEABLE_RELAY
xval_initial/9/_spam_/00322.9c67ae5dc3348e9a0b9a61a408c3f44e	BAYES_99	BUG6152_INVALID_DATE_TZ_ABSURD	DATE_IN_FUTURE_06_12	EXCUSE_REMOVE	HTML_MESSAGE	INVALID_DATE_TZ_ABSURD	INVALID_MSGID	MIME_HTML_ONLY	MSGID_SHORT	RCVD_IN_NJABL_SPAM	RDNS_NONE	SPF_HELO_FAIL
xval_initial/9/_spam_/00692.e886bd6ece727e1c1fdbae4dc4b60bb5	BAYES_50	DATE_IN_PAST_03_06	FREEMAIL_ENVFROM_END_DIGIT	FREEMAIL_FROM	FREEMAIL_REPLY	HTML_EXTRA_CLOSE	HTML_MESSAGE	HTML_TAG_BALANCE_BODY	LOW_PRICE	MIME_HTML_ONLY	RDNS_NONE	SPF_HELO_FAIL	SPF_NEUTRAL
xval_initial/9/_spam_/0074.9948514a1f3aac3f27ba2c20db7b0441	BAYES_99	BUG6152_INVALID_DATE_TZ_ABSURD	DATE_IN_FUTURE_06_12	FORGED_HOTMAIL_RCVD2	FREEMAIL_FROM	HTML_FONT_SIZE_HUGE	HTML_MESSAGE	INVALID_DATE_TZ_ABSURD	MIME_HTML_ONLY	MIME_QP_LONG_LINE	MSGID_OUTLOOK_INVALID	NORMAL_HTTP_TO_IP	RATWARE_MS_HASH	RATWARE_OUTLOOK_NONAME	RDNS_NONE	SPF_SOFTFAIL
xval_initial/9/_spam_/00081.4c7fbdca38b8def54e276e75ec56682e	BANG_GUAR	BAYES_99	DATE_IN_PAST_12_24	DIET_1	RDNS_NONE	T_LOTS_OF_MONEY
xval_initial/9/_spam_/00236.a46588c69d43e80c618038b95eff2893	BAYES_99	FILL_THIS_FORM_FRAUD_PHISH	FREEMAIL_FROM	FREEMAIL_REPLY	FSL_HELO_BARE_IP_1	RCVD_IN_NJABL_SPAM	RCVD_NUMERIC_HELO	RDNS_NONE	SPF_SOFTFAIL	SUBJ_ALL_CAPS	TWO_IPS_RCVD	T_FILL_THIS_FORM
xval_initial/9/_spam_/00872.f50d5fd1a37e535e0a0adb223ef40f36	BAYES_99	DATE_IN_PAST_12_24	FORGED_HOTMAIL_RCVD2	FORGED_MUA_OUTLOOK	FORGED_OUTLOOK_HTML	FORGED_OUTLOOK_TAGS	FREEMAIL_ENVFROM_END_DIGIT	FREEMAIL_FROM	HTML_MESSAGE	MIME_HTML_ONLY	MSOE_MID_WRONG_CASE	RCVD_NUMERIC_HELO	RDNS_NONE	SPF_HELO_FAIL	SPF_SOFTFAIL
xval_initial/9/_spam_/00518.3b454f92294b060a41b0771941394bd3	BAD_CREDIT	BAYES_99	DATE_IN_FUTURE_12_24	FREEMAIL_FROM	FREEMAIL_REPLYTO	HTML_MESSAGE	MIME_HTML_ONLY	MSGID_FROM_MTA_HEADER	OBFUSCATING_COMMENT	RDNS_NONE	SPF_HELO_FAIL	SPF_NEUTRAL	SUSPICIOUS_RECIPS
xval_initial/9/_spam_/0098.01d2958ccb7c2e4c02d0920593962436	BAYES_99	DATE_IN_FUTURE_12_24	FREEMAIL_ENVFROM_END_DIGIT	FREEMAIL_FROM	HTML_IMAGE_ONLY_08	HTML_MESSAGE	HTML_SHORT_LINK_IMG_1	MIME_HTML_ONLY	MSGID_OUTLOOK_INVALID	NORMAL_HTTP_TO_IP	RATWARE_MS_HASH	RATWARE_OUTLOOK_NONAME
xval_initial/9/_spam_/00086.9c945bb90f76a8b76331599106c28429	BAYES_99	DATE_IN_FUTURE_12_24	FORGED_MUA_IMS	FORGED_YAHOO_RCVD	FREEMAIL_FROM	HTML_MESSAGE	HTML_MIME_NO_HTML_TAG	MIME_HTML_ONLY	RCVD_IN_NJABL_SPAM	RDNS_NONE
xval_initial/9/_spam_/00208.c9e30fc9044cdc50682c2e2d2be4c466	BAYES_99	DATE_IN_PAST_96_XX	FREEMAIL_FROM	HTML_MESSAGE	MISSING_HEADERS	RDNS_NONE	SPF_FAIL
xval_initial/9/_spam_/00314.ce1926a9815415807e51b80930bffdb8	BAYES_99	HTML_IMAGE_ONLY_24	HTML_MESSAGE	MIME_HTML_ONLY	MIME_QP_LONG_LINE	RCVD_IN_NJABL_SPAM	RDNS_NONE
xval_initial/9/_spam_/00283.e8e42ee52f919afd2a453983f1256b1d	BAYES_99	HTML_MESSAGE	NORMAL_HTTP_TO_IP	NO_DNS_FOR_FROM	T_FILL_THIS_FORM_SHORT	T_LOTS_OF_MONEY
xval_initial/9/_spam_/00472.713268dfca421e165c1ac59bab045e00	BAYES_99	DATE_IN_PAST_12_24	FREEMAIL_FROM	MIME_BASE64_BLANKS	MISSING_MIMEOLE	MSGID_OUTLOOK_INVALID	RATWARE_MS_HASH	RCVD_IN_PBL	RCVD_IN_RP_RNBL	RCVD_IN_SORBS_DUL	RDNS_DYNAMIC	SPF_HELO_SOFTFAIL	SPF_SOFTFAIL	TO_NO_BRKTS_DYNIP
xval_initial/9/_spam_/00208.369921416af87a0b70f133632131b184	ADVANCE_FEE_2	ADVANCE_FEE_3	BAYES_99	FREEMAIL_ENVFROM_END_DIGIT	FREEMAIL_FROM	HK_SCAM_N2	HTML_MESSAGE	MILLION_USD	SUBJ_ALL_CAPS	TVD_PH_SUBJ_URGENT	T_LOTS_OF_MONEY	URG_BIZ
xval_initial/9/_spam_/00300.6ca4fee75f6afbd00581ceec6cf14fac	BAYES_99	FORGED_YAHOO_RCVD	FREEMAIL_ENVFROM_END_DIGIT	FREEMAIL_FROM	FREEMAIL_REPLYTO	FREEMAIL_REPLYTO_END_DIGIT	HTML_MESSAGE	MIME_HTML_ONLY	MSGID_FROM_MTA_HEADER	NORMAL_HTTP_TO_IP	RDNS_NONE	SPF_HELO_FAIL	T_FILL_THIS_FORM_SHORT
xval_initial/9/_spam_/0104.886f4a22362f4d3528c3e675878f17f7	BAYES_99	BODY_ENHANCEMENT	BODY_ENHANCEMENT2	GUARANTEED_100_PERCENT	MSGID_FROM_MTA_HEADER	NORMAL_HTTP_TO_IP	SUSPICIOUS_RECIPS	WEIRD_PORT
xval_initial/9/_spam_/00105.00951a21b8464f4eb4e106d6b14c68b6	BAYES_99	HTML_IMAGE_RATIO_06	HTML_MESSAGE	NORMAL_HTTP_TO_IP	NO_DNS_FOR_FROM	T_FILL_THIS_FORM_SHORT	T_LOTS_OF_MONEY	US_DOLLARS_3
xval_initial/9/_spam_/01018.3954fb1ddf16896826a0c03270587195	BAYES_99	DATE_IN_PAST_06_12	FORGED_YAHOO_RCVD	FREEMAIL_FROM
xval_initial/9/_spam_/00364.48aa56553a1b8c2e4b638e0f46a7fc1f	BAYES_99	DIET_1	HTML_FONT_LOW_CONTRAST	HTML_MESSAGE	HTTP_EXCESSIVE_ESCAPES	MIME_HTML_ONLY	RDNS_NONE	SPF_HELO_FAIL
xval_initial/9/_spam_/00811.1a510ce29a20ec57048d6b29d0056d57	BAYES_99	DIET_1	HIDE_WIN_STATUS	HTML_MESSAGE	HTML_OBFUSCATE_05_10	MIME_HTML_ONLY	NORMAL_HTTP_TO_IP	OBFUSCATING_COMMENT	WEIRD_PORT
xval_initial/9/_spam_/0063.3bec5361a5edfdbcc371241b3d74e3bf	BAYES_99	ENGLISH_UCE_SUBJECT	NO_DNS_FOR_FROM	RDNS_NONE
xval_initial/9/_spam_/00664.c4f198903588cdc4af385772bb580d90	BAYES_99	FORGED_MUA_OUTLOOK	FORGED_OUTLOOK_HTML	FORGED_OUTLOOK_TAGS	FREEMAIL_ENVFROM_END_DIGIT	FREEMAIL_FROM	HTML_EXTRA_CLOSE	HTML_MESSAGE	HTTP_ESCAPED_HOST	HTTP_EXCESSIVE_ESCAPES	MIME_HTML_ONLY	MSOE_MID_WRONG_CASE	NUMERIC_HTTP_ADDR	OBFUSCATING_COMMENT	RCVD_HELO_IP_MISMATCH	RCVD_NUMERIC_HELO	RDNS_NONE	SPF_HELO_FAIL	SPF_NEUTRAL	TWO_IPS_RCVD	URI_HEX
xval_initial/9/_spam_/0341.7c13df68bb4feae35d9ea86001a3ecad	BAYES_99	NO_DNS_FOR_FROM	RDNS_NONE	SUBJECT_NEEDS_ENCODING
xval_initial/9/_spam_/0042.21cc985cc36d931916863aed24de8c27	BAYES_99	DATE_IN_PAST_96_XX	DIET_1	DRUGS_ERECTILE	DRUG_ED_CAPS	FORGED_MUA_IMS	FROM_LOCAL_DIGITS	FROM_LOCAL_HEX	HTML_MESSAGE	INVALID_DATE	MIME_HTML_ONLY	MISSING_MIMEOLE	MSGID_OUTLOOK_INVALID	NORMAL_HTTP_TO_IP	RATWARE_MS_HASH
xval_initial/9/_spam_/00465.ca5d79d0e5dadee322c117789196ebb4	ADVANCE_FEE_2	ADVANCE_FEE_3	ADVANCE_FEE_4	BAYES_99	DATE_IN_FUTURE_06_12	DEAR_SOMETHING	FORGED_MUA_OUTLOOK	FREEMAIL_FROM	FREEMAIL_REPLYTO	HK_SCAM_N2	MILLION_USD	MSOE_MID_WRONG_CASE	RCVD_IN_NJABL_SPAM	SUBJ_ALL_CAPS	T_LOTS_OF_MONEY	URG_BIZ
xval_initial/9/_spam_/00407.7dcebe4c50bb22e0719a05ac6cc0e574	BAYES_99	EXCUSE_REMOVE	FREEMAIL_FROM	FREE_QUOTE_INSTANT	HTML_MESSAGE	IP_LINK_PLUS	MIME_HTML_ONLY	NORMAL_HTTP_TO_IP	RCVD_FAKE_HELO_DOTCOM	RDNS_NONE	SPF_HELO_FAIL	SPF_NEUTRAL	SUBJ_DOLLARS	T_LOTS_OF_MONEY	US_DOLLARS_3
xval_initial/9/_spam_/00118.141d803810acd9d4fc23db103dddfcd9	BAYES_99	BUG6152_INVALID_DATE_TZ_ABSURD	DATE_IN_FUTURE_06_12	DRUGS_ERECTILE	DRUG_ED_CAPS	DRUG_ED_ONLINE	HTML_MESSAGE	INVALID_DATE_TZ_ABSURD	MISSING_MIMEOLE	MSGID_OUTLOOK_INVALID	RATWARE_MS_HASH	RATWARE_OUTLOOK_NONAME
xval_initial/9/_spam_/00575.cbefce767b904bb435fd9162d7165e9e	BAYES_99	FREEMAIL_ENVFROM_END_DIGIT	FREEMAIL_FROM	RDNS_NONE	SPF_HELO_FAIL	SPF_SOFTFAIL	SUBJ_ALL_CAPS
xval_initial/9/_spam_/00085.f63a9484ac582233db057dbb45dc0eaf	BAYES_99	ENGLISH_UCE_SUBJECT	FIN_FREE	FORGED_MUA_OUTLOOK	MSGID_FROM_MTA_HEADER	MSOE_MID_WRONG_CASE	NO_RDNS_DOTCOM_HELO	RCVD_HELO_IP_MISMATCH	RCVD_IN_NJABL_SPAM	RCVD_NUMERIC_HELO	TRACKER_ID	TWO_IPS_RCVD	T_FILL_THIS_FORM_SHORT	T_LOTS_OF_MONEY	US_DOLLARS_3
xval_initial/9/_spam_/00869.f81e5e18fca8debeb53ec8581e902987	BAYES_99	HTML_IMAGE_RATIO_02	HTML_MESSAGE	MIME_HTML_ONLY
xval_initial/9/_spam_/00496.acf53035be6cb4c667fd342551c5d467	BAYES_99	FREEMAIL_FROM	MISSING_MIMEOLE	MSGID_OUTLOOK_INVALID	RATWARE_MS_HASH	RDNS_NONE	SPF_HELO_FAIL
xval_initial/9/_spam_/00581.aacb2f971955bb5688c298776996bd64	BAYES_99	EXCUSE_REMOVE	FREEMAIL_FROM	HTML_FONT_SIZE_HUGE	HTML_MESSAGE	IP_LINK_PLUS	MIME_HTML_ONLY	MSGID_FROM_MTA_HEADER	NORMAL_HTTP_TO_IP	RCVD_FAKE_HELO_DOTCOM	RDNS_NONE	SPF_HELO_FAIL	SPF_NEUTRAL
xval_initial/9/_spam_/01015.814d23a39e0a68a8706ef9b1ce2c7791	BAYES_99	DATE_IN_PAST_03_06	HTML_FONT_SIZE_LARGE	HTML_IMAGE_RATIO_08	HTML_MESSAGE	INVALID_MSGID	MIME_HTML_ONLY	NO_DNS_FOR_FROM	RCVD_IN_NJABL_SPAM	RDNS_NONE	SPF_HELO_FAIL	SUBJ_DOLLARS	UPPERCASE_50_75
xval_initial/9/_spam_/00485.a5d28b804adbceff7fd75ed9fc8138bb	BAYES_99	BUG6152_INVALID_DATE_TZ_ABSURD	DATE_IN_FUTURE_96_XX	FREEMAIL_ENVFROM_END_DIGIT	FREEMAIL_FROM	INVALID_DATE_TZ_ABSURD	MSGID_OUTLOOK_INVALID	RATWARE_MS_HASH	RATWARE_OUTLOOK_NONAME	RDNS_NONE	SPF_HELO_NEUTRAL	T_FILL_THIS_FORM
xval_initial/9/_spam_/00185.8ca19012fa3f2a906f23c3b41f11ffed	BAYES_99	DATE_IN_PAST_96_XX
xval_initial/9/_spam_/01081.1107d4183b8f5e41d7a31ac4ef4435ca	BAYES_99	DATE_IN_PAST_06_12	HTML_FONT_SIZE_HUGE	HTML_IMAGE_RATIO_04	HTML_MESSAGE	MIME_HTML_ONLY	RDNS_DYNAMIC	TO_NO_BRKTS_DYNIP
xval_initial/9/_spam_/00820.bc04797ff065e0ddf83cf6f61697f4fe	BAYES_99	HTML_FONT_FACE_BAD	HTML_MESSAGE	HTML_MIME_NO_HTML_TAG	HTML_TAG_BALANCE_BODY	MIME_HTML_ONLY	MIME_QP_LONG_LINE
xval_initial/9/_spam_/00497.353a61b265f11dd0bae116c0149abbe1	BAYES_99	FILL_THIS_FORM_LONG	HTML_IMAGE_RATIO_04	HTML_MESSAGE	NORMAL_HTTP_TO_IP	SPF_FAIL	T_FILL_THIS_FORM	T_LOTS_OF_MONEY
xval_initial/9/_spam_/00432.40ceb2dcb26e292ea6fd8669dfc9b4c5	ADVANCE_FEE_2	ADVANCE_FEE_3	BAYES_99	FREEMAIL_ENVFROM_END_DIGIT	FREEMAIL_FROM	HK_SCAM_N2	MILLION_USD	MSGID_FROM_MTA_HEADER	RDNS_DYNAMIC	SUBJ_ALL_CAPS	TO_NO_BRKTS_DYNIP	T_LOTS_OF_MONEY	UPPERCASE_75_100	US_DOLLARS_3
xval_initial/9/_spam_/01299.0eab794ad20a8b32dfa3d6e3fedc1b31	BAD_CREDIT	BAYES_99	BUG6152_INVALID_DATE_TZ_ABSURD	DATE_IN_FUTURE_03_06	FREEMAIL_FROM	FROM_LOCAL_NOVOWEL	FSL_HELO_NON_FQDN_1	HELO_NO_DOMAIN	HK_RANDOM_ENVFROM	HTML_FONT_SIZE_LARGE	HTML_MESSAGE	INVALID_DATE_TZ_ABSURD	MIME_HTML_ONLY	MSGID_OUTLOOK_INVALID	RATWARE_MS_HASH	RATWARE_OUTLOOK_NONAME	RDNS_NONE	SPF_SOFTFAIL	TRACKER_ID
xval_initial/9/_spam_/0488.6d41f6d7222978a3ee2b6cfbfce55a02	BAYES_99	HTML_MESSAGE	MARKETING_PARTNERS	MIME_HEADER_CTYPE_ONLY	MIME_HTML_ONLY	MSGID_FROM_MTA_HEADER	NO_DNS_FOR_FROM	RCVD_IN_NJABL_SPAM
xval_initial/9/_spam_/01358.eb6c715f631ee3d22b135adb4dc4e67d	BAYES_99	BUG6152_INVALID_DATE_TZ_ABSURD	DATE_IN_FUTURE_06_12	FORGED_HOTMAIL_RCVD2	FREEMAIL_ENVFROM_END_DIGIT	FREEMAIL_FROM	HTML_FONT_SIZE_LARGE	HTML_MESSAGE	INVALID_DATE_TZ_ABSURD	MIME_HTML_ONLY	MSGID_OUTLOOK_INVALID	RATWARE_MS_HASH	RATWARE_OUTLOOK_NONAME	RCVD_IN_NJABL_SPAM	SPF_SOFTFAIL
xval_initial/9/_spam_/01273.b738ce23f30ea10c7ad44d949d111199	BAYES_99	BUG6152_INVALID_DATE_TZ_ABSURD	DATE_IN_FUTURE_06_12	FORGED_HOTMAIL_RCVD2	FREEMAIL_FROM	HTML_FONT_SIZE_LARGE	HTML_MESSAGE	INVALID_DATE_TZ_ABSURD	MIME_HTML_ONLY	MSGID_OUTLOOK_INVALID	RATWARE_MS_HASH	RATWARE_OUTLOOK_NONAME	RCVD_IN_BRBL_LASTEXT	RCVD_IN_NJABL_SPAM	RCVD_IN_PBL	RCVD_IN_SORBS_DUL	RDNS_NONE	SPF_SOFTFAIL
xval_initial/9/_spam_/00423.bee32224fd8c9c8c06e2099d9c2adccd	ADVANCE_FEE_2	BANG_GUAR	BAYES_99	FIN_FREE	FORGED_MUA_OUTLOOK	MSOE_MID_WRONG_CASE	NO_DNS_FOR_FROM	RCVD_HELO_IP_MISMATCH	RCVD_NUMERIC_HELO	TWO_IPS_RCVD	T_FILL_THIS_FORM_SHORT	T_LOTS_OF_MONEY
xval_initial/9/_spam_/01229.bec63972cefbe62bb371ad659cd8563a	BAYES_99	DATE_IN_PAST_24_48	FORGED_MUA_OUTLOOK	FORGED_OUTLOOK_HTML	FORGED_OUTLOOK_TAGS	FORGED_YAHOO_RCVD	FREEMAIL_ENVFROM_END_DIGIT	FREEMAIL_FROM	FREEMAIL_REPLY	HTML_MESSAGE	MIME_HTML_ONLY	MSOE_MID_WRONG_CASE	RCVD_NUMERIC_HELO	RDNS_NONE
xval_initial/9/_spam_/0414.4b85e87c5b9235c72f189bf044057f15	ADVANCE_FEE_2	ADVANCE_FEE_3	ADVANCE_FEE_4	BAYES_99	DEAR_SOMETHING	FORGED_MUA_OUTLOOK	FREEMAIL_FROM	FREEMAIL_REPLY	INVALID_DATE	MILLION_USD	MIME_BASE64_TEXT	MSOE_MID_WRONG_CASE	NA_DOLLARS	SPF_FAIL	T_LOTS_OF_MONEY	URG_BIZ
xval_initial/9/_spam_/0279.4ef122899a70a2225ffb9b5c54fde1fc	BAYES_99	FORGED_MUA_IMS	FREEMAIL_ENVFROM_END_DIGIT	FREEMAIL_FROM	HTML_FONT_SIZE_HUGE	HTML_IMAGE_RATIO_04	HTML_MESSAGE	MIME_QP_LONG_LINE	MISSING_MIMEOLE	PLING_QUERY	RCVD_FAKE_HELO_DOTCOM	RDNS_DYNAMIC
xval_initial/9/_spam_/01396.e80a10644810bc2ae3c1b58c5fd38dfa	BAYES_99	HTML_MESSAGE	MARKETING_PARTNERS	MIME_HEADER_CTYPE_ONLY	MIME_HTML_ONLY	MSGID_FROM_MTA_HEADER	NO_DNS_FOR_FROM	PLING_QUERY	RCVD_IN_NJABL_SPAM
xval_initial/9/_spam_/00390.ccb6ba541b35f5e9e443a53049cd70d3	BAYES_99	HTML_MESSAGE	HTML_TAG_BALANCE_HEAD	MIME_HTML_ONLY	MISSING_MIMEOLE	MSGID_FROM_MTA_HEADER	RDNS_NONE	SPF_HELO_FAIL	UNPARSEABLE_RELAY
xval_initial/9/_spam_/01013.c6cf4f54eda63230389baccc02702034	BAYES_50	HTML_FONT_SIZE_HUGE	HTML_MESSAGE	MIME_HTML_ONLY	RCVD_IN_NJABL_SPAM	RDNS_NONE	SUBJECT_NEEDS_ENCODING	T_LOTS_OF_MONEY
xval_initial/9/_spam_/00164.8536500ed9cadc8397a63b697d043c0b	BAYES_99	DOS_OE_TO_MX	FORGED_OUTLOOK_HTML	FORGED_OUTLOOK_TAGS	HTML_MESSAGE	HTML_MIME_NO_HTML_TAG	MIME_HTML_ONLY	MISSING_MIMEOLE	MSGID_OUTLOOK_INVALID	RATWARE_MS_HASH	RCVD_IN_NJABL_SPAM	RDNS_NONE	SUBJ_ALL_CAPS	WEIRD_PORT
xval_initial/9/_spam_/00749.9887b1d7cb21083c777b0623cfdb02af	BAYES_99	FREEMAIL_FROM	HTML_MESSAGE	IMPOTENCE	MIME_HTML_ONLY	NORMAL_HTTP_TO_IP	RCVD_IN_NJABL_PROXY	RDNS_NONE	SPF_HELO_FAIL	SPF_NEUTRAL	SUSPICIOUS_RECIPS
xval_initial/9/_spam_/0429.b1077599c85314135e6d82d654c98d55	BAYES_99	DATE_IN_FUTURE_12_24	HTML_IMAGE_ONLY_08	HTML_MESSAGE	HTML_SHORT_LINK_IMG_1	MIME_HTML_ONLY	MIME_QP_LONG_LINE	MSGID_OUTLOOK_INVALID	NORMAL_HTTP_TO_IP	RATWARE_MS_HASH	RATWARE_OUTLOOK_NONAME	RDNS_NONE	SUBJ_YOUR_FAMILY
xval_initial/9/_spam_/01016.ac6ce255291deba2f46cdd8ddba3ea01	BAD_CREDIT	BAYES_99	DATE_IN_PAST_03_06	HTML_MESSAGE	MIME_HTML_ONLY	RCVD_IN_NJABL_SPAM	T_LOTS_OF_MONEY
xval_initial/9/_spam_/00040.949a3d300eadb91d8745f1c1dab51133	BAYES_99	DEAR_SOMETHING	FORGED_MUA_OUTLOOK	FORGED_YAHOO_RCVD	FREEMAIL_FROM	MSOE_MID_WRONG_CASE	NO_RDNS_DOTCOM_HELO	RCVD_FAKE_HELO_DOTCOM	RCVD_IN_DNSWL_LOW	SPF_SOFTFAIL
xval_initial/9/_spam_/0237.4716d6d5a4e89997c6ffc2d56951d57a	ADVANCE_FEE_2	ADVANCE_FEE_3	ADVANCE_FEE_4	BAYES_99	FORGED_MUA_OUTLOOK	FREEMAIL_FROM	MSOE_MID_WRONG_CASE	SPF_SOFTFAIL	T_LOTS_OF_MONEY	URG_BIZ
xval_initial/9/_spam_/0254.02daa37a4255a78f2f224f3cd2f8fa99	BAYES_50	FORGED_MUA_OUTLOOK	FORGED_OUTLOOK_HTML	FORGED_OUTLOOK_TAGS	HTML_MESSAGE	MIME_HTML_ONLY	MIME_QP_LONG_LINE	MSOE_MID_WRONG_CASE	SPF_NEUTRAL	SUBJECT_NEEDS_ENCODING	SUBJ_ALL_CAPS	SUBJ_ILLEGAL_CHARS
xval_initial/9/_spam_/00452.ed43fc952c31c82aa29646edfbecb03f	BAYES_99	DATE_IN_FUTURE_12_24	FREEMAIL_FROM	MISSING_MIMEOLE	MSGID_OUTLOOK_INVALID	RATWARE_MS_HASH	RCVD_IN_DNSWL_LOW	SPF_SOFTFAIL
xval_initial/9/_spam_/01175.345310fe11adb25711a3f95d1c88aa5c	BAYES_99	DATE_IN_PAST_03_06	FORGED_OUTLOOK_HTML	FORGED_OUTLOOK_TAGS	FORGED_YAHOO_RCVD	FREEMAIL_FROM	HTML_FONT_SIZE_HUGE	HTML_IMAGE_ONLY_32	HTML_IMAGE_RATIO_08	HTML_MESSAGE	MIME_BASE64_BLANKS	MIME_HTML_ONLY	MISSING_MIMEOLE	MSGID_OUTLOOK_INVALID	RATWARE_MS_HASH	RCVD_FAKE_HELO_DOTCOM	RCVD_IN_PBL	RCVD_IN_SORBS_DUL	RCVD_NUMERIC_HELO	RDNS_DYNAMIC	TO_NO_BRKTS_DYNIP
xval_initial/9/_spam_/00054.62863160db27f89df8c73275b6dae134	BAYES_99	DATE_IN_PAST_03_06	ENGLISH_UCE_SUBJECT	FREE_QUOTE_INSTANT	NO_DNS_FOR_FROM	RDNS_NONE
xval_initial/9/_spam_/00159.6b641c70d79fd5a69b84a94b4e88150a	BAYES_99	DATE_IN_PAST_96_XX	INVALID_DATE	MISSING_MIMEOLE	MONEY_BACK	MSGID_OUTLOOK_INVALID	RATWARE_MS_HASH	RCVD_IN_NJABL_SPAM	RDNS_NONE
xval_initial/9/_spam_/00172.7fe063c5f90c46934dc79a83d9fdabfe	BAYES_99	BUG6152_INVALID_DATE_TZ_ABSURD	DATE_IN_FUTURE_06_12	FORGED_HOTMAIL_RCVD2	FREEMAIL_FROM	HTML_FONT_SIZE_HUGE	HTML_MESSAGE	INVALID_DATE_TZ_ABSURD	MIME_HTML_ONLY	MIME_QP_LONG_LINE	MSGID_OUTLOOK_INVALID	RATWARE_MS_HASH	RATWARE_OUTLOOK_NONAME	SPF_SOFTFAIL
xval_initial/9/_spam_/00649.f2906445faa39d4fa49b944a6729eef9	BAYES_99	DATE_IN_PAST_24_48	DNS_FROM_RFC_DSN	EXCUSE_REMOVE	MSGID_OUTLOOK_INVALID	NO_DNS_FOR_FROM	RATWARE_MS_HASH	RATWARE_OUTLOOK_NONAME	RCVD_IN_NJABL_SPAM	RDNS_NONE	SPF_HELO_FAIL
xval_initial/9/_spam_/0006.7a32642f8c22bbeb85d6c3b5f3890a2c	BAYES_99	DNS_FROM_RFC_BOGUSMX	T_LOTS_OF_MONEY
xval_initial/9/_spam_/00334.a1038f98abb76b403d068afb57bfb290	BAYES_99	HTML_MESSAGE	HTML_MIME_NO_HTML_TAG	HTML_OBFUSCATE_05_10	MIME_HTML_ONLY	MSGID_FROM_MTA_HEADER	NO_DNS_FOR_FROM	RCVD_IN_RP_RNBL	RCVD_IN_SORBS_DUL	RDNS_DYNAMIC	TO_NO_BRKTS_DYNIP	T_LOTS_OF_MONEY
xval_initial/9/_spam_/00107.e6cd2d9f49514710dc85db0fef5b8726	BAYES_99	BODY_ENHANCEMENT	BODY_ENHANCEMENT2	HK_NAME_FREE	HTML_IMAGE_ONLY_08	HTML_MESSAGE	HTML_SHORT_LINK_IMG_1	MIME_HTML_ONLY	WEIRD_PORT
xval_initial/9/_spam_/00412.2498d35d4ac806f77e31a17839d5c4c2	BAYES_99	DATE_IN_PAST_03_06	RDNS_NONE	SPF_HELO_FAIL
xval_initial/9/_spam_/00464.8240aba24840864cb7439fc03f94ef6e	BAYES_99	DATE_IN_PAST_03_06	ENGLISH_UCE_SUBJECT	FREE_QUOTE_INSTANT	FROM_OFFERS
xval_initial/9/_spam_/00119.7bd666ac52f079fb3b5ff0be83b55286	BAYES_99	BUG6152_INVALID_DATE_TZ_ABSURD	DATE_IN_FUTURE_06_12	EXCUSE_REMOVE	FREEMAIL_FROM	FSL_HELO_NON_FQDN_1	HELO_NO_DOMAIN	HTML_EXTRA_CLOSE	HTML_MESSAGE	INVALID_DATE_TZ_ABSURD	MIME_HTML_ONLY	MSGID_OUTLOOK_INVALID	NORMAL_HTTP_TO_IP	RATWARE_MS_HASH	RATWARE_OUTLOOK_NONAME	RCVD_IN_NJABL_SPAM	RCVD_IN_RP_RNBL	RCVD_IN_SORBS_DUL	SPF_SOFTFAIL
xval_initial/9/_spam_/01344.43dbbbac0d006790dd696123d455f5b9	BAYES_99	RDNS_NONE
xval_initial/9/_spam_/00821.b64c27e913e301f038ebfaa433f16f35	BAD_CREDIT	BAYES_99	BUG6152_INVALID_DATE_TZ_ABSURD	HK_NAME_FREE	HTML_FONT_SIZE_LARGE	HTML_MESSAGE	INVALID_DATE_TZ_ABSURD	MIME_HTML_ONLY	MIME_QP_LONG_LINE	MSGID_OUTLOOK_INVALID	RATWARE_MS_HASH	RATWARE_OUTLOOK_NONAME
xval_initial/9/_spam_/00396.6fc0d31374c02ec5614f503a09a37211	BANG_GUAR	BAYES_99	BUG6152_INVALID_DATE_TZ_ABSURD	DATE_IN_FUTURE_06_12	EXCUSE_24	FORGED_HOTMAIL_RCVD2	FREEMAIL_FROM	HTML_FONT_LOW_CONTRAST	HTML_MESSAGE	INVALID_DATE_TZ_ABSURD	MIME_HTML_ONLY	MIME_QP_LONG_LINE	MSGID_OUTLOOK_INVALID	NORMAL_HTTP_TO_IP	RATWARE_MS_HASH	RATWARE_OUTLOOK_NONAME	RDNS_NONE	SPF_SOFTFAIL
xval_initial/9/_spam_/00805.af972b92b6ba79eb4d44ff76835ebd89	BAYES_99	FORGED_YAHOO_RCVD	FREEMAIL_FROM	FROM_BLANK_NAME
xval_initial/9/_spam_/00465.81b738fc646c03b1db38a456cd087ad7	BAYES_99	DATE_IN_PAST_03_06	MISSING_MIMEOLE	MSGID_OUTLOOK_INVALID	RATWARE_MS_HASH	RCVD_FAKE_HELO_DOTCOM	RCVD_NUMERIC_HELO	RDNS_NONE	SPF_HELO_FAIL
xval_initial/9/_spam_/00723.7d2f1e26ae8cbab862459e33db405be1	BAYES_99	DEAR_SOMETHING	MIME_BASE64_TEXT	RDNS_NONE
xval_initial/9/_spam_/00520.892a859ed7b0c96d56ae83e4f6ee6b11	BAYES_50	HTML_IMAGE_RATIO_08	HTML_MESSAGE	NORMAL_HTTP_TO_IP	SPF_FAIL	SPF_HELO_FAIL
xval_initial/9/_spam_/00246.4dc5830a5a3e1fda805613b61822bac8	BAYES_99	FREEMAIL_FROM	HK_RANDOM_ENVFROM	HTML_MESSAGE	MARKETING_PARTNERS	MIME_HTML_ONLY	MISSING_MIMEOLE	RDNS_NONE	SPF_NEUTRAL
xval_initial/9/_spam_/00508.a5b222ad6078c7242f6c73333e009d98	BAYES_99	DATE_IN_PAST_12_24	DNS_FROM_RFC_DSN	FILL_THIS_FORM_LONG	FORGED_MUA_OUTLOOK	INVALID_DATE	MISSING_MIMEOLE	MSGID_FROM_MTA_HEADER	MSOE_MID_WRONG_CASE	RDNS_NONE	SPF_FAIL	SPF_HELO_FAIL	T_FILL_THIS_FORM	T_LOTS_OF_MONEY
xval_initial/9/_spam_/01370.38a1c6fbbad5804a9978112005535de1	BAYES_99	FREEMAIL_ENVFROM_END_DIGIT	FREEMAIL_FROM	NORMAL_HTTP_TO_IP
xval_initial/9/_spam_/00972.5290463cd76d76c7dc9e2d2fb88cb8d1	BANG_GUAR	BAYES_99	DATE_IN_PAST_12_24	HTML_MESSAGE	MIME_HTML_ONLY	MISSING_MIMEOLE	MSGID_OUTLOOK_INVALID	RATWARE_MS_HASH	RCVD_IN_NJABL_SPAM	RCVD_NUMERIC_HELO	T_FILL_THIS_FORM_SHORT
xval_initial/9/_spam_/0278.229f1cdd03eb4e6ff86e9fd29551f577	BAYES_99	FORGED_YAHOO_RCVD	FREEMAIL_FROM	HTML_FONT_SIZE_HUGE	HTML_MESSAGE	MIME_HTML_ONLY	REPTO_QUOTE_YAHOO	SPF_NEUTRAL	SUBJ_ALL_CAPS
xval_initial/9/_spam_/00761.00d729b279723c9ae9d8f09e171db301	BAD_CREDIT	BAYES_99	BUG6152_INVALID_DATE_TZ_ABSURD	DATE_IN_FUTURE_06_12	FREEMAIL_FROM	FREEMAIL_REPLYTO	HTML_IMAGE_ONLY_20	HTML_MESSAGE	HTML_SHORT_LINK_IMG_3	INVALID_DATE_TZ_ABSURD	IP_LINK_PLUS	MIME_HTML_ONLY	MIME_QP_LONG_LINE	MSGID_OUTLOOK_INVALID	NORMAL_HTTP_TO_IP	RATWARE_MS_HASH	RATWARE_OUTLOOK_NONAME	RDNS_NONE	SPF_SOFTFAIL
xval_initial/9/_spam_/00112.be81f2f6f7940a9403c9809b4a9e243a	BAYES_99	FREEMAIL_FROM	MISSING_MIMEOLE	MSGID_OUTLOOK_INVALID	RATWARE_EGROUPS	RATWARE_MS_HASH	RCVD_IN_NJABL_SPAM	RDNS_NONE	T_LOTS_OF_MONEY
xval_initial/9/_spam_/00618.3407355607b3c336ddee20b1435abf01	BAYES_99	DNS_FROM_RFC_DSN	HTML_IMAGE_ONLY_08	HTML_IMAGE_RATIO_02	HTML_MESSAGE	HTML_SHORT_LINK_IMG_1	HTTP_ESCAPED_HOST	HTTP_EXCESSIVE_ESCAPES	MIME_HTML_ONLY	MSGID_FROM_MTA_HEADER	RDNS_NONE	SPF_FAIL	SPF_HELO_FAIL	SUSPICIOUS_RECIPS	T_FROM_MISSPACED
xval_initial/9/_spam_/00160.cec5f611ae665ff0add6c4928d47f2be	BANG_GUAR	BAYES_99	BUG6152_INVALID_DATE_TZ_ABSURD	DATE_IN_FUTURE_06_12	DIET_1	FREEMAIL_FROM	FSL_HELO_NON_FQDN_1	GUARANTEED_100_PERCENT	HELO_NO_DOMAIN	HTTP_ESCAPED_HOST	HTTP_EXCESSIVE_ESCAPES	INVALID_DATE_TZ_ABSURD	MSGID_OUTLOOK_INVALID	MSOE_MID_WRONG_CASE	RATWARE_MS_HASH	RCVD_IN_NJABL_SPAM	RCVD_IN_PBL	RCVD_IN_RP_RNBL	RDNS_DYNAMIC	SPF_SOFTFAIL	SUSPICIOUS_RECIPS
xval_initial/9/_spam_/0461.27302a2e94d8948f8a81a7d4c8566cf0	BAYES_99	FREEMAIL_FROM	FREEMAIL_REPLY	HTML_MESSAGE	MIME_HTML_ONLY	SPF_SOFTFAIL	T_FILL_THIS_FORM_SHORT	T_LOTS_OF_MONEY	US_DOLLARS_3
xval_initial/9/_spam_/01059.3bb25dd5704c3e29081ef39c7cb0a200	ADVANCE_FEE_2	BAD_CREDIT	BANG_GUAR	BAYES_99	DATE_IN_PAST_06_12	DIET_1	FORGED_OUTLOOK_HTML	FORGED_OUTLOOK_TAGS	HTML_FONT_SIZE_HUGE	HTML_MESSAGE	MIME_HTML_ONLY	MISSING_MIMEOLE	MONEY_BACK	MSGID_OUTLOOK_INVALID	RATWARE_MS_HASH	RCVD_NUMERIC_HELO	T_LOTS_OF_MONEY
xval_initial/9/_spam_/00574.66c2cbfe0151a4a658cec4e67d6cab14	BAYES_50	HTML_IMAGE_ONLY_20	HTML_MESSAGE	MIME_HTML_MOSTLY	MPART_ALT_DIFF
xval_initial/9/_spam_/00469.ee3b2f31459cc2ec43ae7cae00d40cf6	BAYES_99	ENGLISH_UCE_SUBJECT	FROM_OFFERS
xval_initial/9/_spam_/00218.e921fa1953a3abd17be5099b06444522	BANG_GUAR	BAYES_99	BUG6152_INVALID_DATE_TZ_ABSURD	DATE_IN_FUTURE_12_24	FILL_THIS_FORM_LONG	FORGED_YAHOO_RCVD	FREEMAIL_ENVFROM_END_DIGIT	FREEMAIL_FROM	HTML_FONT_LOW_CONTRAST	HTML_MESSAGE	HTTP_ESCAPED_HOST	HTTP_EXCESSIVE_ESCAPES	INVALID_DATE_TZ_ABSURD	MIME_HTML_ONLY	MIME_QP_LONG_LINE	MSGID_OUTLOOK_INVALID	RATWARE_MS_HASH	RATWARE_OUTLOOK_NONAME	RDNS_NONE	SPF_HELO_FAIL	SUSPICIOUS_RECIPS	T_FILL_THIS_FORM	T_LOTS_OF_MONEY	URI_HEX
xval_initial/9/_spam_/0486.348918a564335556b4fdd8b82f939918	BAYES_99	HTML_IMAGE_RATIO_04	HTML_MESSAGE	NORMAL_HTTP_TO_IP	NO_DNS_FOR_FROM	T_FILL_THIS_FORM_SHORT	T_LOTS_OF_MONEY
xval_initial/9/_spam_/01112.ded20e59cd4ac9ad9607ce6cfe268ecc	BAD_CREDIT	BAYES_99	BUG6152_INVALID_DATE_TZ_ABSURD	DATE_IN_FUTURE_06_12	FREEMAIL_FROM	HTML_FONT_SIZE_HUGE	HTML_MESSAGE	INVALID_DATE_TZ_ABSURD	MIME_HTML_ONLY	MSGID_OUTLOOK_INVALID	RATWARE_MS_HASH	RATWARE_OUTLOOK_NONAME	RDNS_NONE	SPF_HELO_FAIL	SPF_SOFTFAIL	T_LOTS_OF_MONEY	US_DOLLARS_3
xval_initial/9/_spam_/01202.4ec06d178a19d7972daf54bc3ba958ff	BAYES_99	BUG6152_INVALID_DATE_TZ_ABSURD	DATE_IN_FUTURE_06_12	FREEMAIL_FROM	FREEMAIL_REPLYTO	HTML_IMAGE_ONLY_20	HTML_MESSAGE	HTML_SHORT_LINK_IMG_3	INVALID_DATE_TZ_ABSURD	MIME_HTML_ONLY	MSGID_OUTLOOK_INVALID	NORMAL_HTTP_TO_IP	NO_RDNS_DOTCOM_HELO	RATWARE_MS_HASH	RATWARE_OUTLOOK_NONAME	RDNS_NONE	SPF_SOFTFAIL
xval_initial/9/_spam_/00318.8487006b2a3599ba69edefe8b9cc98d5	BAYES_99	FREEMAIL_FROM	NORMAL_HTTP_TO_IP	RDNS_NONE	SPF_HELO_FAIL
xval_initial/9/_spam_/00317.902b19a36e88cd3ad096e736ff8c81a5	BAYES_99	DATE_IN_PAST_03_06	DIET_1	FS_START_LOSE	HTML_IMAGE_ONLY_12	HTML_IMAGE_RATIO_02	HTML_MESSAGE	HTML_SHORT_LINK_IMG_2	MIME_HEADER_CTYPE_ONLY	MIME_HTML_ONLY	RCVD_IN_NJABL_SPAM	RDNS_NONE	SPF_HELO_FAIL
xval_initial/9/_spam_/00614.974cdf353242f9286fbcc34673d9f28a	BAYES_99	DIET_1	FB_GVR	FH_FROM_GET_NAME	FREEMAIL_FROM	FSL_HELO_BARE_IP_1	MSGID_FROM_MTA_HEADER	RCVD_NUMERIC_HELO	RDNS_NONE	TRACKER_ID	TVD_RCVD_IP	TVD_RCVD_IP4
xval_initial/9/_spam_/0269.5b147e2f10b02f4a478036a0b495323e	BAYES_99	DEAR_SOMETHING	HTML_MESSAGE	MIME_HTML_ONLY	NO_DNS_FOR_FROM	RCVD_IN_BRBL_LASTEXT	RDNS_NONE	SPF_NEUTRAL
xval_initial/9/_spam_/0365.212dff15cc46d4650d9a270bf595b42f	BAYES_99	EXCUSE_24	FAKE_REPLY_C	FORGED_MUA_OUTLOOK	FREEMAIL_FROM	IP_LINK_PLUS	MSGID_FROM_MTA_HEADER	MSOE_MID_WRONG_CASE	NORMAL_HTTP_TO_IP	RCVD_HELO_IP_MISMATCH	RCVD_IN_NJABL_PROXY	RCVD_NUMERIC_HELO	TRACKER_ID	TWO_IPS_RCVD	T_LOTS_OF_MONEY
xval_initial/9/_spam_/00278.b62c5fc23a2f87760696cb9fa51f073c	ADVANCE_FEE_2	ADVANCE_FEE_3	ADVANCE_FEE_4	BAYES_99	DATE_IN_FUTURE_24_48	DEAR_SOMETHING	FORGED_MUA_OUTLOOK	MSOE_MID_WRONG_CASE	T_LOTS_OF_MONEY	URG_BIZ
xval_initial/9/_spam_/00390.ce19abc8034db9e6b435d494a91db87a	ADVANCE_FEE_2	ADVANCE_FEE_3	ADVANCE_FEE_4	BAYES_99	DEAR_SOMETHING	FREEMAIL_FROM	FREEMAIL_REPLY	INVALID_DATE	RCVD_FAKE_HELO_DOTCOM	RCVD_IN_PBL	RCVD_IN_RP_RNBL	RCVD_IN_SORBS_DUL	SPF_FAIL	T_LOTS_OF_MONEY	URG_BIZ
xval_initial/9/_spam_/00109.eda1664dd3b3c31b67e5cd04553b6546	BAYES_99	FORGED_OUTLOOK_HTML	FORGED_OUTLOOK_TAGS	FREEMAIL_ENVFROM_END_DIGIT	FREEMAIL_FROM	FREEMAIL_REPLYTO	HTML_MESSAGE	MIME_HTML_ONLY	MISSING_MIMEOLE	MSGID_OUTLOOK_INVALID	MSOE_MID_WRONG_CASE	NO_RDNS_DOTCOM_HELO	RATWARE_MS_HASH	RCVD_FAKE_HELO_DOTCOM	RCVD_IN_NJABL_SPAM	SPF_FAIL
xval_initial/9/_spam_/01325.cf45b154c74e16a83def9f17383b5756	BAYES_99	EXCUSE_REMOVE	FORGED_MUA_IMS	FSL_HELO_BARE_IP_1	HTML_FONT_SIZE_LARGE	HTML_MESSAGE	MIME_HTML_ONLY	MSGID_FROM_MTA_HEADER	RCVD_HELO_IP_MISMATCH	RCVD_NUMERIC_HELO	RDNS_NONE	SPF_NEUTRAL	TWO_IPS_RCVD
xval_initial/9/_spam_/00424.762694cd4e29f39d544e03cd3c974a25	BAYES_99	HTML_IMAGE_RATIO_04	HTML_MESSAGE	NORMAL_HTTP_TO_IP	SPF_FAIL	T_FILL_THIS_FORM_SHORT	T_LOTS_OF_MONEY
xval_initial/9/_spam_/01026.dffc6a0b029914be9fc6ef23570dad14	BAYES_99	DIET_1	DRUGS_DIET	DRUGS_ERECTILE	FB_GVR	FREEMAIL_FROM	FROM_MISSP_FREEMAIL	HTML_MESSAGE	MIME_HTML_ONLY	NO_DNS_FOR_FROM	NO_RDNS_DOTCOM_HELO	RDNS_NONE	T_FROM_MISSPACED
xval_initial/9/_spam_/00252.3b352c8a7266026be4f1c1ba89690cfc	BAYES_99	BUG6152_INVALID_DATE_TZ_ABSURD	DATE_IN_FUTURE_12_24	DRUGS_ANXIETY	INVALID_DATE_TZ_ABSURD	MSGID_FROM_MTA_HEADER	RDNS_NONE	SPF_HELO_FAIL	T_LOTS_OF_MONEY
xval_initial/9/_spam_/0290.13035c75be0d5b447a10e2263f8c1361	BAYES_99	DATE_IN_PAST_06_12	FREEMAIL_FROM	MISSING_MIMEOLE	MSGID_OUTLOOK_INVALID	MSOE_MID_WRONG_CASE	RATWARE_MS_HASH	RCVD_FAKE_HELO_DOTCOM	RCVD_IN_DNSWL_LOW	RCVD_IN_NJABL_SPAM	SPF_SOFTFAIL	T_LOTS_OF_MONEY
xval_initial/9/_spam_/00126.e98e1ba87a38e0cceeb55f3b86dbd4dd	BAYES_99	BUG6152_INVALID_DATE_TZ_ABSURD	DATE_IN_FUTURE_06_12	DIET_1	FSL_HELO_NON_FQDN_1	HELO_NO_DOMAIN	HK_RANDOM_ENVFROM	HTML_MESSAGE	HTML_TITLE_SUBJ_DIFF	INVALID_DATE_TZ_ABSURD	MSGID_OUTLOOK_INVALID	NORMAL_HTTP_TO_IP	RATWARE_MS_HASH	RATWARE_OUTLOOK_NONAME
xval_initial/9/_spam_/00611.58f9a1db64c83da2bfd3b1acf8d38338	ADVANCE_FEE_2	ADVANCE_FEE_3	ADVANCE_FEE_4	BAYES_99	DEAR_SOMETHING	FORGED_MUA_OUTLOOK	FREEMAIL_REPLYTO	MSOE_MID_WRONG_CASE	RDNS_NONE	SPF_HELO_FAIL	SUBJ_ALL_CAPS	T_LOTS_OF_MONEY
xval_initial/9/_spam_/00247.df14a81cd82cf37e4a125dba41ca21e1	BAYES_99	DATE_IN_FUTURE_06_12	ENGLISH_UCE_SUBJECT	FREE_QUOTE_INSTANT	NORMAL_HTTP_TO_IP	NO_DNS_FOR_FROM	RCVD_IN_NJABL_SPAM	RDNS_NONE	SPF_HELO_FAIL
xval_initial/9/_spam_/01350.31d85a79d8c3b80069316daf56176820	BAYES_99	DATE_IN_PAST_24_48	EXCUSE_24	FORGED_MUA_OUTLOOK	FORGED_OUTLOOK_HTML	FORGED_OUTLOOK_TAGS	FORGED_YAHOO_RCVD	FREEMAIL_ENVFROM_END_DIGIT	FREEMAIL_FROM	HTML_MESSAGE	MIME_HTML_ONLY	MSGID_FROM_MTA_HEADER	MSOE_MID_WRONG_CASE	NORMAL_HTTP_TO_IP	RCVD_NUMERIC_HELO	RDNS_DYNAMIC	TO_NO_BRKTS_DYNIP
xval_initial/9/_spam_/00509.385c788f39e46a86be4c6af8679a0c80	BAYES_99	DATE_IN_PAST_12_24	DNS_FROM_RFC_DSN	FILL_THIS_FORM_LONG	FORGED_MUA_OUTLOOK	INVALID_DATE	MISSING_MIMEOLE	MSGID_FROM_MTA_HEADER	MSOE_MID_WRONG_CASE	RDNS_NONE	SPF_FAIL	SPF_HELO_FAIL	T_FILL_THIS_FORM	T_LOTS_OF_MONEY
xval_initial/9/_spam_/0231.30ae582570716a95e79c87a2de31cb30	BAYES_99	FORGED_OUTLOOK_HTML	FORGED_OUTLOOK_TAGS	FREEMAIL_ENVFROM_END_DIGIT	FREEMAIL_FROM	FREEMAIL_REPLYTO	HTML_MESSAGE	MIME_HTML_ONLY	MISSING_MIMEOLE	MSGID_OUTLOOK_INVALID	MSOE_MID_WRONG_CASE	NO_RDNS_DOTCOM_HELO	RATWARE_MS_HASH	RCVD_FAKE_HELO_DOTCOM	SPF_FAIL
