xval_initial/9/_ham_/00035.a0e0e8cdca0b8352a9e9c2c81e5d5cd7	BAYES_00	HTML_FONT_SIZE_LARGE	HTML_MESSAGE	MIME_HTML_ONLY	SPF_FAIL
xval_initial/9/_ham_/00353.ec01b62420323fffe253643fe0439c86	BAYES_00	RDNS_NONE
xval_initial/9/_ham_/00286.74f122eeb4cd901867d74f5676c85809	BAYES_00	SPF_HELO_FAIL
xval_initial/9/_ham_/1115.e88f46679ef431c8b88cafdd3d21b8ac	BAYES_00	SPF_HELO_FAIL
xval_initial/9/_ham_/2330.854fdf89bd1ad6013aa5188ca205f6ba	ALL_TRUSTED	BAYES_00	DNS_FROM_RFC_DSN
xval_initial/9/_ham_/00370.65240cb1d838553639998a0e4b0d0e6d	BAYES_00	RCVD_IN_DNSWL_LOW	SPF_SOFTFAIL
xval_initial/9/_ham_/00948.45f4b4bb682dc47ef46832c9c6fc7499	BAYES_00	FREEMAIL_FROM	RDNS_NONE
xval_initial/9/_ham_/00981.dd77f2de86eee8dec6c3c8a87d78f492	BAYES_00	RDNS_NONE
xval_initial/9/_ham_/01905.5ef2d9dfa4dc1df5e1c2cc2f7f694092	ALL_TRUSTED	BAYES_00
xval_initial/9/_ham_/0016.d82758030e304d41fb3f4ebbb7d9dd91	BAYES_00
xval_initial/9/_ham_/00404.fb2c69f7df37b12bc62737254d0ea36a	BAYES_00	FREEMAIL_FROM	MSOE_MID_WRONG_CASE	RDNS_NONE
xval_initial/9/_ham_/0638.70122b70a334560fdbc450b6516bf752	BAYES_00	RDNS_NONE
xval_initial/9/_ham_/01225.71c8590849d96555fde5e7808616b484	BAYES_00	SPF_HELO_FAIL
xval_initial/9/_ham_/00711.6a9d9ebbb5c459d2877ac8a064eb1bae	BAYES_00	RDNS_NONE
xval_initial/9/_ham_/0330.5bb543263217abfd949c7c2060ab0a7e	BAYES_00	SPF_HELO_FAIL
xval_initial/9/_ham_/01063.ad3449bd2890a29828ac3978ca8c02ab	BAYES_00
xval_initial/9/_ham_/01956.48e99fecde779559c37f2cbe80268a5f	ALL_TRUSTED	BAYES_00
xval_initial/9/_ham_/01261.8335ae817bc240842df41dd7c3de2420	BAYES_00	SPF_HELO_FAIL
xval_initial/9/_ham_/00518.75a6106951badcc0b22c46612fd3b960	BAYES_00	RCVD_IN_DNSWL_LOW	SPF_SOFTFAIL
xval_initial/9/_ham_/00792.0456a0df8da92cfb4d989b517ed0ff57	BAYES_00
xval_initial/9/_ham_/0450.8c49e2b6003571f6fa2911c172bec2c9	BAYES_00	SPF_HELO_FAIL
xval_initial/9/_ham_/0157.18c5e181c72acfc3a501a82907e58a59	BAYES_00
xval_initial/9/_ham_/1437.8bf8819fa24490f892b73ba41821d950	BAYES_00
xval_initial/9/_ham_/00932.022257926109e7a87021f0ae690792be	BAYES_00	RDNS_NONE
xval_initial/9/_ham_/02487.c2e725d509201dc30debb7bd94d07f5e	BAYES_00
xval_initial/9/_ham_/2544.1a95794a767c776e71893fda91f59efb	ALL_TRUSTED	BAYES_00	DNS_FROM_RFC_DSN
xval_initial/9/_ham_/00736.95ca3601862ea15634f3dec16aef3e4b	BAYES_00	RDNS_NONE
xval_initial/9/_ham_/02180.634c51a827a89348307b598dda197cdf	ALL_TRUSTED	BAYES_00
xval_initial/9/_ham_/00281.a143a6b20ae0f54335a78d477b3d82fe	BAYES_00	SPF_HELO_FAIL
xval_initial/9/_ham_/01298.65b9c164b1fc671b0c050ff3f82e77d2	BAYES_00	SPF_HELO_FAIL
xval_initial/9/_ham_/01860.e3c05c35ba29c002364a701b79ceb7d1	ALL_TRUSTED	BAYES_00
xval_initial/9/_ham_/0138.6f5a6164234f79dfaaa530134395bef1	BAYES_00	HTML_MESSAGE	SPF_FAIL
xval_initial/9/_ham_/2135.bb604c195ad3bf3e2875f889ab46f39b	ALL_TRUSTED	BAYES_00	DNS_FROM_RFC_DSN
xval_initial/9/_ham_/01501.78f2f952275ec4ddeb969cf596d3ac66	BAYES_00	URIBL_GREY
xval_initial/9/_ham_/2036.6d6802d956648b98383d9188257a364f	ALL_TRUSTED	BAYES_00	DNS_FROM_RFC_DSN
xval_initial/9/_ham_/0628.731724cb11140a651d8ad58451ea5c79	BAYES_00	RDNS_NONE
xval_initial/9/_ham_/2037.8eee0e6738beed8805727cca45c8b29b	ALL_TRUSTED	BAYES_00	DNS_FROM_RFC_DSN
xval_initial/9/_ham_/00926.11b20c87f289b3743af174cd5a1d2c4f	BAYES_00
xval_initial/9/_ham_/02396.0a7da4e5438d7316dd2fa1cf838dce13	ALL_TRUSTED	BAYES_00
xval_initial/9/_ham_/1943.d1cf11c72e02c4c94cbd3a4b52c71ff0	ALL_TRUSTED	BAYES_00	DNS_FROM_RFC_DSN
xval_initial/9/_ham_/0929.78a3fcddf914132d873019c8925b0669	BAYES_00	RDNS_NONE
xval_initial/9/_ham_/00225.13c1eaece69dd93afacadb48189e65fc	BAYES_00	FREEMAIL_FROM	MSOE_MID_WRONG_CASE	T_LOTS_OF_MONEY
xval_initial/9/_ham_/1259.d92f1723cffd8ab2d3987feec1904dfe	BAYES_00	DNS_FROM_RFC_DSN
xval_initial/9/_ham_/01322.dc0ceb10b41192a02bdf543ca558ce95	BAYES_00
xval_initial/9/_ham_/02394.be97a45948bd954bae8fe8489de926f0	ALL_TRUSTED	BAYES_00
xval_initial/9/_ham_/2519.4b5c7eea59a27b30bb33503d1be85950	ALL_TRUSTED	BAYES_00	DNS_FROM_RFC_DSN
xval_initial/9/_ham_/00319.2c5f52556f53f685fc0a72c6c12cd590	BAYES_00	RDNS_NONE
xval_initial/9/_ham_/00424.9975dd35a0bc8834d9ccd7dfb27ae7e6	BAYES_00	FREEMAIL_FROM	RDNS_NONE
xval_initial/9/_ham_/01087.492999865b0156883f459238ccd1c8ec	BAYES_00	RDNS_NONE
xval_initial/9/_ham_/0237.a21d745179e22d780194543b7ad765ec	BAYES_00	RDNS_NONE
xval_initial/9/_ham_/1792.f3dfa7db118b7738bcdaa1cd81a0f1e2	BAYES_00	MISSING_HEADERS	NO_RECEIVED	NO_RELAYS
xval_initial/9/_ham_/01678.8f5053b1fda58d8224b0fb4827413912	BAYES_00	FREEMAIL_FROM	MISSING_HEADERS	NO_RECEIVED	NO_RELAYS
xval_initial/9/_ham_/00443.cbff6c2a1679fe0ffa99c07c61c123ae	BAYES_00
xval_initial/9/_ham_/0066.d168110777d3c36b0e47114d37ea7ac9	BAYES_00	DATE_IN_PAST_03_06	HS_INDEX_PARAM	HTML_MESSAGE	LOW_PRICE	MIME_HTML_ONLY	NO_DNS_FOR_FROM
xval_initial/9/_ham_/00707.2439cb7e02ff7c87aafc09956f89ea28	BAYES_00	RDNS_NONE
xval_initial/9/_ham_/01302.cbf42d4aed61e63dbe1a19ce484b7fde	BAYES_00
xval_initial/9/_ham_/00613.b8dd681e75a5583349b54f16991b096b	BAYES_00	FREEMAIL_FROM	RDNS_NONE
xval_initial/9/_ham_/1226.7d2cdef974037d299c744b765e792641	BAYES_00	DNS_FROM_RFC_DSN
xval_initial/9/_ham_/0127.a26e8e698f479e0baf3d41c47ffcd33c	BAYES_00	DATE_IN_PAST_03_06	HK_NAME_DRUGS	HS_INDEX_PARAM	HTML_MESSAGE	LOW_PRICE	MIME_HTML_ONLY	NO_DNS_FOR_FROM
xval_initial/9/_ham_/01215.aefa2bc36c007867211c5d6ec6ec801f	BAYES_00	SPF_HELO_FAIL
xval_initial/9/_ham_/2246.b66caa903ee41f0f8d81281f1ab1bd8e	ALL_TRUSTED	BAYES_00	DNS_FROM_RFC_DSN	SUBJECT_NEEDS_ENCODING	T_LOTS_OF_MONEY
xval_initial/9/_ham_/0925.c1066ea70b0e714fcea10b379e32d573	BAYES_00	RDNS_NONE
xval_initial/9/_ham_/01355.9604b641ed970d50b35f2ec2af848e1f	BAYES_00
xval_initial/9/_ham_/01862.0f817e5ccbe32d7e7ed0886f2393b887	ALL_TRUSTED	BAYES_00
xval_initial/9/_ham_/00277.0b91824bfb092e74957ecff204754944	BAYES_00	FREEMAIL_FROM	SPF_HELO_FAIL
xval_initial/9/_ham_/0304.73bb5ec3f02f4db15750531e226b1cb8	BAYES_00	MSOE_MID_WRONG_CASE	SPF_SOFTFAIL
xval_initial/9/_ham_/2211.36674c8f8ad0cccd398909c857bdde50	ALL_TRUSTED	BAYES_00	DNS_FROM_RFC_DSN
xval_initial/9/_ham_/0193.db3e40c7d92cc223f91149f8d3a4e1b2	BAYES_00	HTML_MESSAGE	SPF_FAIL
xval_initial/9/_ham_/00424.e39b1db8cf5575572abb4482fd3fced3	BAYES_00	SPF_SOFTFAIL
xval_initial/9/_ham_/00235.c3a09c057f8fec7d833a8f38062b9a48	BAYES_00
xval_initial/9/_ham_/1851.69dcabe5a5fe6ffc5e20522e4c5477e4	BAYES_00	FREEMAIL_FROM	MISSING_HEADERS	NO_RECEIVED	NO_RELAYS
xval_initial/9/_ham_/1145.34a6c095d84e586da2b0177b7914882f	BAYES_00
xval_initial/9/_ham_/1117.571c1399a9b49bf25062fcd2242d72f1	BAYES_00	SPF_HELO_FAIL
xval_initial/9/_ham_/2480.d652d7fb8b29ab26269aa5668f3e0035	ALL_TRUSTED	BAYES_00	DNS_FROM_RFC_DSN
xval_initial/9/_ham_/00069.1477f740f56d3e0bd132ad70993edda5	BAYES_00	SPF_HELO_FAIL
xval_initial/9/_ham_/1272.812e1f9e9143c336f6a351d8abf6fdc5	BAYES_00	SPF_HELO_FAIL
xval_initial/9/_ham_/00505.15d586847e2892ae31edf11d6c57b855	BAYES_00	DNS_FROM_RFC_DSN	RCVD_IN_DNSWL_LOW
xval_initial/9/_ham_/01826.ad12430bacae88235edc88001bf80c9e	ALL_TRUSTED	BAYES_00
xval_initial/9/_ham_/2335.3d993d80cc19564416e607f82b4a6422	ALL_TRUSTED	BAYES_00	DNS_FROM_RFC_DSN
xval_initial/9/_ham_/0934.e85452a78cc528b9b99dac7ae0af5d82	BAYES_00	FREEMAIL_FROM	RDNS_NONE
xval_initial/9/_ham_/00505.22cfc49506156219ff2e4441d92e077a	BAYES_00	FREEMAIL_FROM	RDNS_NONE
xval_initial/9/_ham_/0525.e70ff5bbd69f7400b460ebe5ed77398f	BAYES_00	RDNS_NONE
xval_initial/9/_ham_/01297.146414518ef3b2597af35179575faa9a	BAYES_00
xval_initial/9/_ham_/00620.8d1ccac5b4a36e47f5f168c19e6ac573	BAYES_00	RDNS_NONE
xval_initial/9/_ham_/1205.f9d66868c52039f7a147d9e2b4b05e1f	BAYES_00	DNS_FROM_RFC_DSN
xval_initial/9/_ham_/00145.a62431b99d739b3aab6139b417ed49a7	BAYES_00	RCVD_IN_DNSWL_LOW	SPF_SOFTFAIL
xval_initial/9/_ham_/2329.f1f6996036dbf14d6388fec63a7c8ab0	ALL_TRUSTED	BAYES_00	DNS_FROM_RFC_DSN
xval_initial/9/_ham_/0148.565dd83aaebb66fe284de9342a6a5c09	BAYES_00	MSOE_MID_WRONG_CASE
xval_initial/9/_ham_/02074.c21a64b241c67b1b9b647c20f9b768aa	ALL_TRUSTED	BAYES_00
xval_initial/9/_ham_/00552.2a17c933697e682b93c2f32b66230a3b	BAYES_00	FREEMAIL_FROM	MSOE_MID_WRONG_CASE	RDNS_NONE
xval_initial/9/_ham_/01060.95d3e0a8c47b33d1533f18ac2c60c81a	BAYES_00	RDNS_NONE	T_LOTS_OF_MONEY
xval_initial/9/_ham_/2343.7c59e6951b7e6eac7cc58941604cd63f	ALL_TRUSTED	BAYES_00	DNS_FROM_RFC_DSN
xval_initial/9/_ham_/1351.c176f7e5d80492c34cad40bc9e939012	BAYES_00	SPF_HELO_FAIL
xval_initial/9/_ham_/1713.3572d2093ff4f9c24db5cf4a7a9a7ae6	BAYES_00
xval_initial/9/_ham_/00047.39812fcb014cf9c22a2ff4fec61f3c19	BAYES_00	MSOE_MID_WRONG_CASE	RCVD_IN_DNSWL_LOW	SPF_SOFTFAIL
xval_initial/9/_ham_/1879.cf7e58d9357d945a1d7381703b70d91a	BAYES_00
xval_initial/9/_ham_/00691.fe0daf79c97e1e314de953d18efc37e2	BAYES_00	FREEMAIL_FROM	MSOE_MID_WRONG_CASE	RDNS_NONE
xval_initial/9/_ham_/0865.4b2110ced3bc59bb5684c5ecfa980dd1	BAYES_00	RDNS_NONE
xval_initial/9/_ham_/0792.aed10efc4504d5991f7894ffbd496ab4	BAYES_00	RDNS_NONE
xval_initial/9/_ham_/01080.b8d12c010e45434e95f67889e26ba456	BAYES_00
xval_initial/9/_ham_/0856.53c342f04272fa2b9c1f63829301e96b	BAYES_00	RDNS_NONE
xval_initial/9/_ham_/00710.ab32156df4d26cf061b7e553b51547b5	BAYES_00	RDNS_NONE	T_LOTS_OF_MONEY
xval_initial/9/_ham_/01008.9afe486d53adfdaf1e5d8efb47d0cba7	BAYES_00	RDNS_NONE
xval_initial/9/_ham_/00115.951fbc0e7de3d8ae828928279e43175c	BAYES_00	HTML_FONT_FACE_BAD	HTML_MESSAGE	MIME_HTML_ONLY	SPF_FAIL	T_LOTS_OF_MONEY
xval_initial/9/_ham_/2063.33de33891adeef24bbeead70e9682bd4	ALL_TRUSTED	BAYES_00	DNS_FROM_RFC_DSN
xval_initial/9/_ham_/00221.073d8414c8d4801265b1894e139284f9	BAYES_00	RCVD_IN_DNSWL_LOW	SPF_SOFTFAIL
xval_initial/9/_ham_/02245.665f72308396aa60a33375e5834de93c	ALL_TRUSTED	BAYES_00
xval_initial/9/_ham_/00197.c7483488867fe74e7444441283549ae8	BAYES_00	DATE_IN_PAST_06_12	HTML_IMAGE_RATIO_02	HTML_MESSAGE	NO_DNS_FOR_FROM	PLING_QUERY
xval_initial/9/_ham_/0635.9df0cec793507fcd3cab877c7d7616be	BAYES_00	FREEMAIL_FROM	HTML_MESSAGE	RDNS_NONE
xval_initial/9/_ham_/1403.344e5c5b7eb1469d645c1840552a3bf7	BAYES_00
xval_initial/9/_ham_/00465.11c2716cdb56ce3e4a9a7443fcf9d0b1	BAYES_00	RCVD_IN_DNSWL_LOW	SPF_SOFTFAIL
xval_initial/9/_ham_/1979.3e2071d1c381de05d3395a56623f39d7	ALL_TRUSTED	BAYES_00	DNS_FROM_RFC_DSN
xval_initial/9/_ham_/1892.82c1d57eff76129d5883976011d79bce	BAYES_00
xval_initial/9/_ham_/00813.6598e1ef9134cf77f48bca239e4ba2dc	BAYES_00	RDNS_NONE
xval_initial/9/_ham_/00028.13ae4e6472d6f2ded79066b8a7472a27	BAYES_00	HTML_FONT_FACE_BAD	HTML_MESSAGE	MIME_HTML_ONLY	SPF_FAIL
xval_initial/9/_ham_/1419.21567426907fe2711bcb2cbff50a46e8	BAYES_00
xval_initial/9/_ham_/1695.647eca914347c9a615c5a1bd1453319b	BAYES_00
xval_initial/9/_ham_/02309.cb91e69b3d4d562c5f7f1402fa84f108	ALL_TRUSTED	BAYES_00
xval_initial/9/_ham_/1471.2aa0881a829097828a279ffd6ff20ed3	BAYES_00
xval_initial/9/_ham_/0036.87385983942b734179f43c0d6a98877a	BAYES_00	HTML_FONT_FACE_BAD	HTML_MESSAGE	MIME_HTML_ONLY	SPF_FAIL	T_LOTS_OF_MONEY
xval_initial/9/_ham_/0223.a4ac9d7b43ea2bbf8dbb763e9160ee95	BAYES_00	MSGID_FROM_MTA_HEADER	RCVD_IN_NJABL_SPAM	T_LOTS_OF_MONEY	URIBL_GREY
xval_initial/9/_ham_/02410.1e210a6beee21bbc102e8a45e80e7f2a	ALL_TRUSTED	BAYES_00
xval_initial/9/_ham_/00927.43abf92b4bb6428ae93fa996a0602daa	BAYES_00	FREEMAIL_FROM	RDNS_NONE
xval_initial/9/_ham_/00267.332a04bf60ba54e3a303ee253fb977ee	BAYES_00	RDNS_NONE
xval_initial/9/_ham_/1189.e69e458af7eefebc70d658dd2e6d23df	BAYES_00	SPF_HELO_FAIL
xval_initial/9/_ham_/1106.e8f11a2a435c86f57edaf08a726bb72a	BAYES_00	DNS_FROM_RFC_DSN
xval_initial/9/_ham_/0065.b72ddcc517cc317f3fc1e79c3feeca15	BAYES_00	RDNS_NONE
xval_initial/9/_ham_/01271.519b987eddc0633ac3a5908c33a1fa2c	BAYES_00	RDNS_NONE	SPF_HELO_FAIL
xval_initial/9/_ham_/00109.bcb73e4561798e05f2299471ab0be1bb	BAYES_00	RCVD_IN_DNSWL_LOW	SPF_SOFTFAIL
xval_initial/9/_ham_/01687.305d7c2b4c83864ca868937855ad1b27	BAYES_00	MISSING_HEADERS	NO_RECEIVED	NO_RELAYS
xval_initial/9/_ham_/0037.0c57a93c0241775d406efecf43ba19cf	BAYES_00	DNS_FROM_RFC_DSN
xval_initial/9/_ham_/01223.bd57469f0b8c0ca986d7a3f40681b56e	BAYES_00	SPF_HELO_FAIL
xval_initial/9/_ham_/01872.12ce21b8ad1ce1683ad4ada3ad4d3f8e	ALL_TRUSTED	BAYES_00
xval_initial/9/_ham_/00139.c27d87382549a9b688309fabc221261d	BAYES_00	RCVD_IN_DNSWL_LOW	SPF_SOFTFAIL
xval_initial/9/_ham_/0742.65f3bb623bd6a6e49a9d1e0f9ee66279	BAYES_00	RDNS_NONE
xval_initial/9/_ham_/00883.c44a035e7589e83076b7f1fed8fa97d5	BAYES_00	DATE_IN_FUTURE_96_XX	HTML_MESSAGE	RDNS_NONE
xval_initial/9/_ham_/1395.923c820448824387b21877293d3d1462	BAYES_00	SPF_HELO_FAIL
xval_initial/9/_ham_/00567.c05df9b21feaaef843a3decc2727f436	BAYES_00
xval_initial/9/_ham_/00775.b349859dad830b699c93d3c8e14b3ab2	BAYES_00
xval_initial/9/_ham_/01726.1c598ff775a4de81c391eb9bb738d0c9	BAYES_00	FREEMAIL_FROM	MISSING_HEADERS	NO_RECEIVED	NO_RELAYS
xval_initial/9/_ham_/1221.a0bef61f14f60b8a74f76f6a20651731	BAYES_00	DNS_FROM_RFC_DSN
xval_initial/9/_ham_/0409.7fdf4f0f8aad0b0ad4654b10afae9225	BAYES_00	RDNS_NONE
xval_initial/9/_ham_/00399.5bfedd0ef4217216d622f3b613317d24	BAYES_00	RCVD_IN_DNSWL_LOW	SPF_SOFTFAIL
xval_initial/9/_ham_/00025.d685245bdc4444f44fa091e6620b20b3	BAYES_00	RCVD_IN_DNSWL_LOW	SPF_SOFTFAIL
xval_initial/9/_ham_/2390.0f7b7d202c0301fe0c19b45036e5018b	ALL_TRUSTED	BAYES_00	DNS_FROM_RFC_DSN
xval_initial/9/_ham_/01091.e9414f6071a607b9e70c13ac7051394f	BAYES_00	FREEMAIL_FROM	MSOE_MID_WRONG_CASE	RDNS_NONE
xval_initial/9/_ham_/2019.c804962e51245b7ec2353667b9171d7b	ALL_TRUSTED	BAYES_00	DNS_FROM_RFC_DSN
xval_initial/9/_ham_/2358.5fbef21d157da3cf529ad0b1773fcbaf	ALL_TRUSTED	BAYES_00	DNS_FROM_RFC_DSN
xval_initial/9/_ham_/0565.881770e64b20fa8ee779d12aeda1fc54	BAYES_00	MSOE_MID_WRONG_CASE	RDNS_NONE
xval_initial/9/_ham_/01723.26284dbbc6f595fdc9c388008e5aa72c	BAYES_00	FREEMAIL_FROM	MISSING_HEADERS	NO_RECEIVED	NO_RELAYS
xval_initial/9/_ham_/1208.2be266a0d4e2e967a79be90d6210a9c2	BAYES_00	DNS_FROM_RFC_DSN
xval_initial/9/_ham_/00414.c2dee68136358ceec7d235d03185822b	BAYES_00	RDNS_NONE
xval_initial/9/_ham_/1359.a4f9b2b4bbae9e1d2ab34ba5fec9eb35	BAYES_00	SPF_HELO_FAIL
xval_initial/9/_ham_/2162.98dd059bc733c48b26e52ba59cdbe574	ALL_TRUSTED	BAYES_00	DNS_FROM_RFC_DSN
xval_initial/9/_ham_/2389.af658dd4bdf389ab5277f39579e0310a	ALL_TRUSTED	BAYES_00	DNS_FROM_RFC_DSN
xval_initial/9/_ham_/0270.5a7d9b20e00fc24d6c929c198718f5a3	BAYES_00	RCVD_IN_DNSWL_LOW	SPF_SOFTFAIL
xval_initial/9/_ham_/00254.84ee8f124a5dbb36412c2e2d5cca3095	BAYES_00	SPF_SOFTFAIL
xval_initial/9/_ham_/2197.ee9a24fff312f9634690428c61a9503e	ALL_TRUSTED	BAYES_00	DNS_FROM_RFC_DSN
xval_initial/9/_ham_/01710.c86ae674674567c5779cfb7a30385e45	BAYES_00	FREEMAIL_FROM	MISSING_HEADERS	NO_RECEIVED	NO_RELAYS
xval_initial/9/_ham_/00343.81675074f7fcb53fd83ebabd4d158cb7	BAYES_00	RDNS_NONE
xval_initial/9/_ham_/00876.f075a944de6d2290fd7a1965ac72d94f	BAYES_00	RDNS_NONE
xval_initial/9/_ham_/00466.b9a2a39848351254d43dde30f4a6ce3a	BAYES_00	RCVD_IN_DNSWL_LOW	SPF_SOFTFAIL
xval_initial/9/_ham_/0403.1e5eeaca6a82f4eeccc65c179efe2c7c	BAYES_00	RDNS_NONE
xval_initial/9/_ham_/02013.63c8067b2baa06b3d1b0e4703f242080	ALL_TRUSTED	BAYES_00
xval_initial/9/_ham_/00467.ce60ce0ae03fb1f4b2b8e1b8c574b679	BAYES_00	RCVD_IN_DNSWL_LOW	SPF_SOFTFAIL
xval_initial/9/_ham_/00822.9d70f64546100d8f04b7394760cf512b	BAYES_00	RDNS_NONE
xval_initial/9/_ham_/00965.65826942ee14fb4633a82452bab4f19e	BAYES_00	RDNS_NONE	T_LOTS_OF_MONEY
xval_initial/9/_ham_/00266.edda19cbe2bb12d6aca8f9550b870824	BAYES_00	RDNS_NONE
xval_initial/9/_ham_/2505.550c8b2240659bb8bf54b17edea4a96b	ALL_TRUSTED	BAYES_00	DNS_FROM_RFC_DSN
xval_initial/9/_ham_/01967.c30def1b9cb26faec22834ab35e8a4d8	ALL_TRUSTED	BAYES_00
xval_initial/9/_ham_/00976.13ecce82e8d787ee17ae688d4c70737d	BAYES_00
xval_initial/9/_ham_/02065.4773cf538284baa6a4b0c26e41115e8e	ALL_TRUSTED	BAYES_00
xval_initial/9/_ham_/01252.60a457d292a0e9c1307a196324d298dc	BAYES_00	SPF_HELO_FAIL
xval_initial/9/_ham_/00947.5983cb8fa9a4c2a27cb6eca03e0be56d	BAYES_50	FREEMAIL_FROM	HTML_MESSAGE	HTML_MIME_NO_HTML_TAG	MIME_HTML_ONLY	RDNS_NONE
xval_initial/9/_ham_/1313.921e45a5265e4d5d55f1245fe4399824	BAYES_00	SPF_HELO_FAIL
xval_initial/9/_ham_/2189.c5d8814f90dfb50e7798be9c8b9bf2f8	ALL_TRUSTED	BAYES_00	DNS_FROM_RFC_DSN
xval_initial/9/_ham_/0082.d90dad45eec3020fbc0c8ffed76ae12d	BAYES_00	HTML_FONT_FACE_BAD	HTML_MESSAGE	MIME_HTML_ONLY	SPF_FAIL
xval_initial/9/_ham_/0642.297a1718a1180f8419c4e4232d4c30b5	BAYES_00	RDNS_NONE
xval_initial/9/_ham_/00104.75eda98a9139049e191d3cfa09860c9d	BAYES_00	SPF_FAIL
xval_initial/9/_ham_/00086.5c80a9cdcc27b05861d4ccef262ddab7	BAYES_00	FROM_LOCAL_NOVOWEL	HTML_FONT_FACE_BAD	HTML_IMAGE_RATIO_08	HTML_MESSAGE	MIME_HTML_ONLY	SPF_FAIL
xval_initial/9/_ham_/2515.177e746c09892ea4c2631adcc62d73a7	ALL_TRUSTED	BAYES_00	DNS_FROM_RFC_DSN
xval_initial/9/_ham_/1660.f4b2e5b394c3aaf2589c49c205ca05d7	BAYES_00
xval_initial/9/_ham_/01264.a6ae16864e0d116132a7d3850e33e9a6	BAYES_00	SPF_HELO_FAIL
xval_initial/9/_ham_/0235.a4ac9d7b43ea2bbf8dbb763e9160ee95	BAYES_00	MSGID_FROM_MTA_HEADER	RCVD_IN_NJABL_SPAM	T_LOTS_OF_MONEY	URIBL_GREY
xval_initial/9/_ham_/02207.fd9ab7028cda31c1fb223b220113395b	ALL_TRUSTED	BAYES_00
xval_initial/9/_ham_/00384.26101c9502879b02e44058519cc52b8d	BAYES_00	FREEMAIL_FROM	MSOE_MID_WRONG_CASE	RCVD_IN_DNSWL_LOW	SPF_SOFTFAIL
xval_initial/9/_ham_/02420.8189d37102e8813fe966be2840346b27	ALL_TRUSTED	BAYES_00
xval_initial/9/_ham_/01819.6fa6ec281b4b77dbe5e802748882249f	BAYES_00	SPF_SOFTFAIL
xval_initial/9/_ham_/01807.08bdc96ca0f8ca425fe8acd21fb25c70	BAYES_00
xval_initial/9/_ham_/00779.d5e815dc2dda6819f41227fce324b31d	BAYES_00	MISSING_HEADERS	RDNS_NONE
xval_initial/9/_ham_/01135.d8ebf01721cded4695ffc8ae22b79caa	BAYES_00	FREEMAIL_FROM
xval_initial/9/_ham_/00152.1e72a17fc4bcc0dc86725b90d5c48ab7	BAYES_00	RCVD_IN_DNSWL_LOW	SPF_SOFTFAIL
xval_initial/9/_ham_/0106.808c5e5ed0b801f667a34ead8221972e	BAYES_00	MISSING_HEADERS	RDNS_NONE
xval_initial/9/_ham_/00256.0e664e0210522f7788b27eb1ad9b8c87	BAYES_00	RCVD_IN_DNSWL_LOW	SPF_SOFTFAIL
xval_initial/9/_ham_/00081.a50816e80775062cf2b291e66137d01b	BAYES_00	HTML_FONT_FACE_BAD	HTML_MESSAGE	MIME_HTML_ONLY	SPF_FAIL	T_LOTS_OF_MONEY
xval_initial/9/_ham_/00318.5b1d22882c6fbfebcebe12a792b3c6c8	BAYES_00	RDNS_NONE
xval_initial/9/_ham_/00159.4ebed46c00f57c37a36d66184a08052c	BAYES_00	DEAR_SOMETHING	T_FROM_MISSPACED
xval_initial/9/_ham_/1293.10d897dc42804bd393c7ccea0185dc6e	BAYES_00	SPF_HELO_FAIL
xval_initial/9/_ham_/2023.c2d30553247c5cb1e90f72d3333cae8b	ALL_TRUSTED	BAYES_00	DNS_FROM_RFC_DSN
xval_initial/9/_ham_/0200.f2cdb426806f3a924340a62789b6add9	BAYES_00	T_LOTS_OF_MONEY
xval_initial/9/_ham_/01361.6f023e661ef3d444c9f223c15bef529a	BAYES_00
xval_initial/9/_ham_/02424.3f022ffe6f06ab63fe087756835a6315	ALL_TRUSTED	BAYES_00
xval_initial/9/_ham_/00013.15135df1ed8198dbea3fcd0cb8d071ae	BAYES_00	SPF_FAIL
xval_initial/9/_ham_/00852.8be48f515c9ecb089aa3fc5983eaf038	BAYES_00	RDNS_NONE
xval_initial/9/_ham_/01196.bed50a1e10eb99f9ef1dbefa84c54731	BAYES_00	SPF_HELO_FAIL
xval_initial/9/_ham_/02253.d5c5abb3f43de2d174990b4cc271ab5a	ALL_TRUSTED	BAYES_00
xval_initial/9/_ham_/00472.32120f66ef86d03baf663889b0235d94	BAYES_00	RDNS_NONE
xval_initial/9/_ham_/01757.994c77afc8d6fb072d8b95ccfdf09627	BAYES_00	FREEMAIL_FROM	MISSING_HEADERS	NO_RECEIVED	NO_RELAYS
xval_initial/9/_ham_/2303.3e767f2ef515f1e64c67026c5502a57e	ALL_TRUSTED	BAYES_00	DNS_FROM_RFC_DSN
xval_initial/9/_ham_/01205.e3401c959bace9b175eba8c24da908d2	BAYES_00	SPF_HELO_FAIL
xval_initial/9/_ham_/01016.553813d21aa39e50dee2eb5af2d67cc6	BAYES_00
xval_initial/9/_ham_/1360.18758d232e8b6937d5d62ce0e0aa2d8e	BAYES_00	SPF_HELO_FAIL
xval_initial/9/_ham_/0767.da57f04c8030dce67142b9480e532b30	BAYES_00	RDNS_NONE
xval_initial/9/_ham_/00264.cef5d54bbce2f4a833aab06487467f82	BAYES_00	RDNS_NONE
xval_initial/9/_ham_/00167.47ad54094c0bcf05c679f058cf3599a3	BAYES_00	RCVD_IN_DNSWL_LOW	SPF_SOFTFAIL
xval_initial/9/_ham_/00445.45f666c21ff201e070e34c0ddc33dbe0	BAYES_00	RDNS_NONE
xval_initial/9/_ham_/0121.05eb8cf2ea8592ffd4be29698e07f67b	BAYES_00	SPF_FAIL
xval_initial/9/_ham_/0809.371aae7cab194e25613d5b4b2cd8b6ea	BAYES_00	FREEMAIL_FROM	MSOE_MID_WRONG_CASE	RDNS_NONE
xval_initial/9/_ham_/00743.7787f0f8205e4ff2226a563c39b81039	BAYES_00	FREEMAIL_FROM	RCVD_IN_NJABL_PROXY	RDNS_NONE	SUBJECT_DRUG_GAP_C	T_LOTS_OF_MONEY
xval_initial/9/_ham_/01137.e0afde7fc471f626742746c738013750	BAYES_00	DATE_IN_FUTURE_03_06
xval_initial/9/_ham_/01569.f7c58b134199bd4d821ca41598e7d79c	BAYES_00
xval_initial/9/_ham_/1626.3c8c730d8741c9357da8984dd1057665	BAYES_00	SPF_FAIL
xval_initial/9/_ham_/0163.0123b1afbae948c7fa80a8ab79786e16	BAYES_00	ENV_AND_HDR_SPF_MATCH	HTML_MESSAGE	SPF_PASS	T_LOTS_OF_MONEY	URI_HEX	USER_IN_DEF_SPF_WL
xval_initial/9/_ham_/00163.550a6ef7fd451fba494cc3128aaf3c7c	BAYES_00	RCVD_IN_DNSWL_LOW	SPF_SOFTFAIL
xval_initial/9/_ham_/00680.ee1366b6b29202f0ffe65753ee37f0a4	BAYES_00
xval_initial/9/_ham_/00886.9b1023e9b85ce2ad96f209de582e5d71	BAYES_00	RDNS_NONE
xval_initial/9/_ham_/01471.df4b4b9ea2810aa90193462b95cfc05b	BAYES_00
xval_initial/9/_ham_/1004.5929fd886f8e9544a98c383b41f554bb	BAYES_00
xval_initial/9/_ham_/1877.3b830d0451dd084e5c125436ac07871e	BAYES_00
xval_initial/9/_ham_/00532.81180d4d1d632bb50c189b51f83921e0	BAYES_00	MISSING_HEADERS	RDNS_NONE
xval_initial/9/_ham_/01932.f8c1d938ebba259e2926cf4400891c86	ALL_TRUSTED	BAYES_00
xval_initial/9/_ham_/00412.2f7375258785a03b8f8ca2adb0c72620	BAYES_00	RDNS_NONE
xval_initial/9/_ham_/02417.0a5253a87a7a62db85836c45d2446c18	ALL_TRUSTED	BAYES_00
xval_initial/9/_ham_/01541.88870557aa0c4375f11749cf5cbc6c05	BAYES_00
xval_initial/9/_ham_/01190.9f9b5b58c404059cc3cc6e20ee4bbe6f	BAYES_00	SPF_HELO_FAIL
xval_initial/9/_ham_/00816.953e88a20d4acc17467a8ee832481093	BAYES_00	FREEMAIL_FROM	RDNS_NONE
xval_initial/9/_ham_/00259.7310c53a2b5baca35187f0ee38aab709	BAYES_00	FREEMAIL_FROM	RCVD_IN_NJABL_PROXY	RDNS_NONE
xval_initial/9/_ham_/1312.cb81f191343dc4f26a8a601cf73d790f	BAYES_00	SPF_HELO_FAIL
xval_initial/9/_ham_/00723.961bd5a10fb642402296d7d28a82cfeb	BAYES_00
xval_initial/9/_ham_/00543.5ba1d9e8383ecbba9dc5733e9822ee1b	BAYES_00
xval_initial/9/_ham_/02148.b1943afbb4ceeb22287a67baa3ccd266	ALL_TRUSTED	BAYES_00
xval_initial/9/_ham_/01085.0d8db9468ce8ea76f81ebc03041cc467	BAYES_00	RDNS_NONE
xval_initial/9/_ham_/01586.9f27ed39ecac8ed15e18dc166e930005	BAYES_00	MSOE_MID_WRONG_CASE
xval_initial/9/_ham_/00883.9ac832339fe2f1546b926bf61a1b5c50	BAYES_00	RDNS_NONE
xval_initial/9/_ham_/1657.41457c98e0009a99d917acfbc8f229cd	BAYES_00
xval_initial/9/_ham_/1048.8944cf897b72c824c5a144378cd0c4b3	BAYES_00	DNS_FROM_RFC_DSN
xval_initial/9/_ham_/00156.d4205c868d67d1c334455950b21d226d	BAYES_00
xval_initial/9/_ham_/1550.bf1bd1651e108ceb8637a006d6861789	BAYES_00	FREEMAIL_FROM	RCVD_IN_DNSWL_NONE
xval_initial/9/_ham_/01360.12e20ec23520b1c5515424bf77ed94c8	BAYES_00
xval_initial/9/_ham_/0643.2c10d49ca3fc564fd6993c1504b7de1a	BAYES_00	RDNS_NONE
xval_initial/9/_ham_/01881.5fd0ccb8cf61b46dac75efd3aa4893f4	ALL_TRUSTED	BAYES_00
xval_initial/9/_ham_/01662.4257318f87e53aa246882d00e42c67d5	BAYES_00	FREEMAIL_FROM	MISSING_HEADERS	NO_RECEIVED	NO_RELAYS
xval_initial/9/_ham_/1505.7cc0d1e500937105c1503d63bd0b5161	BAYES_00	FREEMAIL_FROM	SPF_SOFTFAIL
xval_initial/9/_ham_/00635.1003c1e3894e3a1ab710eef5abf381b9	BAYES_00
xval_initial/9/_ham_/01636.07c82f37d072bce96820af0bbef80eff	BAYES_00	MISSING_HEADERS	NO_RECEIVED	NO_RELAYS
xval_initial/9/_ham_/0670.4d4f5d10e1bcf26a5438defe1188dc57	BAYES_00	RDNS_NONE
xval_initial/9/_ham_/2426.ba29d4b97bc1e42b7b12f678cf41d981	ALL_TRUSTED	BAYES_00	DNS_FROM_RFC_DSN
xval_initial/9/_ham_/00055.d4984b38068ffd0b982eb1e5c117512f	BAYES_00	HTML_IMAGE_RATIO_04	HTML_MESSAGE	NO_DNS_FOR_FROM	URIBL_GREY
xval_initial/9/_ham_/00699.29e599983f044aee500f3a58c34acffc	BAYES_00	RDNS_NONE
xval_initial/9/_ham_/00810.c6ed8e1050ae1d68001f4da5f2cd100a	BAYES_00	RDNS_NONE
xval_initial/9/_ham_/01114.ec145f9bdff18c1f07cdcc734fc554f6	BAYES_00	SPF_HELO_FAIL
xval_initial/9/_ham_/1279.66eab31d61b430bc9c4a11511b965e60	BAYES_00	SPF_HELO_FAIL
xval_initial/9/_ham_/0741.4a16993a679f825b18b571c6356fbcb9	BAYES_00	RDNS_NONE
xval_initial/9/_ham_/00895.698c3fa5c54db3f9a4c962baf13567fb	BAYES_00	RDNS_NONE
xval_initial/9/_ham_/00061.2a9530684abd71525821e8bc2c8019ec	BAYES_00	FREEMAIL_FROM	MSOE_MID_WRONG_CASE	RCVD_IN_DNSWL_LOW	SPF_SOFTFAIL
xval_initial/9/_ham_/01233.fccdd783a75357fe29b39816a3a3f6f4	BAYES_00	SPF_HELO_FAIL
xval_initial/9/_ham_/1368.3293e84198b7ac13250a63da9437e2e3	BAYES_00	SPF_HELO_FAIL
xval_initial/9/_ham_/01227.2a74d803e3b1d121faad841830195140	BAYES_00	SPF_HELO_FAIL
xval_initial/9/_ham_/1725.4b7434da4269db27bd237dde1d03db92	BAYES_00	SPF_SOFTFAIL
xval_initial/9/_ham_/02248.63dc24958fcab409ff3ea0484ee44c4c	ALL_TRUSTED	BAYES_00
xval_initial/9/_ham_/01400.f897f0931e461e7b2e964d28e927c35e	BAYES_00	RCVD_IN_DNSWL_LOW	SPF_SOFTFAIL
xval_initial/9/_ham_/01221.84df71e86c3f6a71a7cd8bb4f6a97741	BAYES_00	SPF_HELO_FAIL
xval_initial/9/_ham_/00732.33c5576e36d753b597c0f5ecf26f16e9	BAYES_00
xval_initial/9/_ham_/00441.3c62e9c696b9e8d05e77975b4de25ee1	BAYES_00	RCVD_IN_DNSWL_LOW	SPF_SOFTFAIL
xval_initial/9/_ham_/1665.46bc87071ff202b6f0c37c8a4b6a42a4	BAYES_00
xval_initial/9/_ham_/02090.b0f0c24b38c70a02ab6cd7d3d9a5ede7	ALL_TRUSTED	BAYES_00
xval_initial/9/_ham_/1906.edfc03da8e4c420d9ce26428eb6f7149	BAYES_00
xval_initial/9/_ham_/02429.d93428d69b44bb6ca23611fe03328455	ALL_TRUSTED	BAYES_00
xval_initial/9/_ham_/00199.a69d994a7a76f49be4f4e8b839adc00a	BAYES_00	HTML_MESSAGE	NO_DNS_FOR_FROM	SPF_NEUTRAL
xval_initial/9/_ham_/00958.82f86525742d7ae45f4e6a9df49fb674	BAYES_00
xval_initial/9/_ham_/01249.0898a8cbcc6fd1f663d3674685afa7ee	BAYES_00	SPF_HELO_FAIL
xval_initial/9/_ham_/02035.842dff8f82400d04db0407a2ec98881f	ALL_TRUSTED	BAYES_00
xval_initial/9/_ham_/2076.d720d451d160dcc43087eeba59c4be71	ALL_TRUSTED	BAYES_00	DNS_FROM_RFC_DSN
xval_initial/9/_ham_/01718.049911b67a0ff546e80e2acc6bcbe6ff	BAYES_00	MISSING_HEADERS	NO_RECEIVED	NO_RELAYS
xval_initial/9/_ham_/00539.f3a3a009e8410ed004b045e724be525a	BAYES_00	FREEMAIL_FROM	RDNS_NONE
xval_initial/9/_ham_/01550.a036d340bdcf122c8eca891557d50b51	BAYES_00
xval_initial/9/_ham_/00815.141d4c82a4df4a06f0c0967a608109e6	BAYES_00	BODY_ENHANCEMENT	RDNS_NONE
xval_initial/9/_ham_/00057.fc1c3f0f584c7ffe609d4abebba6e7d5	BAYES_00	MSOE_MID_WRONG_CASE	RCVD_IN_DNSWL_LOW	SPF_SOFTFAIL
xval_initial/9/_ham_/00729.733ee0faa56c33c52cb73337b7986261	BAYES_00	RDNS_NONE
xval_initial/9/_ham_/00592.4ec37bb1a3a2ffab9cb80b8568c907dc	BAYES_00
xval_initial/9/_ham_/00285.c422b202e0487f766ba13baa7b755bfd	BAYES_00	SPF_HELO_FAIL
xval_initial/9/_ham_/00981.3eb28c739b5443730f65626c58e3995e	BAYES_00
xval_initial/9/_ham_/01713.7e6c3f51ab4a45f60fbb0968d56f512c	BAYES_00	MISSING_HEADERS	NO_RECEIVED	NO_RELAYS
xval_initial/9/_ham_/1335.57112a05c5a5ba633707ed3fdecfd88c	BAYES_00	SPF_HELO_FAIL
xval_initial/9/_ham_/1503.f1fc48f16902a097113fa60aaeb35245	BAYES_00	SPF_SOFTFAIL
xval_initial/9/_ham_/2321.7945011d4ec69fdf731ebf38e9d2c1af	ALL_TRUSTED	BAYES_00	DNS_FROM_RFC_DSN
xval_initial/9/_ham_/02127.ad63b18b0cad3b4fcda7e9027f962053	ALL_TRUSTED	BAYES_00
xval_initial/9/_ham_/2307.1dad26fc0f8a86b6ba5c8bcea78e1002	ALL_TRUSTED	BAYES_00	DNS_FROM_RFC_DSN
xval_initial/9/_ham_/0001.f0cf04027e74802f09f723cb8916b48e	BAYES_00	FROM_LOCAL_NOVOWEL	HTML_FONT_FACE_BAD	HTML_MESSAGE	MIME_HTML_ONLY	SPF_FAIL
xval_initial/9/_ham_/01958.1e8e2e3b7209d3f368f2ec07a6ed7d18	ALL_TRUSTED	BAYES_00	TVD_SPACE_RATIO
xval_initial/9/_ham_/01012.235d771c2e3094e4b4310a86ac7e7352	BAYES_00	RDNS_NONE
xval_initial/9/_ham_/1442.08dc076440caf003ba9842983b8c9ed4	BAYES_00
xval_initial/9/_ham_/0415.6dfea45b8aef7d6ef6a462974d61ce3e	BAYES_00	FREEMAIL_FROM	RCVD_IN_NJABL_PROXY	RDNS_NONE
xval_initial/9/_ham_/1839.c66fbc9c72afb9ea062537d3635d1d6c	BAYES_00	MISSING_HEADERS	NO_RECEIVED	NO_RELAYS
xval_initial/9/_ham_/2237.7c66d7087e2196f48a007acba2d43d9b	ALL_TRUSTED	BAYES_00	DNS_FROM_RFC_DSN
xval_initial/9/_ham_/2491.7b6a8fff32b29e04a8638dbb67cd85b9	ALL_TRUSTED	BAYES_00	DNS_FROM_RFC_DSN
xval_initial/9/_ham_/1366.200cc41f250f28147c5db07ea933f26a	BAYES_00	SPF_HELO_FAIL
xval_initial/9/_ham_/02496.aae0c81581895acfe65323f344340856	BAYES_00
xval_initial/9/_ham_/00077.7a4f2e80b3a2e2c1cc2442f54a9e01ee	BAYES_00	RCVD_IN_DNSWL_LOW	SPF_SOFTFAIL
xval_initial/9/_ham_/1123.bad0078427c9876eb7986cd7e9000553	BAYES_00	FREEMAIL_FROM	SPF_HELO_FAIL
xval_initial/9/_ham_/00353.3cb4c058f609b8e464be92437be6f81b	BAYES_00	RCVD_IN_DNSWL_LOW	SPF_SOFTFAIL
xval_initial/9/_ham_/01937.34432f6d48dea72a52f5feb0593ff808	ALL_TRUSTED	BAYES_00
xval_initial/9/_ham_/00586.fa3be9fc6e06d6f6cb551a84a8b45f63	BAYES_00
xval_initial/9/_ham_/2402.f17c22d527836faa1f808a37f22f1b46	ALL_TRUSTED	BAYES_00	DNS_FROM_RFC_DSN
xval_initial/9/_ham_/1741.1025c8d81a3ce398f65fb401537214fb	BAYES_00	MISSING_HEADERS	NO_RECEIVED	NO_RELAYS
xval_initial/9/_ham_/1364.679f0da47cd44783dedd4e95bc942b27	BAYES_00	SPF_HELO_FAIL
xval_initial/9/_ham_/1822.a401ddc61fc3d89fbaee70ea107a9956	BAYES_00	FREEMAIL_FROM	MISSING_HEADERS	NO_RECEIVED	NO_RELAYS
xval_initial/9/_ham_/00206.59111a6330a2d989698c4d92967ed98d	BAYES_00	RCVD_IN_DNSWL_LOW	SPF_SOFTFAIL
xval_initial/9/_ham_/00144.02ec2c8f4d1c6b004c9eba1bf124f8e3	BAYES_00	DATE_IN_PAST_03_06	HS_INDEX_PARAM	HTML_MESSAGE	MIME_HTML_ONLY	NO_DNS_FOR_FROM
xval_initial/9/_ham_/00850.9435ce0e094b16d0f2c9c458f2900706	BAYES_00	FREEMAIL_FROM	RDNS_NONE
xval_initial/9/_ham_/00455.3bfa014eabb16ee89f5e18b4e21a8deb	BAYES_00	RCVD_IN_DNSWL_LOW	SPF_SOFTFAIL
xval_initial/9/_ham_/0908.ed1a6d5d837cf45b48c47dfb105607e9	BAYES_00	FREEMAIL_FROM	MSOE_MID_WRONG_CASE	RDNS_NONE
xval_initial/9/_ham_/01104.95ab7cdd99db240e7df7579a016a84ae	BAYES_00	RDNS_NONE
xval_initial/9/_ham_/01173.0402e85910220618eac922403222d0ec	BAYES_00	SPF_HELO_FAIL
xval_initial/9/_ham_/00572.c406ac5bc5c42bedbce48f5661d29976	BAYES_00	MSOE_MID_WRONG_CASE	RDNS_NONE
xval_initial/9/_ham_/00123.d9456f172d3424987c46cb49b7b6b012	BAYES_00	HTML_FONT_FACE_BAD	HTML_MESSAGE	MIME_HTML_ONLY	SPF_FAIL
xval_initial/9/_ham_/01083.ecc77beb3f48b7be4481118a97b01b41	BAYES_00	RDNS_NONE
xval_initial/9/_ham_/01519.9b05511d9273ddffdbc1f45dd43fd9ee	BAYES_00
xval_initial/9/_ham_/0958.f564af86e1a1c10e2f7428899c8543e7	BAYES_00	RDNS_NONE
xval_initial/9/_ham_/00759.59d03df774834b507dcab63ed02ef577	BAYES_00
xval_initial/9/_ham_/02008.457f36e690db26cbdfcffbc4a97aaa86	ALL_TRUSTED	BAYES_00
xval_initial/9/_ham_/01217.f3cdc54372082fffd2dd3ac5686a2645	BAYES_00	SPF_HELO_FAIL
xval_initial/9/_ham_/00143.582f03016b3c094e7d0635328d1a27bc	BAYES_00
xval_initial/9/_ham_/0548.02f295e25e8268967c4f00b24ec03236	BAYES_00	MSOE_MID_WRONG_CASE	RDNS_NONE
xval_initial/9/_ham_/00236.b173a89a323f88ec8b8a4caef8ee6aaa	BAYES_00	SPF_SOFTFAIL
xval_initial/9/_ham_/00513.8454cc27ffb04db6d63c81e33c0067e8	BAYES_00	RDNS_NONE
xval_initial/9/_ham_/1934.8e30ec46365bab9766f9d4ad5bfc88f8	ALL_TRUSTED	BAYES_00	DNS_FROM_RFC_DSN
xval_initial/9/_ham_/02167.2c54db4de2163fee22c21095780fb2c8	ALL_TRUSTED	BAYES_00
xval_initial/9/_ham_/00756.286dd5a4431bc1a94af390a6bf4d0349	BAYES_00	RDNS_NONE
xval_initial/9/_ham_/1970.43fa8f1222f87f472c94d1c11cbaf36e	ALL_TRUSTED	BAYES_00	DNS_FROM_RFC_DSN
xval_initial/9/_ham_/02497.60497db0a06c2132ec2374b2898084d3	BAYES_00	RCVD_IN_DNSWL_LOW	SPF_SOFTFAIL
xval_initial/9/_ham_/01839.cbc2edf86a3edffd90cf1150c9829396	ALL_TRUSTED	BAYES_00
xval_initial/9/_ham_/02442.ebce98dea2d472fbdc7682664984af1a	BAYES_00
xval_initial/9/_ham_/00916.1ea7a40e892220d43795fee49ab4849e	BAYES_00	RDNS_NONE
xval_initial/9/_ham_/2536.601b538e15f39aaac0e038cb860ae762	ALL_TRUSTED	BAYES_00	DNS_FROM_RFC_DSN
xval_initial/9/_ham_/00823.d8ecd70437b16c3ecb0e8a496c34514b	BAYES_00	RDNS_NONE
xval_initial/9/_ham_/0676.80208e9973e3ec09a0377e1342c0a3a5	BAYES_00	RDNS_NONE
xval_initial/9/_ham_/01142.c86c585292af26a7c1b09ed6345982a4	BAYES_00
xval_initial/9/_ham_/00471.4275aa8908e9754226118eb99aad8c6d	BAYES_00	RDNS_NONE
xval_initial/9/_ham_/0150.69bb21344f49b27cec7373599b6e433d	BAYES_00	MSOE_MID_WRONG_CASE
xval_initial/9/_ham_/00969.06ff0d8ef44307c5808b526dc72c3f68	BAYES_00	RDNS_NONE
xval_initial/9/_ham_/1372.b25e5803cd96db85050c5c31ad3d58c5	BAYES_00	SPF_HELO_FAIL
xval_initial/9/_ham_/01479.c8a6082ee6a9e21154786f69c71b95bd	BAYES_00
xval_initial/9/_ham_/00991.80ac3c798bb00027efa6d80fdfb00d8e	BAYES_00	DRUGS_ERECTILE	FREEMAIL_FROM	RDNS_NONE
xval_initial/9/_ham_/0289.cb9c0595bddae2c25357ce5c9fbaf687	BAYES_00	RCVD_IN_DNSWL_LOW	SPF_SOFTFAIL
xval_initial/9/_ham_/1177.4c55e4b4a905e15e392e4a001f06ecd7	BAYES_00
xval_initial/9/_ham_/01842.87765cd89a91416e1ac34a38628be46d	ALL_TRUSTED	BAYES_00
xval_initial/9/_ham_/01585.b819696d5221a8f929902b77a2fc966b	BAYES_00
xval_initial/9/_ham_/1042.5089423fc172a53a687d43ad6b432caf	BAYES_00	DNS_FROM_RFC_DSN
xval_initial/9/_ham_/01682.aabc3014dc8e7bbf3748d1e1b2afbf56	BAYES_00	FREEMAIL_FROM	MISSING_HEADERS	NO_RECEIVED	NO_RELAYS
xval_initial/9/_ham_/01396.61983fbe6ec43f55fd44e30fce24ffa6	BAYES_00	MSOE_MID_WRONG_CASE	T_LOTS_OF_MONEY
xval_initial/9/_ham_/01190.dd6ead8cfbe0f8c5455841ed0e944488	BAYES_00	SPF_HELO_FAIL
xval_initial/9/_ham_/01612.cdcef456e3de75e0c6478cee11565c41	BAYES_00
xval_initial/9/_ham_/01052.7a69c765a964be2a05e33723b7ab926f	BAYES_00	RDNS_NONE
xval_initial/9/_ham_/0266.387a672eb91910a913cde6ebdf33ef05	BAYES_00	RCVD_IN_DNSWL_LOW	SPF_SOFTFAIL
xval_initial/9/_ham_/1181.e94c4c98963c99b42be08be341418d57	BAYES_00
xval_initial/9/_ham_/00530.1a07bbd6fe2438ed2b3f11e92449327c	BAYES_00	RDNS_NONE
xval_initial/9/_ham_/00498.637db80f2612123a12e1081ee90aff41	BAYES_00	DNS_FROM_RFC_DSN	MSOE_MID_WRONG_CASE	RCVD_IN_DNSWL_NONE
xval_initial/9/_ham_/01750.73b4d9ab83de83ae58707c8bdcda0fc5	BAYES_00	FREEMAIL_FROM	MISSING_HEADERS	NO_RECEIVED	NO_RELAYS
xval_initial/9/_ham_/02227.bc3b678dc7d0e59974fd2d2bfccfc21f	ALL_TRUSTED	BAYES_00
xval_initial/9/_ham_/00599.94c013ab7037d45045aafbac3389bef0	BAYES_00	RDNS_NONE
xval_initial/9/_ham_/00155.22281cddbc29a93d630798e0aa97f725	BAYES_00	RCVD_IN_DNSWL_LOW
xval_initial/9/_ham_/00188.ca158386faba622ccc6513fb41f10c5f	BAYES_00
xval_initial/9/_ham_/00006.654c4ec7c059531accf388a807064363	BAYES_00
xval_initial/9/_ham_/02433.9cfb47708291604f2c38393706175160	BAYES_00	PLING_QUERY
xval_initial/9/_ham_/00657.9095f1e5c94587ee44a269318647bf4d	BAYES_00	RDNS_NONE
xval_initial/9/_ham_/1290.29210c521e898f200036c204a65ebe00	BAYES_00	SPF_HELO_FAIL
xval_initial/9/_ham_/0524.1276996048a3e02ffbed1e2df5d13848	BAYES_00	MISSING_HEADERS	RDNS_NONE
xval_initial/9/_ham_/0082.7f7858a1a7360410ed120899504c3a25	BAYES_00	FREEMAIL_FROM	SPF_HELO_FAIL
xval_initial/9/_ham_/01538.5360a2f683734ab1db6aed00cb329fcb	BAYES_00
xval_initial/9/_ham_/00999.c78296e77769d280844fe48f2f3babde	BAYES_00
xval_initial/9/_ham_/00751.a0032491c92110b238d52c93ae977322	BAYES_00	RDNS_NONE
xval_initial/9/_ham_/1854.bff303bb4466a91b0f88491b207e8ed8	BAYES_00	MISSING_HEADERS	NO_RECEIVED	NO_RELAYS
xval_initial/9/_ham_/1947.711930fb110762620017cee7cdb93a1a	ALL_TRUSTED	BAYES_00	DNS_FROM_RFC_DSN
xval_initial/9/_ham_/01706.582f22e10f4f792eb0efe0499d37db30	BAYES_00	FREEMAIL_FROM	MISSING_HEADERS	NO_RECEIVED	NO_RELAYS
xval_initial/9/_ham_/00944.2e5be87c72bd8346791a005cb715f640	BAYES_00	RDNS_NONE
xval_initial/9/_ham_/1962.2fde400b715a0609b9f2150026168da1	ALL_TRUSTED	BAYES_00	DNS_FROM_RFC_DSN
xval_initial/9/_ham_/0024.aed7657369f5d6cffe71818d06a8de42	BAYES_00	HTML_FONT_SIZE_LARGE	HTML_MESSAGE	MIME_HTML_ONLY	SPF_FAIL
xval_initial/9/_ham_/01867.bef318a5c37fc91ac6973482f70e50ce	ALL_TRUSTED	BAYES_00
xval_initial/9/_ham_/00891.02b734427bfe9bf438eb5961fb5d31f7	BAYES_00	RDNS_NONE
xval_initial/9/_ham_/01381.044d1085f7fec8bb04229da3d7887424	BAYES_00
xval_initial/9/_ham_/00272.d2daf940e50638774ca629aa11ab95a2	BAYES_00	RCVD_IN_DNSWL_LOW	SPF_SOFTFAIL
xval_initial/9/_ham_/0192.550b44c030296255a8b7ac293f296a01	BAYES_00	RCVD_IN_DNSWL_LOW	SPF_SOFTFAIL
xval_initial/9/_ham_/0854.6fc80acdb73b0ab60c3f316f646c0546	BAYES_00	RDNS_NONE	T_LOTS_OF_MONEY
xval_initial/9/_ham_/0634.2da7e83d50baee90c3c9defd2aa30b72	BAYES_00	RDNS_NONE
xval_initial/9/_ham_/00977.10e2871bd3e016164aca38b7030d3763	BAYES_00	FREEMAIL_FROM	RCVD_IN_NJABL_PROXY
xval_initial/9/_ham_/1168.624b64b63fb0dcf81b58856f0618c3a0	BAYES_00
xval_initial/9/_ham_/01022.83ef7352b083a85f5f7ae8f20f31578f	BAYES_00	RDNS_NONE	T_LOTS_OF_MONEY
xval_initial/9/_ham_/00526.618ca98770b667fd66a8a278bb1b7b5c	BAYES_00
xval_initial/9/_ham_/02380.25e823fa7a52cdd64be4b53caf862f34	ALL_TRUSTED	BAYES_00	SUBJ_DOLLARS	T_LOTS_OF_MONEY
xval_initial/9/_ham_/0090.314ec4268af7a3a1974d5eab84ea65af	BAYES_00	SPF_HELO_FAIL
xval_initial/9/_ham_/00690.dd9bb1e5bc14e171cfc67e0ab3ac850f	BAYES_00
xval_initial/9/_ham_/1602.a6d0709065f52668e973ba89f32def7a	BAYES_00
xval_initial/9/_ham_/01875.a904e15f372e7f833164f6f94e136304	ALL_TRUSTED	BAYES_00
xval_initial/9/_ham_/01378.363deaa0f90db14de13a4a676703826d	BAYES_00	SPF_HELO_SOFTFAIL	SPF_SOFTFAIL
xval_initial/9/_ham_/1401.2d453d45aa06dec5a5a98bba8d81fdc5	BAYES_00
xval_initial/9/_ham_/00865.ffa802dadbaca77b74f05cc1c23c30bd	BAYES_00	RDNS_NONE
xval_initial/9/_ham_/01103.6b7dcc38a359fffdb0320f845ee025e1	BAYES_00	RDNS_NONE
xval_initial/9/_ham_/01261.eafbf152124bcd764327d9fda1e8c86f	BAYES_00	SPF_HELO_FAIL
xval_initial/9/_ham_/0918.2de8c6d8251d30c06be407bd701bb412	BAYES_00	RDNS_NONE
xval_initial/9/_ham_/00864.75ad4f0552f4dc1629233e5d62d85309	BAYES_00	FREEMAIL_FROM	RDNS_NONE
xval_initial/9/_ham_/0077.dc5578862c0e716ee82e78b0dffbc8d2	BAYES_00	MSOE_MID_WRONG_CASE	RCVD_IN_DNSWL_LOW	SPF_SOFTFAIL
xval_initial/9/_ham_/00574.ca8de7c19bacedefb060405b55d13c29	BAYES_00	HTML_MESSAGE	MSOE_MID_WRONG_CASE
xval_initial/9/_ham_/00848.a99e7c1ff97407816f4c0b323421b5c9	BAYES_00	RDNS_NONE
xval_initial/9/_ham_/0108.e6e9cb097a3b5e37d94a7ff29bc4412a	BAYES_00	RDNS_NONE
xval_initial/9/_ham_/2473.2d70d3fac740804c6a280009e0418f13	ALL_TRUSTED	BAYES_00	DNS_FROM_RFC_DSN
xval_initial/9/_ham_/1018.2533f2c820fcf490638969e5504102dd	BAYES_00	RDNS_NONE
xval_initial/9/_ham_/00315.a747789b9299a2794c398ab9fd72c5fa	BAYES_00	SPF_SOFTFAIL
xval_initial/9/_ham_/2235.2c1ba5a3c31ceaf711a04c69a5ee5647	ALL_TRUSTED	BAYES_00	DNS_FROM_RFC_DSN
xval_initial/9/_ham_/0729.70d1cec4f8f949fc7ef64fc3ed85f950	BAYES_00	RDNS_NONE
xval_initial/9/_ham_/00521.900f67b5696388c58966c58e3aaaf90c	BAYES_00	RDNS_NONE
xval_initial/9/_ham_/01432.398dffdbd1e29fb5b5af86bc1f939f64	ALL_TRUSTED	BAYES_00	HK_RANDOM_ENVFROM
xval_initial/9/_ham_/02500.05b3496ce7bca306bed0805425ec8621	BAYES_00	RCVD_IN_DNSWL_LOW	SPF_SOFTFAIL
xval_initial/9/_ham_/01228.8d68492f313838ba1c667c04e0886f86	BAYES_00	SPF_HELO_FAIL
xval_initial/9/_ham_/2291.3560a8bef18a21ce572bab2c364571d7	ALL_TRUSTED	BAYES_00	DNS_FROM_RFC_DSN
xval_initial/9/_ham_/0594.30616a68b04f216bcea0ad52073c0df4	BAYES_00	FREEMAIL_FROM	RCVD_IN_NJABL_PROXY	RDNS_NONE
xval_initial/9/_ham_/01444.e1ba7ba95203d116703a10056396a037	BAYES_00	MSOE_MID_WRONG_CASE
xval_initial/9/_ham_/00601.2f32c4ddbfc8c2c0c147ece6f7346de1	BAYES_00
xval_initial/9/_ham_/02352.7e2d173161b2e106f6ebf8bdce836b82	ALL_TRUSTED	BAYES_00
xval_initial/9/_ham_/00755.6ca22fe516192bac1845392406ff918d	BAYES_00	RDNS_NONE
xval_initial/9/_ham_/00030.cc523265aefc37ee6ce3015d8ff6aa24	BAYES_00	RCVD_IN_DNSWL_LOW
xval_initial/9/_ham_/02103.965d43603c70557c5b97202ad556ab1e	ALL_TRUSTED	BAYES_00
xval_initial/9/_ham_/01083.68ca1eec938ec95c00e6fcd3ed282dd3	BAYES_00
xval_initial/9/_ham_/01218.f246a52bdba8c97ff7356a853caacbbd	BAYES_00	SPF_HELO_FAIL
xval_initial/9/_ham_/00429.a07d4061101c1879dc26873f7d52aed8	BAYES_00	RCVD_IN_DNSWL_LOW	SPF_SOFTFAIL
xval_initial/9/_ham_/1448.deb1e7a1f52da85e25ff1462d4f87089	BAYES_00
xval_initial/9/_ham_/00569.76b6e6837716e2abd44bd173abeca99b	BAYES_00	HTML_MESSAGE	MSOE_MID_WRONG_CASE
xval_initial/9/_ham_/01350.089851ea485ec58d231d53908231de85	BAYES_00
xval_initial/9/_ham_/01268.280863c5d13405da77887dc3bbdb3071	BAYES_00	SPF_HELO_FAIL
xval_initial/9/_ham_/0088.43fa07c598e8b3d272a1a00705398e48	BAYES_00
xval_initial/9/_ham_/0183.d354a2c8435e0bf4fa6ba98a1a46ed35	BAYES_00	DATE_IN_PAST_12_24
xval_initial/9/_ham_/1808.54f25b5c3ce8b81c56da0ef6693c5ffb	BAYES_00	FREEMAIL_FROM	MISSING_HEADERS	NO_RECEIVED	NO_RELAYS
xval_initial/9/_ham_/00131.0884e29887b7378ca04f4defe0a069e0	BAYES_00
xval_initial/9/_ham_/01334.92ce4582a1572c01c53020632a26dfd6	BAYES_00
xval_initial/9/_ham_/00489.6da145a3fb2e350f6e3613b4c5e6cc74	BAYES_00	DNS_FROM_RFC_DSN
xval_initial/9/_ham_/00046.add5074396ecada0869e4d3d547ff7f8	BAYES_00	RCVD_IN_DNSWL_LOW	SPF_SOFTFAIL
xval_initial/9/_ham_/0002.2fe846db6e3249836abdbfcae459bf2a	BAYES_00	FROM_LOCAL_NOVOWEL	HTML_FONT_FACE_BAD	HTML_MESSAGE	MIME_HTML_ONLY	SPF_FAIL	T_LOTS_OF_MONEY
xval_initial/9/_ham_/00192.9ab41d05f7b9bad7f7eccf7d393293dc	BAYES_00	FREEMAIL_FROM	RDNS_NONE
xval_initial/9/_ham_/0274.62155dd02f8719d2cfd0f76671549737	BAYES_00
xval_initial/9/_ham_/01020.5476f3169409fc3128ed353f765869a6	BAYES_00
xval_initial/9/_ham_/1350.e386afc23b51f446e2f6779c1ade0a68	BAYES_00	SPF_HELO_FAIL
xval_initial/9/_ham_/00118.fec4bead22e8bbaebd24ee2de8d6397f	BAYES_00	RCVD_IN_DNSWL_LOW	SPF_SOFTFAIL
xval_initial/9/_ham_/00279.260f32f061185e16ff3f66d31d0ecbfb	BAYES_00	FREEMAIL_FROM	MSOE_MID_WRONG_CASE	SPF_SOFTFAIL
xval_initial/9/_ham_/1911.bcd8913fc0feb8f2a32f80d1498d3718	BAYES_00
xval_initial/9/_ham_/2106.dce3a5c38eb0d3ad8ef8a2e559cfd0fb	ALL_TRUSTED	BAYES_00	DNS_FROM_RFC_DSN	URIBL_SBL
xval_initial/9/_ham_/00658.b990e54a957ef200aa8d668dff83e83c	BAYES_00	RDNS_NONE
xval_initial/9/_ham_/01861.b9f301b256385d122143d7de7ecc711e	ALL_TRUSTED	BAYES_00
xval_initial/9/_ham_/1109.50269c75e11405ffa85a38881a36e166	BAYES_00	DNS_FROM_RFC_DSN
xval_initial/9/_ham_/0216.3aa0f2e88ef357632bc485b6bb2b3121	BAYES_00	NO_DNS_FOR_FROM	SPF_FAIL
xval_initial/9/_ham_/0138.5bc0323b8aa075bd1e99610b50aa1150	BAYES_00	RCVD_IN_DNSWL_LOW	SPF_SOFTFAIL
xval_initial/9/_ham_/0701.d1b59654f45ee3ccfcc3c6fe257daaf8	BAYES_00	RDNS_NONE
xval_initial/9/_ham_/01811.e6ab34fdde98dbbb9beabd7cd99028d7	BAYES_00
xval_initial/9/_ham_/0126.d002ec3f8a9aff31258bf03d62abdafa	BAYES_00	DATE_IN_PAST_03_06	HS_INDEX_PARAM	HTML_MESSAGE	LOW_PRICE	MIME_HTML_ONLY	NO_DNS_FOR_FROM
xval_initial/9/_ham_/01953.68702f882d7ae19147b1e20ae27fe192	ALL_TRUSTED	BAYES_00
xval_initial/9/_ham_/1060.f4a2a100431a65ef190bfdeae5a044b2	BAYES_00	DNS_FROM_RFC_DSN
xval_initial/9/_ham_/00225.95a159ed59772e97b38119d58b57b059	BAYES_00	RCVD_IN_DNSWL_LOW	SPF_SOFTFAIL
xval_initial/9/_ham_/00855.8e0647984e6592b6400021a5b87ee133	BAYES_00	RDNS_NONE
xval_initial/9/_ham_/00908.0be94e6d9ef62596e0dd488fc4d98b8f	BAYES_00	RDNS_NONE
xval_initial/9/_ham_/00735.cc6d7c2f483b7368337750b02ce1f9a6	BAYES_00
xval_initial/9/_ham_/00696.767a9ee8575785978ea5174d3ad3ee26	BAYES_00	FREEMAIL_FROM	MSOE_MID_WRONG_CASE	RDNS_NONE	T_LOTS_OF_MONEY
xval_initial/9/_ham_/00901.dd49a05f9b0b28396c8a91b5b2fb0e2a	BAYES_00	RDNS_NONE
xval_initial/9/_ham_/01238.4afe1f2e401797fca7e61add494054b8	BAYES_00	SPF_HELO_FAIL
xval_initial/9/_ham_/1916.de9bd1f5764cf1615cfdfa0d7ecffeb1	BAYES_00	SPF_HELO_SOFTFAIL	SPF_SOFTFAIL
xval_initial/9/_ham_/01269.4b518a53f76da3fd4d469c5e2e557340	BAYES_00	SPF_HELO_FAIL
xval_initial/9/_ham_/1134.cd5158f0c8d2078b13d01514414e3e74	BAYES_00	FREEMAIL_FROM	SPF_HELO_FAIL
xval_initial/9/_ham_/0562.7dea96e851b897ea041ea242a9d3c119	BAYES_00	FREEMAIL_FROM	RDNS_NONE
xval_initial/9/_ham_/1642.c4eea2387cc6850b5e1cb84529535f8b	BAYES_00
xval_initial/9/_ham_/01032.45c15f19b17814767f5e4e50e722e79d	BAYES_00	SPF_HELO_FAIL
xval_initial/9/_ham_/00386.d929d7bb175845f6eaa3549dedd8a1e6	BAYES_00
xval_initial/9/_ham_/00914.a24840d53c5f49a00e66fa4425e4626d	BAYES_00	DATE_IN_PAST_06_12	RDNS_NONE
xval_initial/9/_ham_/02211.06ce65e84569f2a40763e9c9ac2ee6cc	ALL_TRUSTED	BAYES_00
xval_initial/9/_ham_/00066.d672dd2baf15f9098ec6f206f6c524ff	BAYES_00	RCVD_IN_DNSWL_LOW	SPF_SOFTFAIL
xval_initial/9/_ham_/00904.42d2e7951496bc3b1ee4b67185ce2746	BAYES_00	RDNS_NONE
xval_initial/9/_ham_/1847.add31f8a35fa0fd63e70eacd58c82a44	BAYES_00	FREEMAIL_FROM	MISSING_HEADERS	NO_RECEIVED	NO_RELAYS
xval_initial/9/_ham_/0091.3bdd7b578973ee005733480a8b6c9b54	BAYES_00
xval_initial/9/_ham_/01850.f789b0fdb4ed4a2407565f9525815222	ALL_TRUSTED	BAYES_00
xval_initial/9/_ham_/1249.0ce204b14c6f28907f57045f57ecdfbe	BAYES_00	DNS_FROM_RFC_DSN
xval_initial/9/_ham_/02346.2fb10027326d7f45655131a42b2fac69	ALL_TRUSTED	BAYES_00
xval_initial/9/_ham_/1265.44012a15af306a59078f2873b92a855f	BAYES_00	DNS_FROM_RFC_DSN
xval_initial/9/_ham_/00892.9dc7dadb7e1258d9d1256673f2ae741c	BAYES_00	RDNS_NONE
xval_initial/9/_ham_/0313.6668b975a285edaaecc0aac3b36d3fa8	BAYES_00	RDNS_NONE
xval_initial/9/_ham_/0983.c68392ce03bc95afaf1ef76360ee0a88	BAYES_00	RDNS_NONE
xval_initial/9/_ham_/01776.a24065765090b85ec4ddf2959d995685	BAYES_00
xval_initial/9/_ham_/0275.42292c1f2e4d6db665ed49a551960b3b	BAYES_00
xval_initial/9/_ham_/2296.9d1646355d75f4b2dcdd497200c8544c	ALL_TRUSTED	BAYES_00	DNS_FROM_RFC_DSN
xval_initial/9/_ham_/0045.910fa2e79f96c646f1b6c987c65cbe3f	BAYES_00	RDNS_NONE
xval_initial/9/_ham_/0401.9ab0bcc81e70d6930acfefc2854a0172	BAYES_00	FREEMAIL_FROM	RDNS_NONE
xval_initial/9/_ham_/02447.5ecaa423bfa4ab050e5b9a0a34f6191f	BAYES_00	T_LOTS_OF_MONEY
xval_initial/9/_ham_/0518.def6dfc3c2204dda12270b0ca97f0fc5	BAYES_00	DATE_IN_PAST_06_12
xval_initial/9/_ham_/1409.9c1ef3088d2c1f8b9d458f0d516ce435	BAYES_00
xval_initial/9/_ham_/0119.98b90763eec7b4e91c06939eea2d2361	BAYES_00	RCVD_IN_DNSWL_LOW	SPF_SOFTFAIL
xval_initial/9/_ham_/00190.df7dad2aae44ed8fda1db31c0b65534d	BAYES_00	HTTP_ESCAPED_HOST
xval_initial/9/_ham_/01318.193fb7308fee59bb4aa70cc72191b0b1	BAYES_00	HTML_MESSAGE	MIME_HTML_ONLY	RCVD_NUMERIC_HELO	RDNS_NONE
xval_initial/9/_ham_/1649.00d75963b0db438a7f492b59a5395fc0	BAYES_00
xval_initial/9/_ham_/2127.215dcd2e641c5baa6ea7d056ebd3461d	ALL_TRUSTED	BAYES_00	DNS_FROM_RFC_DSN
xval_initial/9/_ham_/00734.e37922bdfd9e3246c18322e4b07a4b23	BAYES_00	RDNS_NONE
xval_initial/9/_ham_/00967.e95bd7ad9ef796e4b8f762d898bfc690	BAYES_00
xval_initial/9/_ham_/01543.044ee0da6eaa44adbadc131be0bcb2d2	BAYES_00
xval_initial/9/_ham_/00432.039993123f40c5865c1a9831b3e32297	BAYES_00	FREEMAIL_FROM	MSOE_MID_WRONG_CASE	RDNS_NONE
xval_initial/9/_ham_/2475.8572d77868481d0fe409eedd8fa6d443	ALL_TRUSTED	BAYES_00	DNS_FROM_RFC_DSN
xval_initial/9/_ham_/1218.190735ca00def4ad757ea5786115f832	BAYES_00	DNS_FROM_RFC_DSN
xval_initial/9/_ham_/01592.2b5d8fc350354b303b6baf2d27f531df	BAYES_00
xval_initial/9/_ham_/00182.8e6541320c6c08e0a899455a0a21f91c	BAYES_00
xval_initial/9/_ham_/01788.13a01b91868ffe1729e48559df46e978	BAYES_00
xval_initial/9/_ham_/2184.a85600551a54fe5470c755feb9062027	ALL_TRUSTED	BAYES_00	DNS_FROM_RFC_DSN
xval_initial/9/_ham_/2024.095702af0ac6e07d7dd2027da62b800c	ALL_TRUSTED	BAYES_00	DNS_FROM_RFC_DSN
xval_initial/9/_ham_/00334.c7dd12784ce69de4bb49147cce037d76	BAYES_00	RDNS_NONE
xval_initial/9/_ham_/01031.58993bacb186b32660aae3fc69890840	BAYES_00
xval_initial/9/_ham_/01189.cca889df55c39eb86b57501a014c3e59	BAYES_00	SPF_HELO_FAIL
xval_initial/9/_ham_/0829.8d4c26619530e36bfb855f5afb08876c	BAYES_00	RDNS_NONE
xval_initial/9/_ham_/00169.251360b0bc97db8a080cc122ce0428fe	BAYES_50	FREEMAIL_FROM	HTML_FONT_FACE_BAD	HTML_MESSAGE	RCVD_IN_DNSWL_NONE
xval_initial/9/_ham_/01522.399f9b55d65180631a94a13de6048244	BAYES_00
xval_initial/9/_ham_/00556.eea9a26e128c1b4b676b4180adbd547a	BAYES_00	RDNS_NONE
xval_initial/9/_ham_/0033.e3fd617544226dc06abf36c95a9a2d11	BAYES_00	FREEMAIL_FROM
xval_initial/9/_ham_/00012.48a387bc38d1316a6f6b49e8c2e43a03	BAYES_00
xval_initial/9/_ham_/00795.544a6cb2049f00c48090fe11ef8ca566	BAYES_00	MISSING_HEADERS	RDNS_NONE
xval_initial/9/_ham_/0117.fbc79c02a2c13d6c9b36f9ba38a09170	BAYES_00	RCVD_IN_DNSWL_LOW	SPF_SOFTFAIL
xval_initial/9/_ham_/02223.ceda95b7f82b5015e11a6eedcb50378b	ALL_TRUSTED	BAYES_00
xval_initial/9/_ham_/2147.45f983522c770a6d369e6a992bdc2329	ALL_TRUSTED	BAYES_00	DNS_FROM_RFC_DSN
xval_initial/9/_ham_/00025.c27f4dd57c84c01305bd30bdee96810b	BAYES_00	HTML_FONT_FACE_BAD	HTML_MESSAGE	HTML_TAG_BALANCE_BODY	LOW_PRICE	MIME_HTML_ONLY	SPF_FAIL
xval_initial/9/_ham_/0067.e68ea49deda9195d0ed5a76fead4ed10	BAYES_00	HTML_FONT_FACE_BAD	HTML_MESSAGE	MIME_HTML_ONLY	SPF_FAIL
xval_initial/9/_ham_/2082.a64b76ffad320677e6f8143c56205455	ALL_TRUSTED	BAYES_00	DNS_FROM_RFC_DSN
xval_initial/9/_ham_/00033.2ceb520d2c6500ccf24357f2ebdce618	BAYES_00
xval_initial/9/_ham_/00123.3921de802520cfe7a5b3e0777aa4affc	BAYES_00	RCVD_IN_DNSWL_LOW	SPF_SOFTFAIL
xval_initial/9/_ham_/1119.ce22f4a2ffbc03cd2625cb10ba561058	BAYES_00	SPF_HELO_FAIL
xval_initial/9/_ham_/01497.7bd463ca8ed96d9d4e12ed6a3958008c	BAYES_00
xval_initial/9/_ham_/0231.1bc071b16de2cc1e2adab334be65f7c6	BAYES_00	NORMAL_HTTP_TO_IP	SPF_SOFTFAIL
xval_initial/9/_ham_/01955.9a79544ac8b1f704edf3a5279199a2b4	ALL_TRUSTED	BAYES_00	URI_HEX
xval_initial/9/_ham_/02247.3e6230c66e51a61da5401d91d914f466	ALL_TRUSTED	BAYES_00
xval_initial/9/_ham_/0242.cc7e33f6fb35ec73315649e151d66111	BAYES_00	ENV_AND_HDR_SPF_MATCH	HTML_MESSAGE	SPF_PASS	T_LOTS_OF_MONEY	URI_HEX	USER_IN_DEF_SPF_WL
xval_initial/9/_ham_/1697.d4f2eb98768cbc4c3600f6ca68e7ef03	BAYES_00
xval_initial/9/_ham_/1983.d260d5a28ff1ef0d9c81e1a509d6d99f	ALL_TRUSTED	BAYES_00	DNS_FROM_RFC_DSN	URG_BIZ
xval_initial/9/_ham_/1588.61ee71063f18d59f7c0326aa48ebec99	BAYES_00	MSOE_MID_WRONG_CASE	NO_DNS_FOR_FROM	RCVD_IN_PBL	RCVD_IN_RP_RNBL	RCVD_IN_SORBS_DUL	RDNS_DYNAMIC
xval_initial/9/_ham_/1667.aa251c5e7789a550ed91cdacb0d58649	BAYES_00
xval_initial/9/_ham_/00985.e20b9f4f171d907fb8d8439584fe03b1	BAYES_00
xval_initial/9/_ham_/00042.801b0da4bd900fe0d77fa80f8a0287da	BAYES_00	RCVD_IN_DNSWL_LOW	SPF_SOFTFAIL
xval_initial/9/_ham_/0405.ef8e0986c113ddf12faa7c1a05ace625	BAYES_00	FREEMAIL_FROM	RDNS_NONE
xval_initial/9/_ham_/1534.9422e1b77d4239d246fc1d8a79d62d07	BAYES_00
xval_initial/9/_ham_/02412.23b29d8b8bea2c522888d2344a6b971b	ALL_TRUSTED	BAYES_00
xval_initial/9/_ham_/00106.5c4519d12bf9435ebbc0c648836b21b1	BAYES_00	DATE_IN_PAST_06_12	SPF_SOFTFAIL
xval_initial/9/_ham_/00378.46432f84e1aab28c26cf1bc5aa2d36bc	BAYES_00	RDNS_NONE
xval_initial/9/_ham_/2532.8b61e23f6e94d8b2303554395d0374e5	ALL_TRUSTED	BAYES_00	DNS_FROM_RFC_DSN
xval_initial/9/_ham_/0199.4596bad9aa0a3cba6d7c678253725f5e	BAYES_00
xval_initial/9/_ham_/1367.924aa29f6473628504527f28ec2fcf3b	BAYES_00	SPF_HELO_FAIL
xval_initial/9/_ham_/01052.15a1e32baa8fb172ca169cf8481897ff	BAYES_00	FREEMAIL_FROM	SPF_HELO_FAIL
xval_initial/9/_ham_/00980.25d1a7353cfdeacadb24beac726cb9aa	BAYES_00	RDNS_NONE
xval_initial/9/_ham_/01166.04090ab40cda3e4e022e2295c8144374	BAYES_00	SPF_HELO_FAIL
xval_initial/9/_ham_/02188.3a31f5febb420d22b9ee986c4994591d	ALL_TRUSTED	BAYES_00
xval_initial/9/_ham_/1082.9739a457291bc5f545b370052a6da3c8	BAYES_00	DNS_FROM_RFC_DSN
xval_initial/9/_ham_/01015.8a6eaecc5bc6782f0f60bc0cafd412d9	BAYES_00
xval_initial/9/_ham_/00655.cf1f1255898932a567c5f7c39faab3b9	BAYES_00	RDNS_NONE
xval_initial/9/_ham_/1149.68dbf497c1a8748757b6acc50fb74ed0	BAYES_00
xval_initial/9/_ham_/01093.9b63a792935a6863a12556dd429bde7b	BAYES_00	RDNS_NONE
xval_initial/9/_ham_/2530.31d1d0691296d715441ab4e2890d3780	ALL_TRUSTED	BAYES_00	DNS_FROM_RFC_DSN
xval_initial/9/_ham_/0094.b3c07fb6511124bee5482743dbb9b2a1	BAYES_00	HTML_MESSAGE	MIME_HTML_ONLY	SPF_FAIL	T_LOTS_OF_MONEY
xval_initial/9/_ham_/01211.6f83def18349bc93808cbd6b0642b173	BAYES_00	SPF_HELO_FAIL
xval_initial/9/_ham_/1345.df3d6d8a5d9e6bba6484fbef2dae9102	BAYES_00	SPF_HELO_FAIL
xval_initial/9/_ham_/0181.d16658bb110eb37495081efa07319db1	ALL_TRUSTED	BAYES_00	DNS_FROM_RFC_DSN
xval_initial/9/_ham_/0369.7027b551cd8af46e011e2f2c53da03e9	BAYES_00	RDNS_NONE
xval_initial/9/_ham_/0020.ef397cef16f8041242e3b6560e168053	BAYES_00	DNS_FROM_RFC_DSN	RCVD_IN_DNSWL_LOW
xval_initial/9/_ham_/2469.1135462b65bc58a05522e86383b7943c	ALL_TRUSTED	BAYES_00	DNS_FROM_RFC_DSN
xval_initial/9/_ham_/1454.88f9d20d76cccc7f1bde4e4d0794b69d	BAYES_00
xval_initial/9/_ham_/00583.4e1e6bdeb100a418bf58b45be23f1f27	BAYES_00
xval_initial/9/_ham_/01520.2a29e50286ea0bc939e9fb4c9cc13a50	BAYES_00
xval_initial/9/_ham_/00063.530734e4a37f26942ba8df3208912783	BAYES_00	RCVD_IN_DNSWL_LOW	SPF_SOFTFAIL
xval_initial/9/_ham_/01230.9b29026ab85c0a0bfdba617de748c186	BAYES_00	SPF_HELO_FAIL
xval_initial/9/_ham_/0291.b37f92cfbb14d2f6a43c705ef7381702	BAYES_00
xval_initial/9/_ham_/0787.38cb6e76b84f342ff95c30c099848cd9	BAYES_00	RDNS_NONE
xval_initial/9/_ham_/00683.7d0233053c9421fe2bf29e23a4aa5b18	BAYES_00	RDNS_NONE
xval_initial/9/_ham_/01332.04432fe71e50fbd52f3d8811c1704df6	BAYES_00
xval_initial/9/_ham_/00071.feb4bca3576707de8f2e8a3c5d22f106	BAYES_00	RCVD_IN_DNSWL_LOW	SPF_SOFTFAIL
xval_initial/9/_ham_/00592.9608ca87c212f35feae1ebde5567c0e2	BAYES_00	RDNS_NONE
xval_initial/9/_ham_/00002.5a587ae61666c5aa097c8e866aedcc59	BAYES_00
xval_initial/9/_ham_/01328.d0911b225327299d50bc7c7f2284afdf	BAYES_00
xval_initial/9/_ham_/00029.56d4310a82386b76b9e771523d571e67	BAYES_00	RDNS_NONE
xval_initial/9/_ham_/2461.20f3b1b3e7e2bd1bd6a016f9f09374d3	ALL_TRUSTED	BAYES_00	DNS_FROM_RFC_DSN	T_LOTS_OF_MONEY
xval_initial/9/_ham_/01278.9db3c9972ed9e4e526010fff5d8e690f	BAYES_00	MISSING_SUBJECT	NO_RELAYS	TVD_SPACE_RATIO
xval_initial/9/_ham_/00483.0ce5057dc155d6a6aca6c917b4eb0793	BAYES_00	FREEMAIL_FROM	RCVD_IN_NJABL_PROXY	RDNS_NONE
xval_initial/9/_ham_/1930.0965a4aa5ecfe3ab06526520f7eae63a	ALL_TRUSTED	BAYES_00	DNS_FROM_RFC_DSN
xval_initial/9/_ham_/0030.77828e31de08ebb58b583688b87524cc	BAYES_00	DNS_FROM_RFC_DSN
xval_initial/9/_ham_/01132.53cd6a1e37720d9b6614f0384222d443	BAYES_00	DATE_IN_FUTURE_03_06
xval_initial/9/_ham_/0576.f32636c8fb4d4f4fde3c891f9fdee39c	BAYES_00	RDNS_NONE
xval_initial/9/_ham_/0075.b233a905fb7f4cc8f9f878aeb9f7b36d	BAYES_00	SPF_FAIL	SPF_HELO_FAIL
xval_initial/9/_ham_/0147.16b764c5bd3e419cc5b6d0145b2d8145	BAYES_00	MSOE_MID_WRONG_CASE
xval_initial/9/_ham_/0988.0743b9293ec2636dbc6065acd9b646fb	BAYES_00	RDNS_NONE
xval_initial/9/_ham_/01263.40cec40ea12c55f2ac9a98dc07c55d1c	BAYES_00	SPF_HELO_FAIL
xval_initial/9/_ham_/00763.56048764a923575d091a576a35803947	BAYES_00	RDNS_NONE	SUBJ_ALL_CAPS
xval_initial/9/_ham_/00778.872cb9fec7cf22289b5729b680f7765e	BAYES_00	FREEMAIL_FROM	RDNS_NONE
xval_initial/9/_ham_/00990.3a91d53e9908fc65cf31a6c57e2a844d	BAYES_00	FREEMAIL_FROM	RDNS_NONE
xval_initial/9/_ham_/01217.ca4f6cab0653e40829f209aefb242ae0	BAYES_00	SPF_HELO_FAIL
xval_initial/9/_ham_/0184.290d2aac65ac6b71689d7f223f1bb5fd	BAYES_00	DATE_IN_PAST_24_48	T_LOTS_OF_MONEY
xval_initial/9/_ham_/00193.61ef7d079ac232c98ef0ac400cf668a1	BAYES_00	FREEMAIL_FROM	RCVD_IN_DNSWL_LOW	SPF_SOFTFAIL
xval_initial/9/_ham_/2324.65b1fb56947693e7618b40f57c49c61b	ALL_TRUSTED	BAYES_00	DNS_FROM_RFC_DSN	SUBJECT_NEEDS_ENCODING	T_LOTS_OF_MONEY
xval_initial/9/_ham_/00356.b9181a622935ef7869af85616a8cceab	BAYES_00	RCVD_IN_DNSWL_LOW	SPF_SOFTFAIL
xval_initial/9/_ham_/0435.7d06c898a16be4efbfbdef62c347ab59	BAYES_00	RDNS_NONE
xval_initial/9/_ham_/0181.4750eb0bfa983cb33844255f8f6a2094	BAYES_00	DATE_IN_PAST_03_06	HK_NAME_DRUGS	HS_INDEX_PARAM	HTML_MESSAGE	LOW_PRICE	MIME_HTML_ONLY	NO_DNS_FOR_FROM	T_FILL_THIS_FORM_SHORT
xval_initial/9/_ham_/00167.ae9235b61c9e2fb740bfe4b0b3d703da	BAYES_00	URIBL_SBL
xval_initial/9/_ham_/0955.aeb04c1ac6bb728a6561da1da8b73995	BAYES_00	RDNS_NONE
xval_initial/9/_ham_/00017.08ef2d89f14cf7e2a458b80697eb1837	BAYES_00
xval_initial/9/_ham_/00707.72dce8440a545f840d53765a11adce4f	BAYES_00	RDNS_NONE
xval_initial/9/_ham_/0567.41bb1a0c6c8c5584844c6baa2612ede2	BAYES_00	RCVD_IN_NJABL_PROXY	RDNS_NONE
xval_initial/9/_ham_/01411.f65bc59a6c6b8a80794b04e271148b39	BAYES_00	FREEMAIL_FROM	SPF_SOFTFAIL
xval_initial/9/_ham_/00572.de050685895059e75d0a472c6b203376	BAYES_00
xval_initial/9/_ham_/01901.b9c2a64e9531ae9f0f6aedbb42b7c1fb	ALL_TRUSTED	BAYES_00
xval_initial/9/_ham_/00210.a85c0673394ffce41e84cbd558ade870	BAYES_00	RCVD_IN_DNSWL_LOW	SPF_SOFTFAIL
xval_initial/9/_ham_/01748.69dcabe5a5fe6ffc5e20522e4c5477e4	BAYES_00	FREEMAIL_FROM	MISSING_HEADERS	NO_RECEIVED	NO_RELAYS
xval_initial/9/_ham_/00196.8f7b9e0c0114f5fde680158804bc2f9a	BAYES_00	RCVD_IN_DNSWL_LOW	SPF_SOFTFAIL
xval_initial/9/_ham_/0080.e44805299d6fa2525a63dbd61b46ca12	BAYES_00	HTML_FONT_FACE_BAD	HTML_MESSAGE	MIME_HTML_ONLY	SPF_FAIL
xval_initial/9/_ham_/1138.f044795ad01dc8592e1571539f800719	BAYES_00	SPF_HELO_FAIL
xval_initial/9/_ham_/1423.e988ffdfe0c87956e90f32a59aea6d9e	BAYES_00
xval_initial/9/_ham_/0399.20be4fa82cc4b6342cf49fc6606c492e	BAYES_00	FAKE_REPLY_C	RDNS_NONE
xval_initial/9/_ham_/01354.8a0699778c705d4f2fbc6f611c11bd05	BAYES_00
xval_initial/9/_ham_/01696.70dc9da58ada190c2c66f34986636594	BAYES_00	FREEMAIL_FROM	MISSING_HEADERS	NO_RECEIVED	NO_RELAYS
xval_initial/9/_ham_/01398.71acfbb0cfc859e20438e06955e66d27	BAYES_00
xval_initial/9/_ham_/02077.b414e742b034b2ac1a59abf3c64b4c18	ALL_TRUSTED	BAYES_00
xval_initial/9/_ham_/0572.ff4614fcac266492c9c3c1a9432cbe89	BAYES_00	RDNS_NONE
xval_initial/9/_ham_/1453.1089ed990307329cb4527b6835b2259c	BAYES_00
xval_initial/9/_ham_/01767.6311d2facfb91a58256337892138dd6e	BAYES_00	SPF_HELO_SOFTFAIL	SPF_SOFTFAIL
xval_initial/9/_ham_/01620.444bae1904c633c8de3f890cf9e5a5b3	BAYES_00	SPF_FAIL
xval_initial/9/_ham_/1640.8be9ccf87265637007623bd28edffcb0	BAYES_00
xval_initial/9/_ham_/1671.a2d7c7639df071620b481223ecab75c2	BAYES_00
xval_initial/9/_ham_/2294.2611a5cba9ad4cec5dc2a5c749c6238f	ALL_TRUSTED	BAYES_00	DNS_FROM_RFC_DSN
xval_initial/9/_ham_/01296.16fcf1ce6a407c71b1ea5ef04ded98f9	BAYES_00
xval_initial/9/_ham_/2439.c8c3aa25791710ac30aaaa49cb276f12	ALL_TRUSTED	BAYES_00	DNS_FROM_RFC_DSN
xval_initial/9/_ham_/02480.72714df60c9be29d6f7985c777cbfc13	BAYES_00	RCVD_IN_DNSWL_HI	SPF_SOFTFAIL
xval_initial/9/_ham_/01684.94ca5ccaec9be05c252bf32961a86a3d	BAYES_00	MISSING_HEADERS	NO_RECEIVED	NO_RELAYS
xval_initial/9/_ham_/00706.8572fad402b05b1931dfef0b5ec7ff48	BAYES_00	FREEMAIL_FROM
xval_initial/9/_ham_/0541.ab739b149f085a5830ec76c633db2850	BAYES_00	RDNS_NONE
xval_initial/9/_ham_/02322.302cf0b8480d647482d266ecca5497b4	ALL_TRUSTED	BAYES_00
xval_initial/9/_ham_/0795.6f8b4da0f06a9c055fc527562fe92330	BAYES_00	RDNS_NONE
xval_initial/9/_ham_/1509.dd0b9717ec7e25f4adb5a5aefa204ba1	BAYES_00	MISSING_HEADERS	NO_RECEIVED	NO_RELAYS
xval_initial/9/_ham_/00578.8c710aa944374d631b9969a806e32a30	BAYES_00	FREEMAIL_FROM	HTML_MESSAGE	RDNS_NONE
xval_initial/9/_ham_/01507.e06cf7fcfb3a512f43c827529c19a9e6	BAYES_00
xval_initial/9/_ham_/0233.cecc5d590b4439a306e218b773adac08	BAYES_00	HTML_MESSAGE	MIME_HTML_ONLY	NO_DNS_FOR_FROM
xval_initial/9/_ham_/01476.63631b2e613c4c2cafa59a581e2f620b	BAYES_00
xval_initial/9/_ham_/00340.22ecbee41fb4da91afa69f932cb27443	BAYES_00	RCVD_IN_DNSWL_LOW
xval_initial/9/_ham_/2328.da7bcb9a3752151e475ed0b137f3e863	ALL_TRUSTED	BAYES_00	DNS_FROM_RFC_DSN
xval_initial/9/_ham_/01079.09c849f3b4f261cc7efdb659c9908340	BAYES_00	RDNS_NONE
xval_initial/9/_ham_/01138.01c3f9c51755c5c8e2dca29bed384009	BAYES_00
xval_initial/9/_ham_/2488.8e2706d02807ec4fe59ebf7aaf77a1e7	ALL_TRUSTED	BAYES_00	DNS_FROM_RFC_DSN
xval_initial/9/_ham_/0909.6e3ac55814e0630adcbe7e91f131e18c	BAYES_00	RDNS_NONE
xval_initial/9/_ham_/02093.469eb0b68209dad7e394d169f24f52d5	ALL_TRUSTED	BAYES_00
xval_initial/9/_ham_/0543.5070e5e197736112782da156d46f6357	BAYES_00	FREEMAIL_FROM	RDNS_NONE
xval_initial/9/_ham_/0646.5b8ef44185fab30abb58d0f440885d00	BAYES_00	RDNS_NONE
xval_initial/9/_ham_/00040.eec48d76fbc04e9b98c3de0f59af97ac	BAYES_00	RDNS_NONE
xval_initial/9/_ham_/1920.3a0ab24e273f9a6f48d2168575425fcd	BAYES_00
xval_initial/9/_ham_/1914.d2230228f70b1889cc9e23ac921bb969	BAYES_00
xval_initial/9/_ham_/0400.bc26e5bca8b09db7b496d47715baacad	BAYES_00	FREEMAIL_FROM	FREEMAIL_REPLYTO_END_DIGIT	MSOE_MID_WRONG_CASE	RDNS_NONE
xval_initial/9/_ham_/01596.fa947ffc2560132f53cc7c0bbf39b584	BAYES_00
xval_initial/9/_ham_/1277.3b713b4f04b00064858517857347bcba	BAYES_00	SPF_HELO_FAIL
xval_initial/9/_ham_/01790.b34e1f2eb1469c7eca5e14f49bdb1956	BAYES_00
xval_initial/9/_ham_/00418.93eb266673b3731d82ce305ce6f9aef4	BAYES_00	RDNS_NONE
xval_initial/9/_ham_/00255.10e322e983fa6a8357a4038e832e64a5	BAYES_00	RCVD_IN_DNSWL_LOW	SPF_SOFTFAIL
xval_initial/9/_ham_/00622.1d8e9e4c3e8e00a382595b6a2e6954ab	BAYES_00
xval_initial/9/_ham_/00234.12555461ce0bc373baab8daf9280d4ca	BAYES_50	HTML_IMAGE_RATIO_08	HTML_MESSAGE	HTML_TAG_BALANCE_BODY	MPART_ALT_DIFF	RDNS_DYNAMIC	SPF_NEUTRAL
xval_initial/9/_ham_/1194.ee628dd00ae3eea31232d0e78a39c9b2	BAYES_00	SPF_HELO_FAIL
xval_initial/9/_ham_/00501.d49136e1973b2bb467093cc28419b214	BAYES_00	RDNS_NONE
xval_initial/9/_ham_/00229.0870e13cd0b783d3d0b32826fa06bef3	BAYES_00	FH_HOST_EQ_PACBELL_D	FU_COMMON_SUBS2	NORMAL_HTTP_TO_IP	RDNS_DYNAMIC	SPOOF_COM2COM	TO_NO_BRKTS_DYNIP	URIBL_SBL	URI_HEX	WEIRD_PORT
xval_initial/9/_ham_/2506.7acaf086619d33409b90223fe066589a	ALL_TRUSTED	BAYES_00	DNS_FROM_RFC_DSN
xval_initial/9/_ham_/0034.4be53f8dac3bd651ace83a38b6313c45	BAYES_00	DNS_FROM_RFC_DSN	FREEMAIL_FROM
xval_initial/9/_ham_/0836.249730de164ba4999f1ab6ec2d3cb2d1	BAYES_00	RDNS_NONE
xval_initial/9/_ham_/00771.0bb4530c388956332274668ddef8daf6	BAYES_00
xval_initial/9/_ham_/01188.fc8b5d073a903f3de50d4b8e49457b9b	BAYES_00	SPF_HELO_FAIL
xval_initial/9/_ham_/00702.bf064c61d1ba308535d0d8af3bcb1789	BAYES_00	RDNS_NONE
xval_initial/9/_ham_/01324.23a1f5017a5531fca08d9ebe2f5b0537	BAYES_00	HTML_MESSAGE	MSOE_MID_WRONG_CASE	RCVD_NUMERIC_HELO
xval_initial/9/_ham_/00561.3e703cebc65221a731b98dc16d963d94	BAYES_00
xval_initial/9/_ham_/2210.fa8009fc379535ff811863bbf3dcac4f	ALL_TRUSTED	BAYES_00	DNS_FROM_RFC_DSN
xval_initial/9/_ham_/00567.aa0b1a5ccd63ce58ca09389b7dd7a5aa	BAYES_00	RDNS_NONE
xval_initial/9/_ham_/02448.1daa1a47414fb57c4456af88204d029f	BAYES_00	RDNS_NONE
xval_initial/9/_ham_/01161.e8187ae02ef05340873371d3d1c6448b	BAYES_00	SPF_HELO_FAIL
xval_initial/9/_ham_/00773.588b49e12a139c86b8680ce0aa9328a4	BAYES_00
xval_initial/9/_ham_/01113.444c4a1faf97d17bc580aea2905b773b	BAYES_00	SPF_HELO_FAIL
xval_initial/9/_ham_/02120.335e5984c47786e3ebf25a2b2b8df23b	ALL_TRUSTED	BAYES_00
xval_initial/9/_ham_/01754.8fbef0589564bb19c088156227772fb9	BAYES_00	FREEMAIL_FROM	MISSING_HEADERS	NO_RECEIVED	NO_RELAYS
xval_initial/9/_ham_/00978.6ee6ee70e9126bba327faa762d37b3f9	BAYES_00
xval_initial/9/_ham_/01565.c10c0b0e0c9903345e28f9c17fc84400	BAYES_00
xval_initial/9/_ham_/00555.219cc078f109a6eea18c579f143a8cef	BAYES_00
xval_initial/9/_ham_/0899.1f868150b365a5f407f46f908fe879e1	BAYES_00	RDNS_NONE
xval_initial/9/_ham_/00050.74d3103c5691914a530dcae2f656a1f5	BAYES_00
xval_initial/9/_ham_/0215.1ffcedd5f17f05e48d04a0a634154c93	BAYES_00
xval_initial/9/_ham_/01236.80295013ea9517181a3a42ad0d4a7f63	BAYES_00	SPF_HELO_FAIL
xval_initial/9/_ham_/01997.854ac67a4aee0e4c65f0ba7aa8602421	ALL_TRUSTED	BAYES_00
xval_initial/9/_ham_/02307.d9d5e8536e4c12d3571e099f5fec2d07	ALL_TRUSTED	BAYES_00
xval_initial/9/_ham_/1021.3c2dc9fee94649133426006b8ae4ac88	BAYES_00	RDNS_NONE
xval_initial/9/_ham_/1092.8d0dea0481c9364381de6277614ac9bf	BAYES_00	DNS_FROM_RFC_DSN
